Using pre-set license
Built from '2021.3/staging' branch; Version is '2021.3.1f1 (3b70a0754835) revision 3895456'; Using compiler version '192829333'; Build Type 'Release'
OS: 'Windows 10  (10.0.19045) 64bit Professional' Language: 'ko' Physical Memory: 32688 MB
BatchMode: 1, IsHumanControllingUs: 0, StartBugReporterOnCrash: 0, Is64bit: 1, IsPro: 1

COMMAND LINE ARGUMENTS:
C:\Program Files\Unity\Hub\Editor\2021.3.1f1\Editor\Unity.exe
-adb2
-batchMode
-noUpm
-name
AssetImportWorker16
-projectPath
C:/Users/zz525/iMeta2023
-logFile
Logs/AssetImportWorker16.log
-srvPort
12465
Successfully changed project path to: C:/Users/zz525/iMeta2023
C:/Users/zz525/iMeta2023
[UnityMemory] Configuration Parameters - Can be set up in boot.config
    "memorysetup-bucket-allocator-granularity=16"
    "memorysetup-bucket-allocator-bucket-count=8"
    "memorysetup-bucket-allocator-block-size=33554432"
    "memorysetup-bucket-allocator-block-count=8"
    "memorysetup-main-allocator-block-size=16777216"
    "memorysetup-thread-allocator-block-size=16777216"
    "memorysetup-gfx-main-allocator-block-size=16777216"
    "memorysetup-gfx-thread-allocator-block-size=16777216"
    "memorysetup-cache-allocator-block-size=4194304"
    "memorysetup-typetree-allocator-block-size=2097152"
    "memorysetup-profiler-bucket-allocator-granularity=16"
    "memorysetup-profiler-bucket-allocator-bucket-count=8"
    "memorysetup-profiler-bucket-allocator-block-size=33554432"
    "memorysetup-profiler-bucket-allocator-block-count=8"
    "memorysetup-profiler-allocator-block-size=16777216"
    "memorysetup-profiler-editor-allocator-block-size=1048576"
    "memorysetup-temp-allocator-size-main=16777216"
    "memorysetup-job-temp-allocator-block-size=2097152"
    "memorysetup-job-temp-allocator-block-size-background=1048576"
    "memorysetup-job-temp-allocator-reduction-small-platforms=262144"
    "memorysetup-temp-allocator-size-background-worker=32768"
    "memorysetup-temp-allocator-size-job-worker=262144"
    "memorysetup-temp-allocator-size-preload-manager=33554432"
    "memorysetup-temp-allocator-size-nav-mesh-worker=65536"
    "memorysetup-temp-allocator-size-audio-worker=65536"
    "memorysetup-temp-allocator-size-cloud-worker=32768"
    "memorysetup-temp-allocator-size-gi-baking-worker=262144"
    "memorysetup-temp-allocator-size-gfx=262144"
Refreshing native plugins compatible for Editor in 70.54 ms, found 3 plugins.
Preloading 0 native plugins for Editor in 0.00 ms.
Initialize engine version: 2021.3.1f1 (3b70a0754835)
[Subsystems] Discovering subsystems at path C:/Program Files/Unity/Hub/Editor/2021.3.1f1/Editor/Data/Resources/UnitySubsystems
[Subsystems] Discovering subsystems at path C:/Users/zz525/iMeta2023/Assets
GfxDevice: creating device client; threaded=0; jobified=0
Direct3D:
    Version:  Direct3D 11.0 [level 11.1]
    Renderer: NVIDIA GeForce RTX 3090 (ID=0x2204)
    Vendor:   NVIDIA
    VRAM:     24348 MB
    Driver:   31.0.15.1694
Initialize mono
Mono path[0] = 'C:/Program Files/Unity/Hub/Editor/2021.3.1f1/Editor/Data/Managed'
Mono path[1] = 'C:/Program Files/Unity/Hub/Editor/2021.3.1f1/Editor/Data/MonoBleedingEdge/lib/mono/unityjit-win32'
Mono config path = 'C:/Program Files/Unity/Hub/Editor/2021.3.1f1/Editor/Data/MonoBleedingEdge/etc'
Using monoOptions --debugger-agent=transport=dt_socket,embedding=1,server=y,suspend=n,address=127.0.0.1:56028
Begin MonoManager ReloadAssembly
Registering precompiled unity dll's ...
Register platform support module: C:/Program Files/Unity/Hub/Editor/2021.3.1f1/Editor/Data/PlaybackEngines/WebGLSupport/UnityEditor.WebGL.Extensions.dll
Register platform support module: C:/Program Files/Unity/Hub/Editor/2021.3.1f1/Editor/Data/PlaybackEngines/AndroidPlayer/UnityEditor.Android.Extensions.dll
Register platform support module: C:/Program Files/Unity/Hub/Editor/2021.3.1f1/Editor/Data/PlaybackEngines/iOSSupport/UnityEditor.iOS.Extensions.dll
Register platform support module: C:/Program Files/Unity/Hub/Editor/2021.3.1f1/Editor/Data/PlaybackEngines/WindowsStandaloneSupport/UnityEditor.WindowsStandalone.Extensions.dll
Registered in 0.020546 seconds.
Native extension for WindowsStandalone target not found
[usbmuxd] Start listen thread
[usbmuxd] Listen thread started
Native extension for iOS target not found
Native extension for Android target not found
Native extension for WebGL target not found
Refreshing native plugins compatible for Editor in 65.54 ms, found 3 plugins.
Preloading 0 native plugins for Editor in 0.00 ms.
Mono: successfully reloaded assembly
- Completed reload, in  0.648 seconds
Domain Reload Profiling:
	ReloadAssembly (649ms)
		BeginReloadAssembly (85ms)
			ExecutionOrderSort (0ms)
			DisableScriptedObjects (0ms)
			BackupInstance (0ms)
			ReleaseScriptingObjects (0ms)
			CreateAndSetChildDomain (1ms)
		EndReloadAssembly (441ms)
			LoadAssemblies (82ms)
			RebuildTransferFunctionScriptingTraits (0ms)
			SetupTypeCache (100ms)
			ReleaseScriptCaches (0ms)
			RebuildScriptCaches (23ms)
			SetupLoadedEditorAssemblies (267ms)
				LogAssemblyErrors (0ms)
				InitializePlatformSupportModulesInManaged (63ms)
				SetLoadedEditorAssemblies (2ms)
				RefreshPlugins (66ms)
				BeforeProcessingInitializeOnLoad (1ms)
				ProcessInitializeOnLoadAttributes (85ms)
				ProcessInitializeOnLoadMethodAttributes (51ms)
				AfterProcessingInitializeOnLoad (0ms)
				EditorAssembliesLoaded (0ms)
			ExecutionOrderSort2 (0ms)
			AwakeInstancesAfterBackupRestoration (0ms)
Platform modules already initialized, skipping
Registering precompiled user dll's ...
Registered in 0.007763 seconds.
Begin MonoManager ReloadAssembly
Symbol file LoadedFromMemory doesn't match image C:\Users\zz525\iMeta2023\Library\PackageCache\com.unity.visualscripting@1.7.6\Editor\VisualScripting.Core\Dependencies\YamlDotNet\Unity.VisualScripting.YamlDotNet.dll
Symbol file LoadedFromMemory is not a mono symbol file
Symbol file LoadedFromMemory doesn't match image C:\Users\zz525\iMeta2023\Library\PackageCache\com.unity.visualscripting@1.7.6\Editor\VisualScripting.Core\Dependencies\DotNetZip\Unity.VisualScripting.IonicZip.dll
Native extension for WindowsStandalone target not found
Native extension for iOS target not found
Native extension for Android target not found
Native extension for WebGL target not found
Refreshing native plugins compatible for Editor in 0.58 ms, found 3 plugins.
Preloading 0 native plugins for Editor in 0.00 ms.
Mono: successfully reloaded assembly
- Completed reload, in  1.146 seconds
Domain Reload Profiling:
	ReloadAssembly (1147ms)
		BeginReloadAssembly (232ms)
			ExecutionOrderSort (0ms)
			DisableScriptedObjects (5ms)
			BackupInstance (0ms)
			ReleaseScriptingObjects (0ms)
			CreateAndSetChildDomain (128ms)
		EndReloadAssembly (801ms)
			LoadAssemblies (139ms)
			RebuildTransferFunctionScriptingTraits (0ms)
			SetupTypeCache (248ms)
			ReleaseScriptCaches (1ms)
			RebuildScriptCaches (43ms)
			SetupLoadedEditorAssemblies (335ms)
				LogAssemblyErrors (0ms)
				InitializePlatformSupportModulesInManaged (29ms)
				SetLoadedEditorAssemblies (0ms)
				RefreshPlugins (1ms)
				BeforeProcessingInitializeOnLoad (81ms)
				ProcessInitializeOnLoadAttributes (189ms)
				ProcessInitializeOnLoadMethodAttributes (19ms)
				AfterProcessingInitializeOnLoad (16ms)
				EditorAssembliesLoaded (0ms)
			ExecutionOrderSort2 (0ms)
			AwakeInstancesAfterBackupRestoration (19ms)
Platform modules already initialized, skipping
========================================================================
Worker process is ready to serve import requests
Launched and connected shader compiler UnityShaderCompiler.exe after 0.11 seconds
Refreshing native plugins compatible for Editor in 1.12 ms, found 3 plugins.
Preloading 0 native plugins for Editor in 0.00 ms.
Unloading 3248 Unused Serialized files (Serialized files now loaded: 0)
Unloading 25 unused Assets / (0.8 MB). Loaded Objects now: 3716.
Memory consumption went from 118.5 MB to 117.7 MB.
Total: 5.053300 ms (FindLiveObjects: 0.438100 ms CreateObjectMapping: 0.431500 ms MarkObjects: 3.767500 ms  DeleteObjects: 0.414900 ms)

AssetImportParameters requested are different than current active one (requested -> active):
  custom:video-decoder-ogg-theora: a1e56fd34408186e4bbccfd4996cb3dc -> 
  custom:container-muxer-webm: aa71ff27fc2769a1b78a27578f13a17b -> 
  custom:container-demuxer-webm: 4f35f7cbe854078d1ac9338744f61a02 -> 
  custom:video-encoder-webm-vp8: eb34c28f22e8b96e1ab97ce403110664 -> 
  custom:audio-encoder-webm-vorbis: bf7c407c2cedff20999df2af8eb42d56 -> 
  custom:framework-win-MediaFoundation: 216162199b28c13a410421893ffa2e32 -> 
  custom:container-demuxer-ogg: 62fdf1f143b41e24485cea50d1cbac27 -> 
  custom:video-decoder-webm-vp8: 9c59270c3fd7afecdb556c50c9e8de78 -> 
  custom:audio-decoder-ogg-vorbis: bf7c407c2cedff20999df2af8eb42d56 -> 
========================================================================
Received Import Request.
  Time since last request: 366184.038223 seconds.
  path: Assets/Brick Project Studio/Apartment Kit/_Prefabs/Props/Lighting/Lamp_Ceiling_Apt_03.prefab
  artifactKey: Guid(f920163421f537643a94fbbfe25244f9) Importer(815301076,1909f56bfc062723c751e8b465ee728b)
Start importing Assets/Brick Project Studio/Apartment Kit/_Prefabs/Props/Lighting/Lamp_Ceiling_Apt_03.prefab using Guid(f920163421f537643a94fbbfe25244f9) Importer(815301076,1909f56bfc062723c751e8b465ee728b)  -> (artifact id: '2782798a13875c9796d8b2f5e1130caf') in 0.139773 seconds 
========================================================================
Received Import Request.
  Time since last request: 0.000025 seconds.
  path: Assets/Brick Project Studio/Apartment Kit/_Prefabs/Props/Lighting/Lamp_Ceiling_Apt_05.prefab
  artifactKey: Guid(36dee4e097ce701479331df2321c1de3) Importer(815301076,1909f56bfc062723c751e8b465ee728b)
Start importing Assets/Brick Project Studio/Apartment Kit/_Prefabs/Props/Lighting/Lamp_Ceiling_Apt_05.prefab using Guid(36dee4e097ce701479331df2321c1de3) Importer(815301076,1909f56bfc062723c751e8b465ee728b)  -> (artifact id: '3cbf77f7657cb27750cf6a006ab4835d') in 0.042969 seconds 
========================================================================
Received Import Request.
  Time since last request: 0.723567 seconds.
  path: Assets/Brick Project Studio/Apartment Kit/_Prefabs/Props/Misc/MirrorPlate_Filled Variant.prefab
  artifactKey: Guid(c0474be4602986b4f9e6342b6b0817e7) Importer(815301076,1909f56bfc062723c751e8b465ee728b)
Start importing Assets/Brick Project Studio/Apartment Kit/_Prefabs/Props/Misc/MirrorPlate_Filled Variant.prefab using Guid(c0474be4602986b4f9e6342b6b0817e7) Importer(815301076,1909f56bfc062723c751e8b465ee728b)  -> (artifact id: '22e697c50e018855f1adfce95fe87dc8') in 0.145552 seconds 
========================================================================
Received Import Request.
  Time since last request: 7.828925 seconds.
  path: Assets/Brick Project Studio/Apartment Kit/_Prefabs/Props/Sculptures/Sculpture_apt_01_03.prefab
  artifactKey: Guid(f76f8084f4cb01349bb82ec41f49d28b) Importer(815301076,1909f56bfc062723c751e8b465ee728b)
Start importing Assets/Brick Project Studio/Apartment Kit/_Prefabs/Props/Sculptures/Sculpture_apt_01_03.prefab using Guid(f76f8084f4cb01349bb82ec41f49d28b) Importer(815301076,1909f56bfc062723c751e8b465ee728b)  -> (artifact id: '3b44b94dff2f5ad56f1173bdc1bec28c') in 0.042185 seconds 
========================================================================
Received Import Request.
  Time since last request: 0.000023 seconds.
  path: Assets/Brick Project Studio/Apartment Kit/_Prefabs/Props/Sculptures/Sculpture_apt_02_01.prefab
  artifactKey: Guid(fe722613e8e23b04aba46967537bbce1) Importer(815301076,1909f56bfc062723c751e8b465ee728b)
Start importing Assets/Brick Project Studio/Apartment Kit/_Prefabs/Props/Sculptures/Sculpture_apt_02_01.prefab using Guid(fe722613e8e23b04aba46967537bbce1) Importer(815301076,1909f56bfc062723c751e8b465ee728b)  -> (artifact id: '4efc43ade5d9e2f04bf6f63330a53308') in 0.028670 seconds 
========================================================================
Received Import Request.
  Time since last request: 0.737368 seconds.
  path: Assets/Brick Project Studio/Apartment Kit/_Prefabs/Props/Wine Liquor Beer and Glassware - Sample/wine thin glass Red Wine.prefab
  artifactKey: Guid(e32f2e76bad645746b596640d4736354) Importer(815301076,1909f56bfc062723c751e8b465ee728b)
Start importing Assets/Brick Project Studio/Apartment Kit/_Prefabs/Props/Wine Liquor Beer and Glassware - Sample/wine thin glass Red Wine.prefab using Guid(e32f2e76bad645746b596640d4736354) Importer(815301076,1909f56bfc062723c751e8b465ee728b)  -> (artifact id: 'bde77cbacfce339cc0aa2519dcb51db7') in 0.018761 seconds 
========================================================================
Received Import Request.
  Time since last request: 5.059037 seconds.
  path: Assets/Brick Project Studio/Apartment Kit/Common/Models/Apt_Kit_02.fbx
  artifactKey: Guid(c31198774d98d9f43be2ca79cb0a84dc) Importer(815301076,1909f56bfc062723c751e8b465ee728b)
Start importing Assets/Brick Project Studio/Apartment Kit/Common/Models/Apt_Kit_02.fbx using Guid(c31198774d98d9f43be2ca79cb0a84dc) Importer(815301076,1909f56bfc062723c751e8b465ee728b)  -> (artifact id: 'c1146c498dd818f456f32e37dc2b5720') in 0.399883 seconds 
========================================================================
Received Import Request.
  Time since last request: 0.000038 seconds.
  path: Assets/Brick Project Studio/Apartment Kit/Common/Models/Painting.fbx
  artifactKey: Guid(27b4045e9d44110428f91ffc9297b5f1) Importer(815301076,1909f56bfc062723c751e8b465ee728b)
Start importing Assets/Brick Project Studio/Apartment Kit/Common/Models/Painting.fbx using Guid(27b4045e9d44110428f91ffc9297b5f1) Importer(815301076,1909f56bfc062723c751e8b465ee728b)  -> (artifact id: '830fcb356e42a096246f5bdcfd783ac4') in 0.040211 seconds 
========================================================================
Received Import Request.
  Time since last request: 0.000046 seconds.
  path: Assets/Brick Project Studio/Apartment Kit/Common/Models/wine thin glass W Liquid.fbx
  artifactKey: Guid(28ca9505d52f64b408920ffcf4831bc0) Importer(815301076,1909f56bfc062723c751e8b465ee728b)
Start importing Assets/Brick Project Studio/Apartment Kit/Common/Models/wine thin glass W Liquid.fbx using Guid(28ca9505d52f64b408920ffcf4831bc0) Importer(815301076,1909f56bfc062723c751e8b465ee728b)  -> (artifact id: '34e0dbc7f68caca0b3192095adef935d') in 0.031335 seconds 
========================================================================
Received Import Request.
  Time since last request: 0.000024 seconds.
  path: Assets/Brick Project Studio/Apartment Kit/Common/Models/Apt_Props_02.fbx
  artifactKey: Guid(18a06f327a98b134b82b2c13d6c3a3c0) Importer(815301076,1909f56bfc062723c751e8b465ee728b)
Start importing Assets/Brick Project Studio/Apartment Kit/Common/Models/Apt_Props_02.fbx using Guid(18a06f327a98b134b82b2c13d6c3a3c0) Importer(815301076,1909f56bfc062723c751e8b465ee728b)  -> (artifact id: '7b7b839ff736387961f0ad89443b16bf') in 0.089620 seconds 
========================================================================
Received Import Request.
  Time since last request: 0.000034 seconds.
  path: Assets/Brick Project Studio/Apartment Kit/Common/Models/Apt_Rail.fbx
  artifactKey: Guid(7c69e40725f2d1a4687ecf3e80b2dfac) Importer(815301076,1909f56bfc062723c751e8b465ee728b)
Start importing Assets/Brick Project Studio/Apartment Kit/Common/Models/Apt_Rail.fbx using Guid(7c69e40725f2d1a4687ecf3e80b2dfac) Importer(815301076,1909f56bfc062723c751e8b465ee728b)  -> (artifact id: 'c8ca32dd01ed295de0a2a993e975e636') in 0.034559 seconds 
========================================================================
Received Import Request.
  Time since last request: 0.000026 seconds.
  path: Assets/Brick Project Studio/Apartment Kit/Common/Models/Bathroom_apt_02.fbx
  artifactKey: Guid(e9aeceee86b8ae7408c09bcee860a520) Importer(815301076,1909f56bfc062723c751e8b465ee728b)
Start importing Assets/Brick Project Studio/Apartment Kit/Common/Models/Bathroom_apt_02.fbx using Guid(e9aeceee86b8ae7408c09bcee860a520) Importer(815301076,1909f56bfc062723c751e8b465ee728b)  -> (artifact id: '98a7a3f7b863b93d68e2a4a3d91a2a35') in 0.050171 seconds 
========================================================================
Received Import Request.
  Time since last request: 0.000024 seconds.
  path: Assets/Brick Project Studio/Apartment Kit/Common/Models/lamp.fbx
  artifactKey: Guid(693cb6a41bc2205409161bed0f51fdca) Importer(815301076,1909f56bfc062723c751e8b465ee728b)
Start importing Assets/Brick Project Studio/Apartment Kit/Common/Models/lamp.fbx using Guid(693cb6a41bc2205409161bed0f51fdca) Importer(815301076,1909f56bfc062723c751e8b465ee728b)  -> (artifact id: 'e71ea26c4c2b9c4e5e06f2adf3c669b3') in 0.038176 seconds 
========================================================================
Received Import Request.
  Time since last request: 10.890249 seconds.
  path: Assets/WorldMaterialsFree/Built-In_RPMaterials/AgedDarkWood_WMShader.mat
  artifactKey: Guid(8f3bde3c129d6984c87270a14da9efe3) Importer(815301076,1909f56bfc062723c751e8b465ee728b)
Start importing Assets/WorldMaterialsFree/Built-In_RPMaterials/AgedDarkWood_WMShader.mat using Guid(8f3bde3c129d6984c87270a14da9efe3) Importer(815301076,1909f56bfc062723c751e8b465ee728b)  -> (artifact id: '4f7f99eda559bd5ff9102fd2777f2397') in 0.354232 seconds 
========================================================================
Received Import Request.
  Time since last request: 0.000024 seconds.
  path: Assets/WorldMaterialsFree/HDRPMaterials/BathroomTiles_HDRPShader.mat
  artifactKey: Guid(5d9b515fee1e9d74d9b10c870f910131) Importer(815301076,1909f56bfc062723c751e8b465ee728b)
Start importing Assets/WorldMaterialsFree/HDRPMaterials/BathroomTiles_HDRPShader.mat using Guid(5d9b515fee1e9d74d9b10c870f910131) Importer(815301076,1909f56bfc062723c751e8b465ee728b) Shader error in 'WorldMatHDRPFree': Couldn't open include file 'Packages/com.unity.render-pipelines.core/ShaderLibrary/Common.hlsl'. at line 1550

Compiling Subshader: 0, Pass: ShadowCaster, Vertex program with <no keywords>
Platform defines: SHADER_API_DESKTOP UNITY_COLORSPACE_GAMMA UNITY_ENABLE_DETAIL_NORMALMAP UNITY_ENABLE_REFLECTION_BUFFERS UNITY_LIGHTMAP_FULL_HDR UNITY_LIGHT_PROBE_PROXY_VOLUME UNITY_PASS_SHADOWCASTER UNITY_PBS_USE_BRDF1 UNITY_SPECCUBE_BLENDING UNITY_SPECCUBE_BOX_PROJECTION UNITY_USE_DITHER_MASK_FOR_ALPHABLENDED_SHADOWS
Disabled keywords: INSTANCING_ON SHADER_API_GLES30 UNITY_ASTC_NORMALMAP_ENCODING UNITY_ENABLE_NATIVE_SHADOW_LOOKUPS UNITY_FRAMEBUFFER_FETCH_AVAILABLE UNITY_HALF_PRECISION_FRAGMENT_SHADER_REGISTERS UNITY_HARDWARE_TIER1 UNITY_HARDWARE_TIER2 UNITY_HARDWARE_TIER3 UNITY_LIGHTMAP_DLDR_ENCODING UNITY_LIGHTMAP_RGBM_ENCODING UNITY_METAL_SHADOWS_USE_POINT_FILTERING UNITY_NO_DXT5nm UNITY_NO_FULL_STANDARD_SHADER UNITY_NO_SCREENSPACE_SHADOWS UNITY_PBS_USE_BRDF2 UNITY_PBS_USE_BRDF3 UNITY_PRETRANSFORM_TO_DISPLAY_ORIENTATION UNITY_UNIFIED_SHADER_PRECISION_MODEL UNITY_VIRTUAL_TEXTURING _ALPHATEST_ON _BLENDMODE_ADD _BLENDMODE_ALPHA _BLENDMODE_PRE_MULTIPLY _DOUBLESIDED_ON _ENABLE_FOG_ON_TRANSPARENT _SURFACE_TYPE_TRANSPARENT
Shader error in 'WorldMatHDRPFree': Couldn't open include file 'Packages/com.unity.render-pipelines.core/ShaderLibrary/Common.hlsl'. at line 1550

Compiling Subshader: 0, Pass: ShadowCaster, Vertex program with <no keywords>
Platform defines: SHADER_API_DESKTOP UNITY_COLORSPACE_GAMMA UNITY_ENABLE_DETAIL_NORMALMAP UNITY_ENABLE_REFLECTION_BUFFERS UNITY_LIGHTMAP_FULL_HDR UNITY_LIGHT_PROBE_PROXY_VOLUME UNITY_PASS_SHADOWCASTER UNITY_PBS_USE_BRDF1 UNITY_SPECCUBE_BLENDING UNITY_SPECCUBE_BOX_PROJECTION UNITY_USE_DITHER_MASK_FOR_ALPHABLENDED_SHADOWS
Disabled keywords: INSTANCING_ON SHADER_API_GLES30 UNITY_ASTC_NORMALMAP_ENCODING UNITY_ENABLE_NATIVE_SHADOW_LOOKUPS UNITY_FRAMEBUFFER_FETCH_AVAILABLE UNITY_HALF_PRECISION_FRAGMENT_SHADER_REGISTERS UNITY_HARDWARE_TIER1 UNITY_HARDWARE_TIER2 UNITY_HARDWARE_TIER3 UNITY_LIGHTMAP_DLDR_ENCODING UNITY_LIGHTMAP_RGBM_ENCODING UNITY_METAL_SHADOWS_USE_POINT_FILTERING UNITY_NO_DXT5nm UNITY_NO_FULL_STANDARD_SHADER UNITY_NO_SCREENSPACE_SHADOWS UNITY_PBS_USE_BRDF2 UNITY_PBS_USE_BRDF3 UNITY_PRETRANSFORM_TO_DISPLAY_ORIENTATION UNITY_UNIFIED_SHADER_PRECISION_MODEL UNITY_VIRTUAL_TEXTURING _ALPHATEST_ON _BLENDMODE_ADD _BLENDMODE_ALPHA _BLENDMODE_PRE_MULTIPLY _DOUBLESIDED_ON _ENABLE_FOG_ON_TRANSPARENT _SURFACE_TYPE_TRANSPARENT
Shader error in 'WorldMatHDRPFree': Couldn't open include file 'Packages/com.unity.render-pipelines.core/ShaderLibrary/Common.hlsl'. at line 1550

Compiling Subshader: 0, Pass: ShadowCaster, Vertex program with <no keywords>
Platform defines: SHADER_API_DESKTOP UNITY_COLORSPACE_GAMMA UNITY_ENABLE_DETAIL_NORMALMAP UNITY_ENABLE_REFLECTION_BUFFERS UNITY_LIGHTMAP_FULL_HDR UNITY_LIGHT_PROBE_PROXY_VOLUME UNITY_PASS_SHADOWCASTER UNITY_PBS_USE_BRDF1 UNITY_SPECCUBE_BLENDING UNITY_SPECCUBE_BOX_PROJECTION UNITY_USE_DITHER_MASK_FOR_ALPHABLENDED_SHADOWS
Disabled keywords: INSTANCING_ON SHADER_API_GLES30 UNITY_ASTC_NORMALMAP_ENCODING UNITY_ENABLE_NATIVE_SHADOW_LOOKUPS UNITY_FRAMEBUFFER_FETCH_AVAILABLE UNITY_HALF_PRECISION_FRAGMENT_SHADER_REGISTERS UNITY_HARDWARE_TIER1 UNITY_HARDWARE_TIER2 UNITY_HARDWARE_TIER3 UNITY_LIGHTMAP_DLDR_ENCODING UNITY_LIGHTMAP_RGBM_ENCODING UNITY_METAL_SHADOWS_USE_POINT_FILTERING UNITY_NO_DXT5nm UNITY_NO_FULL_STANDARD_SHADER UNITY_NO_SCREENSPACE_SHADOWS UNITY_PBS_USE_BRDF2 UNITY_PBS_USE_BRDF3 UNITY_PRETRANSFORM_TO_DISPLAY_ORIENTATION UNITY_UNIFIED_SHADER_PRECISION_MODEL UNITY_VIRTUAL_TEXTURING _ALPHATEST_ON _BLENDMODE_ADD _BLENDMODE_ALPHA _BLENDMODE_PRE_MULTIPLY _DOUBLESIDED_ON _ENABLE_FOG_ON_TRANSPARENT _SURFACE_TYPE_TRANSPARENT
Shader error in 'WorldMatHDRPFree': Couldn't open include file 'Packages/com.unity.render-pipelines.core/ShaderLibrary/Common.hlsl'. at line 1550

Compiling Subshader: 0, Pass: ShadowCaster, Vertex program with <no keywords>
Platform defines: SHADER_API_DESKTOP UNITY_COLORSPACE_GAMMA UNITY_ENABLE_DETAIL_NORMALMAP UNITY_ENABLE_REFLECTION_BUFFERS UNITY_LIGHTMAP_FULL_HDR UNITY_LIGHT_PROBE_PROXY_VOLUME UNITY_PASS_SHADOWCASTER UNITY_PBS_USE_BRDF1 UNITY_SPECCUBE_BLENDING UNITY_SPECCUBE_BOX_PROJECTION UNITY_USE_DITHER_MASK_FOR_ALPHABLENDED_SHADOWS
Disabled keywords: INSTANCING_ON SHADER_API_GLES30 UNITY_ASTC_NORMALMAP_ENCODING UNITY_ENABLE_NATIVE_SHADOW_LOOKUPS UNITY_FRAMEBUFFER_FETCH_AVAILABLE UNITY_HALF_PRECISION_FRAGMENT_SHADER_REGISTERS UNITY_HARDWARE_TIER1 UNITY_HARDWARE_TIER2 UNITY_HARDWARE_TIER3 UNITY_LIGHTMAP_DLDR_ENCODING UNITY_LIGHTMAP_RGBM_ENCODING UNITY_METAL_SHADOWS_USE_POINT_FILTERING UNITY_NO_DXT5nm UNITY_NO_FULL_STANDARD_SHADER UNITY_NO_SCREENSPACE_SHADOWS UNITY_PBS_USE_BRDF2 UNITY_PBS_USE_BRDF3 UNITY_PRETRANSFORM_TO_DISPLAY_ORIENTATION UNITY_UNIFIED_SHADER_PRECISION_MODEL UNITY_VIRTUAL_TEXTURING _ALPHATEST_ON _BLENDMODE_ADD _BLENDMODE_ALPHA _BLENDMODE_PRE_MULTIPLY _DOUBLESIDED_ON _ENABLE_FOG_ON_TRANSPARENT _SURFACE_TYPE_TRANSPARENT
 -> (artifact id: '1669881e8a54d6d3d673b2f90205601f') in 0.041307 seconds 
========================================================================
Received Import Request.
  Time since last request: 0.000024 seconds.
  path: Assets/WorldMaterialsFree/Resource Files/DesertCliffRock/DesertCliffRock_AO.png
  artifactKey: Guid(58a7827d0fd84c64fb9239eb18528414) Importer(815301076,1909f56bfc062723c751e8b465ee728b)
Start importing Assets/WorldMaterialsFree/Resource Files/DesertCliffRock/DesertCliffRock_AO.png using Guid(58a7827d0fd84c64fb9239eb18528414) Importer(815301076,1909f56bfc062723c751e8b465ee728b)  -> (artifact id: 'f86c8bd2734bae0bd7e606e2a924f1b3') in 0.048606 seconds 
========================================================================
Received Import Request.
  Time since last request: 0.000025 seconds.
  path: Assets/WorldMaterialsFree/URPMaterials/DesertCliffRock_URPShader.mat
  artifactKey: Guid(1153a8a01726b4c468ed97bc6f71373e) Importer(815301076,1909f56bfc062723c751e8b465ee728b)
Start importing Assets/WorldMaterialsFree/URPMaterials/DesertCliffRock_URPShader.mat using Guid(1153a8a01726b4c468ed97bc6f71373e) Importer(815301076,1909f56bfc062723c751e8b465ee728b) Shader error in 'WorldMatURPFree': Couldn't open include file 'Packages/com.unity.render-pipelines.universal/ShaderLibrary/Core.hlsl'. at line 689

Compiling Subshader: 0, Pass: ShadowCaster, Vertex program with <no keywords>
Platform defines: SHADER_API_DESKTOP UNITY_COLORSPACE_GAMMA UNITY_ENABLE_DETAIL_NORMALMAP UNITY_ENABLE_REFLECTION_BUFFERS UNITY_LIGHTMAP_FULL_HDR UNITY_LIGHT_PROBE_PROXY_VOLUME UNITY_PASS_SHADOWCASTER UNITY_PBS_USE_BRDF1 UNITY_SPECCUBE_BLENDING UNITY_SPECCUBE_BOX_PROJECTION UNITY_USE_DITHER_MASK_FOR_ALPHABLENDED_SHADOWS
Disabled keywords: FOG_EXP FOG_EXP2 FOG_LINEAR INSTANCING_ON LOD_FADE_CROSSFADE SHADER_API_GLES30 UNITY_ASTC_NORMALMAP_ENCODING UNITY_ENABLE_NATIVE_SHADOW_LOOKUPS UNITY_FRAMEBUFFER_FETCH_AVAILABLE UNITY_HALF_PRECISION_FRAGMENT_SHADER_REGISTERS UNITY_HARDWARE_TIER1 UNITY_HARDWARE_TIER2 UNITY_HARDWARE_TIER3 UNITY_LIGHTMAP_DLDR_ENCODING UNITY_LIGHTMAP_RGBM_ENCODING UNITY_METAL_SHADOWS_USE_POINT_FILTERING UNITY_NO_DXT5nm UNITY_NO_FULL_STANDARD_SHADER UNITY_NO_SCREENSPACE_SHADOWS UNITY_PBS_USE_BRDF2 UNITY_PBS_USE_BRDF3 UNITY_PRETRANSFORM_TO_DISPLAY_ORIENTATION UNITY_UNIFIED_SHADER_PRECISION_MODEL UNITY_VIRTUAL_TEXTURING
Shader error in 'WorldMatURPFree': Couldn't open include file 'Packages/com.unity.render-pipelines.universal/ShaderLibrary/Core.hlsl'. at line 689

Compiling Subshader: 0, Pass: ShadowCaster, Vertex program with <no keywords>
Platform defines: SHADER_API_DESKTOP UNITY_COLORSPACE_GAMMA UNITY_ENABLE_DETAIL_NORMALMAP UNITY_ENABLE_REFLECTION_BUFFERS UNITY_LIGHTMAP_FULL_HDR UNITY_LIGHT_PROBE_PROXY_VOLUME UNITY_PASS_SHADOWCASTER UNITY_PBS_USE_BRDF1 UNITY_SPECCUBE_BLENDING UNITY_SPECCUBE_BOX_PROJECTION UNITY_USE_DITHER_MASK_FOR_ALPHABLENDED_SHADOWS
Disabled keywords: FOG_EXP FOG_EXP2 FOG_LINEAR INSTANCING_ON LOD_FADE_CROSSFADE SHADER_API_GLES30 UNITY_ASTC_NORMALMAP_ENCODING UNITY_ENABLE_NATIVE_SHADOW_LOOKUPS UNITY_FRAMEBUFFER_FETCH_AVAILABLE UNITY_HALF_PRECISION_FRAGMENT_SHADER_REGISTERS UNITY_HARDWARE_TIER1 UNITY_HARDWARE_TIER2 UNITY_HARDWARE_TIER3 UNITY_LIGHTMAP_DLDR_ENCODING UNITY_LIGHTMAP_RGBM_ENCODING UNITY_METAL_SHADOWS_USE_POINT_FILTERING UNITY_NO_DXT5nm UNITY_NO_FULL_STANDARD_SHADER UNITY_NO_SCREENSPACE_SHADOWS UNITY_PBS_USE_BRDF2 UNITY_PBS_USE_BRDF3 UNITY_PRETRANSFORM_TO_DISPLAY_ORIENTATION UNITY_UNIFIED_SHADER_PRECISION_MODEL UNITY_VIRTUAL_TEXTURING
Shader error in 'WorldMatURPFree': Couldn't open include file 'Packages/com.unity.render-pipelines.universal/ShaderLibrary/Core.hlsl'. at line 689

Compiling Subshader: 0, Pass: ShadowCaster, Vertex program with <no keywords>
Platform defines: SHADER_API_DESKTOP UNITY_COLORSPACE_GAMMA UNITY_ENABLE_DETAIL_NORMALMAP UNITY_ENABLE_REFLECTION_BUFFERS UNITY_LIGHTMAP_FULL_HDR UNITY_LIGHT_PROBE_PROXY_VOLUME UNITY_PASS_SHADOWCASTER UNITY_PBS_USE_BRDF1 UNITY_SPECCUBE_BLENDING UNITY_SPECCUBE_BOX_PROJECTION UNITY_USE_DITHER_MASK_FOR_ALPHABLENDED_SHADOWS
Disabled keywords: FOG_EXP FOG_EXP2 FOG_LINEAR INSTANCING_ON LOD_FADE_CROSSFADE SHADER_API_GLES30 UNITY_ASTC_NORMALMAP_ENCODING UNITY_ENABLE_NATIVE_SHADOW_LOOKUPS UNITY_FRAMEBUFFER_FETCH_AVAILABLE UNITY_HALF_PRECISION_FRAGMENT_SHADER_REGISTERS UNITY_HARDWARE_TIER1 UNITY_HARDWARE_TIER2 UNITY_HARDWARE_TIER3 UNITY_LIGHTMAP_DLDR_ENCODING UNITY_LIGHTMAP_RGBM_ENCODING UNITY_METAL_SHADOWS_USE_POINT_FILTERING UNITY_NO_DXT5nm UNITY_NO_FULL_STANDARD_SHADER UNITY_NO_SCREENSPACE_SHADOWS UNITY_PBS_USE_BRDF2 UNITY_PBS_USE_BRDF3 UNITY_PRETRANSFORM_TO_DISPLAY_ORIENTATION UNITY_UNIFIED_SHADER_PRECISION_MODEL UNITY_VIRTUAL_TEXTURING
Shader error in 'WorldMatURPFree': Couldn't open include file 'Packages/com.unity.render-pipelines.universal/ShaderLibrary/Core.hlsl'. at line 689

Compiling Subshader: 0, Pass: ShadowCaster, Vertex program with <no keywords>
Platform defines: SHADER_API_DESKTOP UNITY_COLORSPACE_GAMMA UNITY_ENABLE_DETAIL_NORMALMAP UNITY_ENABLE_REFLECTION_BUFFERS UNITY_LIGHTMAP_FULL_HDR UNITY_LIGHT_PROBE_PROXY_VOLUME UNITY_PASS_SHADOWCASTER UNITY_PBS_USE_BRDF1 UNITY_SPECCUBE_BLENDING UNITY_SPECCUBE_BOX_PROJECTION UNITY_USE_DITHER_MASK_FOR_ALPHABLENDED_SHADOWS
Disabled keywords: FOG_EXP FOG_EXP2 FOG_LINEAR INSTANCING_ON LOD_FADE_CROSSFADE SHADER_API_GLES30 UNITY_ASTC_NORMALMAP_ENCODING UNITY_ENABLE_NATIVE_SHADOW_LOOKUPS UNITY_FRAMEBUFFER_FETCH_AVAILABLE UNITY_HALF_PRECISION_FRAGMENT_SHADER_REGISTERS UNITY_HARDWARE_TIER1 UNITY_HARDWARE_TIER2 UNITY_HARDWARE_TIER3 UNITY_LIGHTMAP_DLDR_ENCODING UNITY_LIGHTMAP_RGBM_ENCODING UNITY_METAL_SHADOWS_USE_POINT_FILTERING UNITY_NO_DXT5nm UNITY_NO_FULL_STANDARD_SHADER UNITY_NO_SCREENSPACE_SHADOWS UNITY_PBS_USE_BRDF2 UNITY_PBS_USE_BRDF3 UNITY_PRETRANSFORM_TO_DISPLAY_ORIENTATION UNITY_UNIFIED_SHADER_PRECISION_MODEL UNITY_VIRTUAL_TEXTURING
 -> (artifact id: 'd00672ceddab24611ad4669da22a7fde') in 0.037076 seconds 
========================================================================
Received Import Request.
  Time since last request: 0.000025 seconds.
  path: Assets/WorldMaterialsFree/URPMaterials/BathroomTiles_URPShader.mat
  artifactKey: Guid(c18631ac74d3d2b4488c87e429c5781f) Importer(815301076,1909f56bfc062723c751e8b465ee728b)
Start importing Assets/WorldMaterialsFree/URPMaterials/BathroomTiles_URPShader.mat using Guid(c18631ac74d3d2b4488c87e429c5781f) Importer(815301076,1909f56bfc062723c751e8b465ee728b) Shader error in 'WorldMatURPFree': Couldn't open include file 'Packages/com.unity.render-pipelines.universal/ShaderLibrary/Core.hlsl'. at line 689

Compiling Subshader: 0, Pass: ShadowCaster, Vertex program with <no keywords>
Platform defines: SHADER_API_DESKTOP UNITY_COLORSPACE_GAMMA UNITY_ENABLE_DETAIL_NORMALMAP UNITY_ENABLE_REFLECTION_BUFFERS UNITY_LIGHTMAP_FULL_HDR UNITY_LIGHT_PROBE_PROXY_VOLUME UNITY_PASS_SHADOWCASTER UNITY_PBS_USE_BRDF1 UNITY_SPECCUBE_BLENDING UNITY_SPECCUBE_BOX_PROJECTION UNITY_USE_DITHER_MASK_FOR_ALPHABLENDED_SHADOWS
Disabled keywords: FOG_EXP FOG_EXP2 FOG_LINEAR INSTANCING_ON LOD_FADE_CROSSFADE SHADER_API_GLES30 UNITY_ASTC_NORMALMAP_ENCODING UNITY_ENABLE_NATIVE_SHADOW_LOOKUPS UNITY_FRAMEBUFFER_FETCH_AVAILABLE UNITY_HALF_PRECISION_FRAGMENT_SHADER_REGISTERS UNITY_HARDWARE_TIER1 UNITY_HARDWARE_TIER2 UNITY_HARDWARE_TIER3 UNITY_LIGHTMAP_DLDR_ENCODING UNITY_LIGHTMAP_RGBM_ENCODING UNITY_METAL_SHADOWS_USE_POINT_FILTERING UNITY_NO_DXT5nm UNITY_NO_FULL_STANDARD_SHADER UNITY_NO_SCREENSPACE_SHADOWS UNITY_PBS_USE_BRDF2 UNITY_PBS_USE_BRDF3 UNITY_PRETRANSFORM_TO_DISPLAY_ORIENTATION UNITY_UNIFIED_SHADER_PRECISION_MODEL UNITY_VIRTUAL_TEXTURING
Shader error in 'WorldMatURPFree': Couldn't open include file 'Packages/com.unity.render-pipelines.universal/ShaderLibrary/Core.hlsl'. at line 689

Compiling Subshader: 0, Pass: ShadowCaster, Vertex program with <no keywords>
Platform defines: SHADER_API_DESKTOP UNITY_COLORSPACE_GAMMA UNITY_ENABLE_DETAIL_NORMALMAP UNITY_ENABLE_REFLECTION_BUFFERS UNITY_LIGHTMAP_FULL_HDR UNITY_LIGHT_PROBE_PROXY_VOLUME UNITY_PASS_SHADOWCASTER UNITY_PBS_USE_BRDF1 UNITY_SPECCUBE_BLENDING UNITY_SPECCUBE_BOX_PROJECTION UNITY_USE_DITHER_MASK_FOR_ALPHABLENDED_SHADOWS
Disabled keywords: FOG_EXP FOG_EXP2 FOG_LINEAR INSTANCING_ON LOD_FADE_CROSSFADE SHADER_API_GLES30 UNITY_ASTC_NORMALMAP_ENCODING UNITY_ENABLE_NATIVE_SHADOW_LOOKUPS UNITY_FRAMEBUFFER_FETCH_AVAILABLE UNITY_HALF_PRECISION_FRAGMENT_SHADER_REGISTERS UNITY_HARDWARE_TIER1 UNITY_HARDWARE_TIER2 UNITY_HARDWARE_TIER3 UNITY_LIGHTMAP_DLDR_ENCODING UNITY_LIGHTMAP_RGBM_ENCODING UNITY_METAL_SHADOWS_USE_POINT_FILTERING UNITY_NO_DXT5nm UNITY_NO_FULL_STANDARD_SHADER UNITY_NO_SCREENSPACE_SHADOWS UNITY_PBS_USE_BRDF2 UNITY_PBS_USE_BRDF3 UNITY_PRETRANSFORM_TO_DISPLAY_ORIENTATION UNITY_UNIFIED_SHADER_PRECISION_MODEL UNITY_VIRTUAL_TEXTURING
Shader error in 'WorldMatURPFree': Couldn't open include file 'Packages/com.unity.render-pipelines.universal/ShaderLibrary/Core.hlsl'. at line 689

Compiling Subshader: 0, Pass: ShadowCaster, Vertex program with <no keywords>
Platform defines: SHADER_API_DESKTOP UNITY_COLORSPACE_GAMMA UNITY_ENABLE_DETAIL_NORMALMAP UNITY_ENABLE_REFLECTION_BUFFERS UNITY_LIGHTMAP_FULL_HDR UNITY_LIGHT_PROBE_PROXY_VOLUME UNITY_PASS_SHADOWCASTER UNITY_PBS_USE_BRDF1 UNITY_SPECCUBE_BLENDING UNITY_SPECCUBE_BOX_PROJECTION UNITY_USE_DITHER_MASK_FOR_ALPHABLENDED_SHADOWS
Disabled keywords: FOG_EXP FOG_EXP2 FOG_LINEAR INSTANCING_ON LOD_FADE_CROSSFADE SHADER_API_GLES30 UNITY_ASTC_NORMALMAP_ENCODING UNITY_ENABLE_NATIVE_SHADOW_LOOKUPS UNITY_FRAMEBUFFER_FETCH_AVAILABLE UNITY_HALF_PRECISION_FRAGMENT_SHADER_REGISTERS UNITY_HARDWARE_TIER1 UNITY_HARDWARE_TIER2 UNITY_HARDWARE_TIER3 UNITY_LIGHTMAP_DLDR_ENCODING UNITY_LIGHTMAP_RGBM_ENCODING UNITY_METAL_SHADOWS_USE_POINT_FILTERING UNITY_NO_DXT5nm UNITY_NO_FULL_STANDARD_SHADER UNITY_NO_SCREENSPACE_SHADOWS UNITY_PBS_USE_BRDF2 UNITY_PBS_USE_BRDF3 UNITY_PRETRANSFORM_TO_DISPLAY_ORIENTATION UNITY_UNIFIED_SHADER_PRECISION_MODEL UNITY_VIRTUAL_TEXTURING
Shader error in 'WorldMatURPFree': Couldn't open include file 'Packages/com.unity.render-pipelines.universal/ShaderLibrary/Core.hlsl'. at line 689

Compiling Subshader: 0, Pass: ShadowCaster, Vertex program with <no keywords>
Platform defines: SHADER_API_DESKTOP UNITY_COLORSPACE_GAMMA UNITY_ENABLE_DETAIL_NORMALMAP UNITY_ENABLE_REFLECTION_BUFFERS UNITY_LIGHTMAP_FULL_HDR UNITY_LIGHT_PROBE_PROXY_VOLUME UNITY_PASS_SHADOWCASTER UNITY_PBS_USE_BRDF1 UNITY_SPECCUBE_BLENDING UNITY_SPECCUBE_BOX_PROJECTION UNITY_USE_DITHER_MASK_FOR_ALPHABLENDED_SHADOWS
Disabled keywords: FOG_EXP FOG_EXP2 FOG_LINEAR INSTANCING_ON LOD_FADE_CROSSFADE SHADER_API_GLES30 UNITY_ASTC_NORMALMAP_ENCODING UNITY_ENABLE_NATIVE_SHADOW_LOOKUPS UNITY_FRAMEBUFFER_FETCH_AVAILABLE UNITY_HALF_PRECISION_FRAGMENT_SHADER_REGISTERS UNITY_HARDWARE_TIER1 UNITY_HARDWARE_TIER2 UNITY_HARDWARE_TIER3 UNITY_LIGHTMAP_DLDR_ENCODING UNITY_LIGHTMAP_RGBM_ENCODING UNITY_METAL_SHADOWS_USE_POINT_FILTERING UNITY_NO_DXT5nm UNITY_NO_FULL_STANDARD_SHADER UNITY_NO_SCREENSPACE_SHADOWS UNITY_PBS_USE_BRDF2 UNITY_PBS_USE_BRDF3 UNITY_PRETRANSFORM_TO_DISPLAY_ORIENTATION UNITY_UNIFIED_SHADER_PRECISION_MODEL UNITY_VIRTUAL_TEXTURING
 -> (artifact id: '759df1d826610fd6319e92b3e2c30ded') in 0.032349 seconds 
========================================================================
Received Import Request.
  Time since last request: 0.000021 seconds.
  path: Assets/WorldMaterialsFree/URPMaterials/CoarseConcrete_URPShader.mat
  artifactKey: Guid(a159f432676796c4cba4fdd02834e8df) Importer(815301076,1909f56bfc062723c751e8b465ee728b)
Start importing Assets/WorldMaterialsFree/URPMaterials/CoarseConcrete_URPShader.mat using Guid(a159f432676796c4cba4fdd02834e8df) Importer(815301076,1909f56bfc062723c751e8b465ee728b) Shader error in 'WorldMatURPFree': Couldn't open include file 'Packages/com.unity.render-pipelines.universal/ShaderLibrary/Core.hlsl'. at line 689

Compiling Subshader: 0, Pass: ShadowCaster, Vertex program with <no keywords>
Platform defines: SHADER_API_DESKTOP UNITY_COLORSPACE_GAMMA UNITY_ENABLE_DETAIL_NORMALMAP UNITY_ENABLE_REFLECTION_BUFFERS UNITY_LIGHTMAP_FULL_HDR UNITY_LIGHT_PROBE_PROXY_VOLUME UNITY_PASS_SHADOWCASTER UNITY_PBS_USE_BRDF1 UNITY_SPECCUBE_BLENDING UNITY_SPECCUBE_BOX_PROJECTION UNITY_USE_DITHER_MASK_FOR_ALPHABLENDED_SHADOWS
Disabled keywords: FOG_EXP FOG_EXP2 FOG_LINEAR INSTANCING_ON LOD_FADE_CROSSFADE SHADER_API_GLES30 UNITY_ASTC_NORMALMAP_ENCODING UNITY_ENABLE_NATIVE_SHADOW_LOOKUPS UNITY_FRAMEBUFFER_FETCH_AVAILABLE UNITY_HALF_PRECISION_FRAGMENT_SHADER_REGISTERS UNITY_HARDWARE_TIER1 UNITY_HARDWARE_TIER2 UNITY_HARDWARE_TIER3 UNITY_LIGHTMAP_DLDR_ENCODING UNITY_LIGHTMAP_RGBM_ENCODING UNITY_METAL_SHADOWS_USE_POINT_FILTERING UNITY_NO_DXT5nm UNITY_NO_FULL_STANDARD_SHADER UNITY_NO_SCREENSPACE_SHADOWS UNITY_PBS_USE_BRDF2 UNITY_PBS_USE_BRDF3 UNITY_PRETRANSFORM_TO_DISPLAY_ORIENTATION UNITY_UNIFIED_SHADER_PRECISION_MODEL UNITY_VIRTUAL_TEXTURING
Shader error in 'WorldMatURPFree': Couldn't open include file 'Packages/com.unity.render-pipelines.universal/ShaderLibrary/Core.hlsl'. at line 689

Compiling Subshader: 0, Pass: ShadowCaster, Vertex program with <no keywords>
Platform defines: SHADER_API_DESKTOP UNITY_COLORSPACE_GAMMA UNITY_ENABLE_DETAIL_NORMALMAP UNITY_ENABLE_REFLECTION_BUFFERS UNITY_LIGHTMAP_FULL_HDR UNITY_LIGHT_PROBE_PROXY_VOLUME UNITY_PASS_SHADOWCASTER UNITY_PBS_USE_BRDF1 UNITY_SPECCUBE_BLENDING UNITY_SPECCUBE_BOX_PROJECTION UNITY_USE_DITHER_MASK_FOR_ALPHABLENDED_SHADOWS
Disabled keywords: FOG_EXP FOG_EXP2 FOG_LINEAR INSTANCING_ON LOD_FADE_CROSSFADE SHADER_API_GLES30 UNITY_ASTC_NORMALMAP_ENCODING UNITY_ENABLE_NATIVE_SHADOW_LOOKUPS UNITY_FRAMEBUFFER_FETCH_AVAILABLE UNITY_HALF_PRECISION_FRAGMENT_SHADER_REGISTERS UNITY_HARDWARE_TIER1 UNITY_HARDWARE_TIER2 UNITY_HARDWARE_TIER3 UNITY_LIGHTMAP_DLDR_ENCODING UNITY_LIGHTMAP_RGBM_ENCODING UNITY_METAL_SHADOWS_USE_POINT_FILTERING UNITY_NO_DXT5nm UNITY_NO_FULL_STANDARD_SHADER UNITY_NO_SCREENSPACE_SHADOWS UNITY_PBS_USE_BRDF2 UNITY_PBS_USE_BRDF3 UNITY_PRETRANSFORM_TO_DISPLAY_ORIENTATION UNITY_UNIFIED_SHADER_PRECISION_MODEL UNITY_VIRTUAL_TEXTURING
Shader error in 'WorldMatURPFree': Couldn't open include file 'Packages/com.unity.render-pipelines.universal/ShaderLibrary/Core.hlsl'. at line 689

Compiling Subshader: 0, Pass: ShadowCaster, Vertex program with <no keywords>
Platform defines: SHADER_API_DESKTOP UNITY_COLORSPACE_GAMMA UNITY_ENABLE_DETAIL_NORMALMAP UNITY_ENABLE_REFLECTION_BUFFERS UNITY_LIGHTMAP_FULL_HDR UNITY_LIGHT_PROBE_PROXY_VOLUME UNITY_PASS_SHADOWCASTER UNITY_PBS_USE_BRDF1 UNITY_SPECCUBE_BLENDING UNITY_SPECCUBE_BOX_PROJECTION UNITY_USE_DITHER_MASK_FOR_ALPHABLENDED_SHADOWS
Disabled keywords: FOG_EXP FOG_EXP2 FOG_LINEAR INSTANCING_ON LOD_FADE_CROSSFADE SHADER_API_GLES30 UNITY_ASTC_NORMALMAP_ENCODING UNITY_ENABLE_NATIVE_SHADOW_LOOKUPS UNITY_FRAMEBUFFER_FETCH_AVAILABLE UNITY_HALF_PRECISION_FRAGMENT_SHADER_REGISTERS UNITY_HARDWARE_TIER1 UNITY_HARDWARE_TIER2 UNITY_HARDWARE_TIER3 UNITY_LIGHTMAP_DLDR_ENCODING UNITY_LIGHTMAP_RGBM_ENCODING UNITY_METAL_SHADOWS_USE_POINT_FILTERING UNITY_NO_DXT5nm UNITY_NO_FULL_STANDARD_SHADER UNITY_NO_SCREENSPACE_SHADOWS UNITY_PBS_USE_BRDF2 UNITY_PBS_USE_BRDF3 UNITY_PRETRANSFORM_TO_DISPLAY_ORIENTATION UNITY_UNIFIED_SHADER_PRECISION_MODEL UNITY_VIRTUAL_TEXTURING
Shader error in 'WorldMatURPFree': Couldn't open include file 'Packages/com.unity.render-pipelines.universal/ShaderLibrary/Core.hlsl'. at line 689

Compiling Subshader: 0, Pass: ShadowCaster, Vertex program with <no keywords>
Platform defines: SHADER_API_DESKTOP UNITY_COLORSPACE_GAMMA UNITY_ENABLE_DETAIL_NORMALMAP UNITY_ENABLE_REFLECTION_BUFFERS UNITY_LIGHTMAP_FULL_HDR UNITY_LIGHT_PROBE_PROXY_VOLUME UNITY_PASS_SHADOWCASTER UNITY_PBS_USE_BRDF1 UNITY_SPECCUBE_BLENDING UNITY_SPECCUBE_BOX_PROJECTION UNITY_USE_DITHER_MASK_FOR_ALPHABLENDED_SHADOWS
Disabled keywords: FOG_EXP FOG_EXP2 FOG_LINEAR INSTANCING_ON LOD_FADE_CROSSFADE SHADER_API_GLES30 UNITY_ASTC_NORMALMAP_ENCODING UNITY_ENABLE_NATIVE_SHADOW_LOOKUPS UNITY_FRAMEBUFFER_FETCH_AVAILABLE UNITY_HALF_PRECISION_FRAGMENT_SHADER_REGISTERS UNITY_HARDWARE_TIER1 UNITY_HARDWARE_TIER2 UNITY_HARDWARE_TIER3 UNITY_LIGHTMAP_DLDR_ENCODING UNITY_LIGHTMAP_RGBM_ENCODING UNITY_METAL_SHADOWS_USE_POINT_FILTERING UNITY_NO_DXT5nm UNITY_NO_FULL_STANDARD_SHADER UNITY_NO_SCREENSPACE_SHADOWS UNITY_PBS_USE_BRDF2 UNITY_PBS_USE_BRDF3 UNITY_PRETRANSFORM_TO_DISPLAY_ORIENTATION UNITY_UNIFIED_SHADER_PRECISION_MODEL UNITY_VIRTUAL_TEXTURING
 -> (artifact id: '67cd2d8d8a1adb8e59f22ab46f7c6d69') in 0.032861 seconds 
========================================================================
Received Import Request.
  Time since last request: 0.000014 seconds.
  path: Assets/WorldMaterialsFree/Built-In_RPMaterials/BasketWeaveBricks_StandardShader.mat
  artifactKey: Guid(9a2c87bc6bc6e5b4aa96c1c4c5224aa3) Importer(815301076,1909f56bfc062723c751e8b465ee728b)
Start importing Assets/WorldMaterialsFree/Built-In_RPMaterials/BasketWeaveBricks_StandardShader.mat using Guid(9a2c87bc6bc6e5b4aa96c1c4c5224aa3) Importer(815301076,1909f56bfc062723c751e8b465ee728b)  -> (artifact id: '0ac3086f630c693ed503d14e45927c1e') in 0.037532 seconds 
========================================================================
Received Import Request.
  Time since last request: 0.000032 seconds.
  path: Assets/WorldMaterialsFree/Resource Files/DesertSandBrick/DesertSandBricks_Albedo.png
  artifactKey: Guid(40d7fbe8ea051d34eba523ba288c3dee) Importer(815301076,1909f56bfc062723c751e8b465ee728b)
Start importing Assets/WorldMaterialsFree/Resource Files/DesertSandBrick/DesertSandBricks_Albedo.png using Guid(40d7fbe8ea051d34eba523ba288c3dee) Importer(815301076,1909f56bfc062723c751e8b465ee728b)  -> (artifact id: '24b35c6e2493f4f25a08b9510432dd17') in 0.016826 seconds 
========================================================================
Received Import Request.
  Time since last request: 0.000031 seconds.
  path: Assets/WorldMaterialsFree/Resource Files/DesertSandBrick/DesertSandBricks_Smoothness.png
  artifactKey: Guid(c6f2645d1d250954998a59d62ef2403e) Importer(815301076,1909f56bfc062723c751e8b465ee728b)
Start importing Assets/WorldMaterialsFree/Resource Files/DesertSandBrick/DesertSandBricks_Smoothness.png using Guid(c6f2645d1d250954998a59d62ef2403e) Importer(815301076,1909f56bfc062723c751e8b465ee728b)  -> (artifact id: '0179a13db538882d527463d6d4e83155') in 0.017775 seconds 
========================================================================
Received Import Request.
  Time since last request: 0.000035 seconds.
  path: Assets/Brick Project Studio/Apartment Kit/Common/Textures/Misc/Blender_01_N.png
  artifactKey: Guid(a192ea0e9f5170a4a8b4ec9cd0f592ae) Importer(815301076,1909f56bfc062723c751e8b465ee728b)
Start importing Assets/Brick Project Studio/Apartment Kit/Common/Textures/Misc/Blender_01_N.png using Guid(a192ea0e9f5170a4a8b4ec9cd0f592ae) Importer(815301076,1909f56bfc062723c751e8b465ee728b)  -> (artifact id: '1e4ed5bbe75ecaf04590b3c3a38f7431') in 0.015108 seconds 
========================================================================
Received Import Request.
  Time since last request: 0.000028 seconds.
  path: Assets/WorldMaterialsFree/HDRPMaterials/BasketWeaveBricks_HDRPShader.mat
  artifactKey: Guid(f0e9e2f8d5a8e6f4590b034daecaebea) Importer(815301076,1909f56bfc062723c751e8b465ee728b)
Start importing Assets/WorldMaterialsFree/HDRPMaterials/BasketWeaveBricks_HDRPShader.mat using Guid(f0e9e2f8d5a8e6f4590b034daecaebea) Importer(815301076,1909f56bfc062723c751e8b465ee728b) Shader error in 'WorldMatHDRPFree': Couldn't open include file 'Packages/com.unity.render-pipelines.core/ShaderLibrary/Common.hlsl'. at line 1550

Compiling Subshader: 0, Pass: ShadowCaster, Vertex program with <no keywords>
Platform defines: SHADER_API_DESKTOP UNITY_COLORSPACE_GAMMA UNITY_ENABLE_DETAIL_NORMALMAP UNITY_ENABLE_REFLECTION_BUFFERS UNITY_LIGHTMAP_FULL_HDR UNITY_LIGHT_PROBE_PROXY_VOLUME UNITY_PASS_SHADOWCASTER UNITY_PBS_USE_BRDF1 UNITY_SPECCUBE_BLENDING UNITY_SPECCUBE_BOX_PROJECTION UNITY_USE_DITHER_MASK_FOR_ALPHABLENDED_SHADOWS
Disabled keywords: INSTANCING_ON SHADER_API_GLES30 UNITY_ASTC_NORMALMAP_ENCODING UNITY_ENABLE_NATIVE_SHADOW_LOOKUPS UNITY_FRAMEBUFFER_FETCH_AVAILABLE UNITY_HALF_PRECISION_FRAGMENT_SHADER_REGISTERS UNITY_HARDWARE_TIER1 UNITY_HARDWARE_TIER2 UNITY_HARDWARE_TIER3 UNITY_LIGHTMAP_DLDR_ENCODING UNITY_LIGHTMAP_RGBM_ENCODING UNITY_METAL_SHADOWS_USE_POINT_FILTERING UNITY_NO_DXT5nm UNITY_NO_FULL_STANDARD_SHADER UNITY_NO_SCREENSPACE_SHADOWS UNITY_PBS_USE_BRDF2 UNITY_PBS_USE_BRDF3 UNITY_PRETRANSFORM_TO_DISPLAY_ORIENTATION UNITY_UNIFIED_SHADER_PRECISION_MODEL UNITY_VIRTUAL_TEXTURING _ALPHATEST_ON _BLENDMODE_ADD _BLENDMODE_ALPHA _BLENDMODE_PRE_MULTIPLY _DOUBLESIDED_ON _ENABLE_FOG_ON_TRANSPARENT _SURFACE_TYPE_TRANSPARENT
Shader error in 'WorldMatHDRPFree': Couldn't open include file 'Packages/com.unity.render-pipelines.core/ShaderLibrary/Common.hlsl'. at line 1550

Compiling Subshader: 0, Pass: ShadowCaster, Vertex program with <no keywords>
Platform defines: SHADER_API_DESKTOP UNITY_COLORSPACE_GAMMA UNITY_ENABLE_DETAIL_NORMALMAP UNITY_ENABLE_REFLECTION_BUFFERS UNITY_LIGHTMAP_FULL_HDR UNITY_LIGHT_PROBE_PROXY_VOLUME UNITY_PASS_SHADOWCASTER UNITY_PBS_USE_BRDF1 UNITY_SPECCUBE_BLENDING UNITY_SPECCUBE_BOX_PROJECTION UNITY_USE_DITHER_MASK_FOR_ALPHABLENDED_SHADOWS
Disabled keywords: INSTANCING_ON SHADER_API_GLES30 UNITY_ASTC_NORMALMAP_ENCODING UNITY_ENABLE_NATIVE_SHADOW_LOOKUPS UNITY_FRAMEBUFFER_FETCH_AVAILABLE UNITY_HALF_PRECISION_FRAGMENT_SHADER_REGISTERS UNITY_HARDWARE_TIER1 UNITY_HARDWARE_TIER2 UNITY_HARDWARE_TIER3 UNITY_LIGHTMAP_DLDR_ENCODING UNITY_LIGHTMAP_RGBM_ENCODING UNITY_METAL_SHADOWS_USE_POINT_FILTERING UNITY_NO_DXT5nm UNITY_NO_FULL_STANDARD_SHADER UNITY_NO_SCREENSPACE_SHADOWS UNITY_PBS_USE_BRDF2 UNITY_PBS_USE_BRDF3 UNITY_PRETRANSFORM_TO_DISPLAY_ORIENTATION UNITY_UNIFIED_SHADER_PRECISION_MODEL UNITY_VIRTUAL_TEXTURING _ALPHATEST_ON _BLENDMODE_ADD _BLENDMODE_ALPHA _BLENDMODE_PRE_MULTIPLY _DOUBLESIDED_ON _ENABLE_FOG_ON_TRANSPARENT _SURFACE_TYPE_TRANSPARENT
Shader error in 'WorldMatHDRPFree': Couldn't open include file 'Packages/com.unity.render-pipelines.core/ShaderLibrary/Common.hlsl'. at line 1550

Compiling Subshader: 0, Pass: ShadowCaster, Vertex program with <no keywords>
Platform defines: SHADER_API_DESKTOP UNITY_COLORSPACE_GAMMA UNITY_ENABLE_DETAIL_NORMALMAP UNITY_ENABLE_REFLECTION_BUFFERS UNITY_LIGHTMAP_FULL_HDR UNITY_LIGHT_PROBE_PROXY_VOLUME UNITY_PASS_SHADOWCASTER UNITY_PBS_USE_BRDF1 UNITY_SPECCUBE_BLENDING UNITY_SPECCUBE_BOX_PROJECTION UNITY_USE_DITHER_MASK_FOR_ALPHABLENDED_SHADOWS
Disabled keywords: INSTANCING_ON SHADER_API_GLES30 UNITY_ASTC_NORMALMAP_ENCODING UNITY_ENABLE_NATIVE_SHADOW_LOOKUPS UNITY_FRAMEBUFFER_FETCH_AVAILABLE UNITY_HALF_PRECISION_FRAGMENT_SHADER_REGISTERS UNITY_HARDWARE_TIER1 UNITY_HARDWARE_TIER2 UNITY_HARDWARE_TIER3 UNITY_LIGHTMAP_DLDR_ENCODING UNITY_LIGHTMAP_RGBM_ENCODING UNITY_METAL_SHADOWS_USE_POINT_FILTERING UNITY_NO_DXT5nm UNITY_NO_FULL_STANDARD_SHADER UNITY_NO_SCREENSPACE_SHADOWS UNITY_PBS_USE_BRDF2 UNITY_PBS_USE_BRDF3 UNITY_PRETRANSFORM_TO_DISPLAY_ORIENTATION UNITY_UNIFIED_SHADER_PRECISION_MODEL UNITY_VIRTUAL_TEXTURING _ALPHATEST_ON _BLENDMODE_ADD _BLENDMODE_ALPHA _BLENDMODE_PRE_MULTIPLY _DOUBLESIDED_ON _ENABLE_FOG_ON_TRANSPARENT _SURFACE_TYPE_TRANSPARENT
Shader error in 'WorldMatHDRPFree': Couldn't open include file 'Packages/com.unity.render-pipelines.core/ShaderLibrary/Common.hlsl'. at line 1550

Compiling Subshader: 0, Pass: ShadowCaster, Vertex program with <no keywords>
Platform defines: SHADER_API_DESKTOP UNITY_COLORSPACE_GAMMA UNITY_ENABLE_DETAIL_NORMALMAP UNITY_ENABLE_REFLECTION_BUFFERS UNITY_LIGHTMAP_FULL_HDR UNITY_LIGHT_PROBE_PROXY_VOLUME UNITY_PASS_SHADOWCASTER UNITY_PBS_USE_BRDF1 UNITY_SPECCUBE_BLENDING UNITY_SPECCUBE_BOX_PROJECTION UNITY_USE_DITHER_MASK_FOR_ALPHABLENDED_SHADOWS
Disabled keywords: INSTANCING_ON SHADER_API_GLES30 UNITY_ASTC_NORMALMAP_ENCODING UNITY_ENABLE_NATIVE_SHADOW_LOOKUPS UNITY_FRAMEBUFFER_FETCH_AVAILABLE UNITY_HALF_PRECISION_FRAGMENT_SHADER_REGISTERS UNITY_HARDWARE_TIER1 UNITY_HARDWARE_TIER2 UNITY_HARDWARE_TIER3 UNITY_LIGHTMAP_DLDR_ENCODING UNITY_LIGHTMAP_RGBM_ENCODING UNITY_METAL_SHADOWS_USE_POINT_FILTERING UNITY_NO_DXT5nm UNITY_NO_FULL_STANDARD_SHADER UNITY_NO_SCREENSPACE_SHADOWS UNITY_PBS_USE_BRDF2 UNITY_PBS_USE_BRDF3 UNITY_PRETRANSFORM_TO_DISPLAY_ORIENTATION UNITY_UNIFIED_SHADER_PRECISION_MODEL UNITY_VIRTUAL_TEXTURING _ALPHATEST_ON _BLENDMODE_ADD _BLENDMODE_ALPHA _BLENDMODE_PRE_MULTIPLY _DOUBLESIDED_ON _ENABLE_FOG_ON_TRANSPARENT _SURFACE_TYPE_TRANSPARENT
 -> (artifact id: '7bb0497fd3a8d23a04476634fdd567b4') in 0.042149 seconds 
========================================================================
Received Import Request.
  Time since last request: 0.000017 seconds.
  path: Assets/WorldMaterialsFree/Built-In_RPMaterials/DesertSandBrick_WMShader.mat
  artifactKey: Guid(8bbfa9999a12c1c4ba28eb1d7932bc91) Importer(815301076,1909f56bfc062723c751e8b465ee728b)
Start importing Assets/WorldMaterialsFree/Built-In_RPMaterials/DesertSandBrick_WMShader.mat using Guid(8bbfa9999a12c1c4ba28eb1d7932bc91) Importer(815301076,1909f56bfc062723c751e8b465ee728b)  -> (artifact id: '63bae5c99c2c0a5515fc8356618ff4eb') in 0.023811 seconds 
========================================================================
Received Import Request.
  Time since last request: 45.792580 seconds.
  path: Assets/LowPolyOfficeProps_LITE/Prefabs/Chair_DeskChair_Green.prefab
  artifactKey: Guid(0bdc1db6cb4c7a5429b33a0cc442a5af) Importer(815301076,1909f56bfc062723c751e8b465ee728b)
Start importing Assets/LowPolyOfficeProps_LITE/Prefabs/Chair_DeskChair_Green.prefab using Guid(0bdc1db6cb4c7a5429b33a0cc442a5af) Importer(815301076,1909f56bfc062723c751e8b465ee728b)  -> (artifact id: '89928c6cd02d35f720a4e53508973ff7') in 0.193414 seconds 
========================================================================
Received Import Request.
  Time since last request: 0.000045 seconds.
  path: Assets/LowPolyOfficeProps_LITE/Meshes/Chair_DeskChair_Turquoise.fbx
  artifactKey: Guid(a9edd674eaba05f429ec00cbffb2f451) Importer(815301076,1909f56bfc062723c751e8b465ee728b)
Start importing Assets/LowPolyOfficeProps_LITE/Meshes/Chair_DeskChair_Turquoise.fbx using Guid(a9edd674eaba05f429ec00cbffb2f451) Importer(815301076,1909f56bfc062723c751e8b465ee728b)  -> (artifact id: '6c7214548c43f76fb5b76280891be446') in 0.030341 seconds 
========================================================================
Received Import Request.
  Time since last request: 0.000041 seconds.
  path: Assets/LowPolyOfficeProps_LITE/Prefabs/Chair_DeskChair_Turquoise.prefab
  artifactKey: Guid(f7fd5bedd08c0bf4fa8553343dc88e7e) Importer(815301076,1909f56bfc062723c751e8b465ee728b)
Start importing Assets/LowPolyOfficeProps_LITE/Prefabs/Chair_DeskChair_Turquoise.prefab using Guid(f7fd5bedd08c0bf4fa8553343dc88e7e) Importer(815301076,1909f56bfc062723c751e8b465ee728b)  -> (artifact id: 'e63ca4cafc8f6f8623358780775d0674') in 0.018072 seconds 
========================================================================
Received Import Request.
  Time since last request: 0.000044 seconds.
  path: Assets/LowPolyOfficeProps_LITE/Meshes/Chair_DeskChair_Red.fbx
  artifactKey: Guid(a87ea3574aa2f69489b8de266064eb54) Importer(815301076,1909f56bfc062723c751e8b465ee728b)
Start importing Assets/LowPolyOfficeProps_LITE/Meshes/Chair_DeskChair_Red.fbx using Guid(a87ea3574aa2f69489b8de266064eb54) Importer(815301076,1909f56bfc062723c751e8b465ee728b)  -> (artifact id: '27909cf544bd5d876bb15ca77437842b') in 0.018045 seconds 
========================================================================
Received Import Request.
  Time since last request: 50.965033 seconds.
  path: Assets/LowPolyOfficeProps_LITE/Meshes/Chair_Conference_Green.fbx
  artifactKey: Guid(361a346e5fbb4bd4395e265c6eeb4379) Importer(815301076,1909f56bfc062723c751e8b465ee728b)
Start importing Assets/LowPolyOfficeProps_LITE/Meshes/Chair_Conference_Green.fbx using Guid(361a346e5fbb4bd4395e265c6eeb4379) Importer(815301076,1909f56bfc062723c751e8b465ee728b)  -> (artifact id: '1cd015c0ecd5d9f947ab1c04bb136d65') in 0.021397 seconds 
========================================================================
Received Import Request.
  Time since last request: 0.000020 seconds.
  path: Assets/LowPolyOfficeProps_LITE/Meshes/FilingCabinetThreeStack_Case.fbx
  artifactKey: Guid(bb2647f264e18424b9602c8447ca03b6) Importer(815301076,1909f56bfc062723c751e8b465ee728b)
Start importing Assets/LowPolyOfficeProps_LITE/Meshes/FilingCabinetThreeStack_Case.fbx using Guid(bb2647f264e18424b9602c8447ca03b6) Importer(815301076,1909f56bfc062723c751e8b465ee728b)  -> (artifact id: '524b4617420faea4ab3563316ad3a8c8') in 0.074601 seconds 
========================================================================
Received Import Request.
  Time since last request: 0.000024 seconds.
  path: Assets/LowPolyOfficeProps_LITE/Meshes/Chair_Conference_Turquoise.fbx
  artifactKey: Guid(c90f69102d5256d43b009d60d80be58f) Importer(815301076,1909f56bfc062723c751e8b465ee728b)
Start importing Assets/LowPolyOfficeProps_LITE/Meshes/Chair_Conference_Turquoise.fbx using Guid(c90f69102d5256d43b009d60d80be58f) Importer(815301076,1909f56bfc062723c751e8b465ee728b)  -> (artifact id: 'ec09fd41520242575e64b4714d13526e') in 0.048611 seconds 
========================================================================
Received Import Request.
  Time since last request: 0.000031 seconds.
  path: Assets/LowPolyOfficeProps_LITE/Meshes/Umbrella_Closed.fbx
  artifactKey: Guid(eaaaf3cbcaaa10740ac9240fada764a4) Importer(815301076,1909f56bfc062723c751e8b465ee728b)
Start importing Assets/LowPolyOfficeProps_LITE/Meshes/Umbrella_Closed.fbx using Guid(eaaaf3cbcaaa10740ac9240fada764a4) Importer(815301076,1909f56bfc062723c751e8b465ee728b)  -> (artifact id: '82345a06c5b5d893257d699484365c2f') in 0.032794 seconds 
========================================================================
Received Import Request.
  Time since last request: 0.000046 seconds.
  path: Assets/LowPolyOfficeProps_LITE/Meshes/Chair_Conference_Red.fbx
  artifactKey: Guid(b0b00666ed125cb45bd0dee9ce40cc77) Importer(815301076,1909f56bfc062723c751e8b465ee728b)
Start importing Assets/LowPolyOfficeProps_LITE/Meshes/Chair_Conference_Red.fbx using Guid(b0b00666ed125cb45bd0dee9ce40cc77) Importer(815301076,1909f56bfc062723c751e8b465ee728b)  -> (artifact id: '439df0a1e61579859e197b5d2b5995bf') in 0.028657 seconds 
========================================================================
Received Import Request.
  Time since last request: 0.000019 seconds.
  path: Assets/LowPolyOfficeProps_LITE/Meshes/Laptop_Off.fbx
  artifactKey: Guid(330d79396317d234b8cb95659d768fac) Importer(815301076,1909f56bfc062723c751e8b465ee728b)
Start importing Assets/LowPolyOfficeProps_LITE/Meshes/Laptop_Off.fbx using Guid(330d79396317d234b8cb95659d768fac) Importer(815301076,1909f56bfc062723c751e8b465ee728b)  -> (artifact id: 'bf9cef44ce129c1963832ad6aaa9e960') in 0.067099 seconds 
========================================================================
Received Import Request.
  Time since last request: 6.151878 seconds.
  path: Assets/LowPolyOfficeProps_LITE/LowPolyOfficeProps_LiteScene/ReflectionProbe-0.exr
  artifactKey: Guid(9aaed1bf60be8ac438ff0a3800dd1c4d) Importer(815301076,1909f56bfc062723c751e8b465ee728b)
Start importing Assets/LowPolyOfficeProps_LITE/LowPolyOfficeProps_LiteScene/ReflectionProbe-0.exr using Guid(9aaed1bf60be8ac438ff0a3800dd1c4d) Importer(815301076,1909f56bfc062723c751e8b465ee728b)  -> (artifact id: 'b3d94d9e387a2bc6f2183922a9c2ee17') in 0.034919 seconds 
========================================================================
Received Import Request.
  Time since last request: 2.565595 seconds.
  path: Assets/LowPolyOfficeProps_LITE/Prefabs/Chair_Conference_Green.prefab
  artifactKey: Guid(f0fd1300e91d2bf43b23bde299755026) Importer(815301076,1909f56bfc062723c751e8b465ee728b)
Start importing Assets/LowPolyOfficeProps_LITE/Prefabs/Chair_Conference_Green.prefab using Guid(f0fd1300e91d2bf43b23bde299755026) Importer(815301076,1909f56bfc062723c751e8b465ee728b)  -> (artifact id: '6718e223e5664a43ff423b4e4762979f') in 0.017561 seconds 
========================================================================
Received Import Request.
  Time since last request: 0.000029 seconds.
  path: Assets/LowPolyOfficeProps_LITE/Prefabs/Chair_Office_Purple.prefab
  artifactKey: Guid(584445047de52fb4ab7f6b25554eb174) Importer(815301076,1909f56bfc062723c751e8b465ee728b)
Start importing Assets/LowPolyOfficeProps_LITE/Prefabs/Chair_Office_Purple.prefab using Guid(584445047de52fb4ab7f6b25554eb174) Importer(815301076,1909f56bfc062723c751e8b465ee728b)  -> (artifact id: '264e6ca94081aa8c0c3df6aaf262bda7') in 0.027257 seconds 
========================================================================
Received Import Request.
  Time since last request: 0.000027 seconds.
  path: Assets/LowPolyOfficeProps_LITE/Prefabs/Chair_Office_Red.prefab
  artifactKey: Guid(2ba61ae89b603e04384293242684b09e) Importer(815301076,1909f56bfc062723c751e8b465ee728b)
Start importing Assets/LowPolyOfficeProps_LITE/Prefabs/Chair_Office_Red.prefab using Guid(2ba61ae89b603e04384293242684b09e) Importer(815301076,1909f56bfc062723c751e8b465ee728b)  -> (artifact id: '934dc0ee2f93ae655786e6000cc9beef') in 0.023071 seconds 
========================================================================
Received Import Request.
  Time since last request: 0.000032 seconds.
  path: Assets/LowPolyOfficeProps_LITE/Prefabs/Chair_Conference_Turquoise.prefab
  artifactKey: Guid(b54ade383d0758b43b6e719ba435b430) Importer(815301076,1909f56bfc062723c751e8b465ee728b)
Start importing Assets/LowPolyOfficeProps_LITE/Prefabs/Chair_Conference_Turquoise.prefab using Guid(b54ade383d0758b43b6e719ba435b430) Importer(815301076,1909f56bfc062723c751e8b465ee728b)  -> (artifact id: '249bdefe535961d4cb387a6299361d01') in 0.019377 seconds 
========================================================================
Received Import Request.
  Time since last request: 0.000022 seconds.
  path: Assets/LowPolyOfficeProps_LITE/Prefabs/Laptop_On.prefab
  artifactKey: Guid(112cc81e36e745449bf229e4dbb3e073) Importer(815301076,1909f56bfc062723c751e8b465ee728b)
Start importing Assets/LowPolyOfficeProps_LITE/Prefabs/Laptop_On.prefab using Guid(112cc81e36e745449bf229e4dbb3e073) Importer(815301076,1909f56bfc062723c751e8b465ee728b)  -> (artifact id: 'cfef50479d0586bc83860e684b46d860') in 0.017878 seconds 
========================================================================
Received Import Request.
  Time since last request: 0.000025 seconds.
  path: Assets/LowPolyOfficeProps_LITE/Prefabs/Pen.prefab
  artifactKey: Guid(25a0ecfef2d64e744a3a13f1e8d37a38) Importer(815301076,1909f56bfc062723c751e8b465ee728b)
Start importing Assets/LowPolyOfficeProps_LITE/Prefabs/Pen.prefab using Guid(25a0ecfef2d64e744a3a13f1e8d37a38) Importer(815301076,1909f56bfc062723c751e8b465ee728b)  -> (artifact id: 'cc4f6ff98ed3c315b3c37e3bd569700a') in 0.021834 seconds 
========================================================================
Received Import Request.
  Time since last request: 0.000021 seconds.
  path: Assets/LowPolyOfficeProps_LITE/Prefabs/Chair_Office_Olive.prefab
  artifactKey: Guid(f14cbdd8ee1424e469bf00996f0eeaf1) Importer(815301076,1909f56bfc062723c751e8b465ee728b)
Start importing Assets/LowPolyOfficeProps_LITE/Prefabs/Chair_Office_Olive.prefab using Guid(f14cbdd8ee1424e469bf00996f0eeaf1) Importer(815301076,1909f56bfc062723c751e8b465ee728b)  -> (artifact id: 'aeb0d500476d48ac0d9409b31d19e85f') in 0.016927 seconds 
========================================================================
Received Import Request.
  Time since last request: 622.156224 seconds.
  path: Assets/Brick Project Studio/Apartment Kit/_Prefabs/Props/Art/Canvas_Painting_01.prefab
  artifactKey: Guid(034a790e51efb8c42af98f9b7728dfe6) Importer(815301076,1909f56bfc062723c751e8b465ee728b)
Start importing Assets/Brick Project Studio/Apartment Kit/_Prefabs/Props/Art/Canvas_Painting_01.prefab using Guid(034a790e51efb8c42af98f9b7728dfe6) Importer(815301076,1909f56bfc062723c751e8b465ee728b)  -> (artifact id: '37183f08aba99477e1aa0fb8c4e7431c') in 0.021818 seconds 
========================================================================
Received Import Request.
  Time since last request: 0.009660 seconds.
  path: Assets/Brick Project Studio/Apartment Kit/Common/Materials/Misc/Canvas_Painting_01.mat
  artifactKey: Guid(5c4d526e95a945e46abbe1645a318634) Importer(815301076,1909f56bfc062723c751e8b465ee728b)
Start importing Assets/Brick Project Studio/Apartment Kit/Common/Materials/Misc/Canvas_Painting_01.mat using Guid(5c4d526e95a945e46abbe1645a318634) Importer(815301076,1909f56bfc062723c751e8b465ee728b)  -> (artifact id: '22a72b577ad81cc83d3194f3edaced73') in 0.018063 seconds 
========================================================================
Received Import Request.
  Time since last request: 0.000018 seconds.
  path: Assets/Brick Project Studio/Apartment Kit/Common/Materials/Misc/Canvas_Painting_02.mat
  artifactKey: Guid(70c663d62a3d11442934efad3b175b35) Importer(815301076,1909f56bfc062723c751e8b465ee728b)
Start importing Assets/Brick Project Studio/Apartment Kit/Common/Materials/Misc/Canvas_Painting_02.mat using Guid(70c663d62a3d11442934efad3b175b35) Importer(815301076,1909f56bfc062723c751e8b465ee728b)  -> (artifact id: '298239250dfef0eff6f83801a53b07e2') in 0.019089 seconds 
========================================================================
Received Import Request.
  Time since last request: 0.000021 seconds.
  path: Assets/Brick Project Studio/Apartment Kit/_Prefabs/Props/Art/Canvas_Painting_02.prefab
  artifactKey: Guid(00c4356a751fbc5439abb629f6dc361e) Importer(815301076,1909f56bfc062723c751e8b465ee728b)
Start importing Assets/Brick Project Studio/Apartment Kit/_Prefabs/Props/Art/Canvas_Painting_02.prefab using Guid(00c4356a751fbc5439abb629f6dc361e) Importer(815301076,1909f56bfc062723c751e8b465ee728b)  -> (artifact id: 'edee14c0716ddc9e33d62c42bece19f9') in 0.020971 seconds 
Editor requested this worker to shutdown with reason: Scaling down because of idle timeout
AssetImportWorker is now disconnected from the server
Process exiting
Exiting without the bug reporter. Application will terminate with return code 0