Using pre-set license
Built from '2021.3/staging' branch; Version is '2021.3.1f1 (3b70a0754835) revision 3895456'; Using compiler version '192829333'; Build Type 'Release'
OS: 'Windows 10  (10.0.19045) 64bit Professional' Language: 'ko' Physical Memory: 32688 MB
BatchMode: 1, IsHumanControllingUs: 0, StartBugReporterOnCrash: 0, Is64bit: 1, IsPro: 1

COMMAND LINE ARGUMENTS:
C:\Program Files\Unity\Hub\Editor\2021.3.1f1\Editor\Unity.exe
-adb2
-batchMode
-noUpm
-name
AssetImportWorker15
-projectPath
C:/Users/zz525/iMeta2023
-logFile
Logs/AssetImportWorker15.log
-srvPort
12465
Successfully changed project path to: C:/Users/zz525/iMeta2023
C:/Users/zz525/iMeta2023
[UnityMemory] Configuration Parameters - Can be set up in boot.config
    "memorysetup-bucket-allocator-granularity=16"
    "memorysetup-bucket-allocator-bucket-count=8"
    "memorysetup-bucket-allocator-block-size=33554432"
    "memorysetup-bucket-allocator-block-count=8"
    "memorysetup-main-allocator-block-size=16777216"
    "memorysetup-thread-allocator-block-size=16777216"
    "memorysetup-gfx-main-allocator-block-size=16777216"
    "memorysetup-gfx-thread-allocator-block-size=16777216"
    "memorysetup-cache-allocator-block-size=4194304"
    "memorysetup-typetree-allocator-block-size=2097152"
    "memorysetup-profiler-bucket-allocator-granularity=16"
    "memorysetup-profiler-bucket-allocator-bucket-count=8"
    "memorysetup-profiler-bucket-allocator-block-size=33554432"
    "memorysetup-profiler-bucket-allocator-block-count=8"
    "memorysetup-profiler-allocator-block-size=16777216"
    "memorysetup-profiler-editor-allocator-block-size=1048576"
    "memorysetup-temp-allocator-size-main=16777216"
    "memorysetup-job-temp-allocator-block-size=2097152"
    "memorysetup-job-temp-allocator-block-size-background=1048576"
    "memorysetup-job-temp-allocator-reduction-small-platforms=262144"
    "memorysetup-temp-allocator-size-background-worker=32768"
    "memorysetup-temp-allocator-size-job-worker=262144"
    "memorysetup-temp-allocator-size-preload-manager=33554432"
    "memorysetup-temp-allocator-size-nav-mesh-worker=65536"
    "memorysetup-temp-allocator-size-audio-worker=65536"
    "memorysetup-temp-allocator-size-cloud-worker=32768"
    "memorysetup-temp-allocator-size-gi-baking-worker=262144"
    "memorysetup-temp-allocator-size-gfx=262144"
Refreshing native plugins compatible for Editor in 69.41 ms, found 3 plugins.
Preloading 0 native plugins for Editor in 0.00 ms.
Initialize engine version: 2021.3.1f1 (3b70a0754835)
[Subsystems] Discovering subsystems at path C:/Program Files/Unity/Hub/Editor/2021.3.1f1/Editor/Data/Resources/UnitySubsystems
[Subsystems] Discovering subsystems at path C:/Users/zz525/iMeta2023/Assets
GfxDevice: creating device client; threaded=0; jobified=0
Direct3D:
    Version:  Direct3D 11.0 [level 11.1]
    Renderer: NVIDIA GeForce RTX 3090 (ID=0x2204)
    Vendor:   NVIDIA
    VRAM:     24348 MB
    Driver:   31.0.15.1694
Initialize mono
Mono path[0] = 'C:/Program Files/Unity/Hub/Editor/2021.3.1f1/Editor/Data/Managed'
Mono path[1] = 'C:/Program Files/Unity/Hub/Editor/2021.3.1f1/Editor/Data/MonoBleedingEdge/lib/mono/unityjit-win32'
Mono config path = 'C:/Program Files/Unity/Hub/Editor/2021.3.1f1/Editor/Data/MonoBleedingEdge/etc'
Using monoOptions --debugger-agent=transport=dt_socket,embedding=1,server=y,suspend=n,address=127.0.0.1:56368
Begin MonoManager ReloadAssembly
Registering precompiled unity dll's ...
Register platform support module: C:/Program Files/Unity/Hub/Editor/2021.3.1f1/Editor/Data/PlaybackEngines/WebGLSupport/UnityEditor.WebGL.Extensions.dll
Register platform support module: C:/Program Files/Unity/Hub/Editor/2021.3.1f1/Editor/Data/PlaybackEngines/AndroidPlayer/UnityEditor.Android.Extensions.dll
Register platform support module: C:/Program Files/Unity/Hub/Editor/2021.3.1f1/Editor/Data/PlaybackEngines/iOSSupport/UnityEditor.iOS.Extensions.dll
Register platform support module: C:/Program Files/Unity/Hub/Editor/2021.3.1f1/Editor/Data/PlaybackEngines/WindowsStandaloneSupport/UnityEditor.WindowsStandalone.Extensions.dll
Registered in 0.020282 seconds.
Native extension for WindowsStandalone target not found
[usbmuxd] Start listen thread
[usbmuxd] Listen thread started
Native extension for iOS target not found
Native extension for Android target not found
Native extension for WebGL target not found
Refreshing native plugins compatible for Editor in 67.92 ms, found 3 plugins.
Preloading 0 native plugins for Editor in 0.00 ms.
Mono: successfully reloaded assembly
- Completed reload, in  0.648 seconds
Domain Reload Profiling:
	ReloadAssembly (648ms)
		BeginReloadAssembly (87ms)
			ExecutionOrderSort (0ms)
			DisableScriptedObjects (0ms)
			BackupInstance (0ms)
			ReleaseScriptingObjects (0ms)
			CreateAndSetChildDomain (1ms)
		EndReloadAssembly (439ms)
			LoadAssemblies (84ms)
			RebuildTransferFunctionScriptingTraits (0ms)
			SetupTypeCache (99ms)
			ReleaseScriptCaches (0ms)
			RebuildScriptCaches (23ms)
			SetupLoadedEditorAssemblies (267ms)
				LogAssemblyErrors (0ms)
				InitializePlatformSupportModulesInManaged (64ms)
				SetLoadedEditorAssemblies (2ms)
				RefreshPlugins (68ms)
				BeforeProcessingInitializeOnLoad (1ms)
				ProcessInitializeOnLoadAttributes (81ms)
				ProcessInitializeOnLoadMethodAttributes (50ms)
				AfterProcessingInitializeOnLoad (0ms)
				EditorAssembliesLoaded (0ms)
			ExecutionOrderSort2 (0ms)
			AwakeInstancesAfterBackupRestoration (0ms)
Platform modules already initialized, skipping
Registering precompiled user dll's ...
Registered in 0.007704 seconds.
Begin MonoManager ReloadAssembly
Symbol file LoadedFromMemory doesn't match image C:\Users\zz525\iMeta2023\Library\PackageCache\com.unity.visualscripting@1.7.6\Editor\VisualScripting.Core\Dependencies\YamlDotNet\Unity.VisualScripting.YamlDotNet.dll
Symbol file LoadedFromMemory is not a mono symbol file
Symbol file LoadedFromMemory doesn't match image C:\Users\zz525\iMeta2023\Library\PackageCache\com.unity.visualscripting@1.7.6\Editor\VisualScripting.Core\Dependencies\DotNetZip\Unity.VisualScripting.IonicZip.dll
Native extension for WindowsStandalone target not found
Native extension for iOS target not found
Native extension for Android target not found
Native extension for WebGL target not found
Refreshing native plugins compatible for Editor in 0.53 ms, found 3 plugins.
Preloading 0 native plugins for Editor in 0.00 ms.
Mono: successfully reloaded assembly
- Completed reload, in  1.147 seconds
Domain Reload Profiling:
	ReloadAssembly (1147ms)
		BeginReloadAssembly (230ms)
			ExecutionOrderSort (0ms)
			DisableScriptedObjects (5ms)
			BackupInstance (0ms)
			ReleaseScriptingObjects (0ms)
			CreateAndSetChildDomain (128ms)
		EndReloadAssembly (802ms)
			LoadAssemblies (136ms)
			RebuildTransferFunctionScriptingTraits (0ms)
			SetupTypeCache (258ms)
			ReleaseScriptCaches (1ms)
			RebuildScriptCaches (42ms)
			SetupLoadedEditorAssemblies (330ms)
				LogAssemblyErrors (0ms)
				InitializePlatformSupportModulesInManaged (28ms)
				SetLoadedEditorAssemblies (0ms)
				RefreshPlugins (1ms)
				BeforeProcessingInitializeOnLoad (80ms)
				ProcessInitializeOnLoadAttributes (187ms)
				ProcessInitializeOnLoadMethodAttributes (19ms)
				AfterProcessingInitializeOnLoad (16ms)
				EditorAssembliesLoaded (0ms)
			ExecutionOrderSort2 (0ms)
			AwakeInstancesAfterBackupRestoration (19ms)
Platform modules already initialized, skipping
========================================================================
Worker process is ready to serve import requests
Launched and connected shader compiler UnityShaderCompiler.exe after 0.12 seconds
Refreshing native plugins compatible for Editor in 1.36 ms, found 3 plugins.
Preloading 0 native plugins for Editor in 0.00 ms.
Unloading 3248 Unused Serialized files (Serialized files now loaded: 0)
Unloading 25 unused Assets / (0.8 MB). Loaded Objects now: 3716.
Memory consumption went from 118.5 MB to 117.7 MB.
Total: 4.866400 ms (FindLiveObjects: 0.458300 ms CreateObjectMapping: 0.429900 ms MarkObjects: 3.509200 ms  DeleteObjects: 0.468100 ms)

AssetImportParameters requested are different than current active one (requested -> active):
  custom:video-decoder-ogg-theora: a1e56fd34408186e4bbccfd4996cb3dc -> 
  custom:container-muxer-webm: aa71ff27fc2769a1b78a27578f13a17b -> 
  custom:container-demuxer-webm: 4f35f7cbe854078d1ac9338744f61a02 -> 
  custom:video-encoder-webm-vp8: eb34c28f22e8b96e1ab97ce403110664 -> 
  custom:audio-encoder-webm-vorbis: bf7c407c2cedff20999df2af8eb42d56 -> 
  custom:framework-win-MediaFoundation: 216162199b28c13a410421893ffa2e32 -> 
  custom:container-demuxer-ogg: 62fdf1f143b41e24485cea50d1cbac27 -> 
  custom:video-decoder-webm-vp8: 9c59270c3fd7afecdb556c50c9e8de78 -> 
  custom:audio-decoder-ogg-vorbis: bf7c407c2cedff20999df2af8eb42d56 -> 
========================================================================
Received Import Request.
  Time since last request: 366184.023914 seconds.
  path: Assets/Brick Project Studio/Apartment Kit/_Prefabs/Props/Lighting/Lamp_BR_01.prefab
  artifactKey: Guid(046ec50b8328aa54c96774a0cc973a01) Importer(815301076,1909f56bfc062723c751e8b465ee728b)
Start importing Assets/Brick Project Studio/Apartment Kit/_Prefabs/Props/Lighting/Lamp_BR_01.prefab using Guid(046ec50b8328aa54c96774a0cc973a01) Importer(815301076,1909f56bfc062723c751e8b465ee728b)  -> (artifact id: 'ff6ac2af1e1833b756af39e950af837a') in 0.142678 seconds 
========================================================================
Received Import Request.
  Time since last request: 0.000032 seconds.
  path: Assets/Brick Project Studio/Apartment Kit/_Prefabs/Props/Lighting/Lamp_Table_Apt_02.prefab
  artifactKey: Guid(142ac07ac204863418a6f3f9b0ac660c) Importer(815301076,1909f56bfc062723c751e8b465ee728b)
Start importing Assets/Brick Project Studio/Apartment Kit/_Prefabs/Props/Lighting/Lamp_Table_Apt_02.prefab using Guid(142ac07ac204863418a6f3f9b0ac660c) Importer(815301076,1909f56bfc062723c751e8b465ee728b)  -> (artifact id: '1f4334f9f1e7f5fcbd19e7e204297345') in 0.052987 seconds 
========================================================================
Received Import Request.
  Time since last request: 0.711165 seconds.
  path: Assets/Brick Project Studio/Apartment Kit/_Prefabs/Props/Misc/CandelSetting_apt_01.prefab
  artifactKey: Guid(e2fa05d22ec876745aec3dd263e3622f) Importer(815301076,1909f56bfc062723c751e8b465ee728b)
Start importing Assets/Brick Project Studio/Apartment Kit/_Prefabs/Props/Misc/CandelSetting_apt_01.prefab using Guid(e2fa05d22ec876745aec3dd263e3622f) Importer(815301076,1909f56bfc062723c751e8b465ee728b)  -> (artifact id: 'ad9e0e103ae4c0edbbf381113b994d6a') in 0.103433 seconds 
========================================================================
Received Import Request.
  Time since last request: 7.869678 seconds.
  path: Assets/Brick Project Studio/Apartment Kit/_Prefabs/Props/Sculptures/Mech_apt_01.prefab
  artifactKey: Guid(2d6f3b929468cea46a733cd9fe79f4c9) Importer(815301076,1909f56bfc062723c751e8b465ee728b)
Start importing Assets/Brick Project Studio/Apartment Kit/_Prefabs/Props/Sculptures/Mech_apt_01.prefab using Guid(2d6f3b929468cea46a733cd9fe79f4c9) Importer(815301076,1909f56bfc062723c751e8b465ee728b)  -> (artifact id: 'e161beaa6f0b2181b65679f3db76126b') in 0.016717 seconds 
========================================================================
Received Import Request.
  Time since last request: 0.000661 seconds.
  path: Assets/Brick Project Studio/Apartment Kit/_Prefabs/Props/Sculptures/Sculpture_apt_01_05.prefab
  artifactKey: Guid(98d3eb0b3a4e0684ea38b5d3fe1c5fd6) Importer(815301076,1909f56bfc062723c751e8b465ee728b)
Start importing Assets/Brick Project Studio/Apartment Kit/_Prefabs/Props/Sculptures/Sculpture_apt_01_05.prefab using Guid(98d3eb0b3a4e0684ea38b5d3fe1c5fd6) Importer(815301076,1909f56bfc062723c751e8b465ee728b)  -> (artifact id: 'bfa3923744c1ba330da30329a87f739f') in 0.017734 seconds 
========================================================================
Received Import Request.
  Time since last request: 0.000020 seconds.
  path: Assets/Brick Project Studio/Apartment Kit/_Prefabs/Props/Sculptures/Sculpture_apt_02_02.prefab
  artifactKey: Guid(7148452916a07f34a8145e1d3f150b7d) Importer(815301076,1909f56bfc062723c751e8b465ee728b)
Start importing Assets/Brick Project Studio/Apartment Kit/_Prefabs/Props/Sculptures/Sculpture_apt_02_02.prefab using Guid(7148452916a07f34a8145e1d3f150b7d) Importer(815301076,1909f56bfc062723c751e8b465ee728b)  -> (artifact id: '0e6c5876d88a470e4d3b699edc26fe75') in 0.034175 seconds 
========================================================================
Received Import Request.
  Time since last request: 0.737924 seconds.
  path: Assets/Brick Project Studio/Apartment Kit/_Prefabs/Props/Wine Liquor Beer and Glassware - Sample/CorkScrew_01.prefab
  artifactKey: Guid(22294fbb399136745912705cd64924db) Importer(815301076,1909f56bfc062723c751e8b465ee728b)
Start importing Assets/Brick Project Studio/Apartment Kit/_Prefabs/Props/Wine Liquor Beer and Glassware - Sample/CorkScrew_01.prefab using Guid(22294fbb399136745912705cd64924db) Importer(815301076,1909f56bfc062723c751e8b465ee728b)  -> (artifact id: 'cb603d5244f63357ba3d2dfccbc3c122') in 0.025416 seconds 
========================================================================
Received Import Request.
  Time since last request: 0.000018 seconds.
  path: Assets/Brick Project Studio/Apartment Kit/_Prefabs/Props/Wine Liquor Beer and Glassware - Sample/wine thin glass.prefab
  artifactKey: Guid(14973bbaa08d142449d2405142caff8d) Importer(815301076,1909f56bfc062723c751e8b465ee728b)
Start importing Assets/Brick Project Studio/Apartment Kit/_Prefabs/Props/Wine Liquor Beer and Glassware - Sample/wine thin glass.prefab using Guid(14973bbaa08d142449d2405142caff8d) Importer(815301076,1909f56bfc062723c751e8b465ee728b)  -> (artifact id: 'b5d21433c1bf3a3cecf109cd6d56c966') in 0.017590 seconds 
========================================================================
Received Import Request.
  Time since last request: 4.977575 seconds.
  path: Assets/Brick Project Studio/Apartment Kit/Common/Models
  artifactKey: Guid(0e1a7a4954a0e0d47b38ada5fb16bf04) Importer(815301076,1909f56bfc062723c751e8b465ee728b)
Start importing Assets/Brick Project Studio/Apartment Kit/Common/Models using Guid(0e1a7a4954a0e0d47b38ada5fb16bf04) Importer(815301076,1909f56bfc062723c751e8b465ee728b)  -> (artifact id: 'fe54e6d090b47675bc3973b77f896451') in 0.006072 seconds 
========================================================================
Received Import Request.
  Time since last request: 0.051174 seconds.
  path: Assets/Brick Project Studio/Apartment Kit/Common/Models/Apt_Furniture_01.fbx
  artifactKey: Guid(7a1dd57bd8b6ca44cbf5f922801b2975) Importer(815301076,1909f56bfc062723c751e8b465ee728b)
Start importing Assets/Brick Project Studio/Apartment Kit/Common/Models/Apt_Furniture_01.fbx using Guid(7a1dd57bd8b6ca44cbf5f922801b2975) Importer(815301076,1909f56bfc062723c751e8b465ee728b)  -> (artifact id: '5c13cb4fd14e1ebd36b6c3aeaa70de8c') in 0.577474 seconds 
========================================================================
Received Import Request.
  Time since last request: 0.000033 seconds.
  path: Assets/Brick Project Studio/Apartment Kit/Common/Models/Vase.fbx
  artifactKey: Guid(2b4a2d31e35c5ce4cacda7ea46d6d187) Importer(815301076,1909f56bfc062723c751e8b465ee728b)
Start importing Assets/Brick Project Studio/Apartment Kit/Common/Models/Vase.fbx using Guid(2b4a2d31e35c5ce4cacda7ea46d6d187) Importer(815301076,1909f56bfc062723c751e8b465ee728b)  -> (artifact id: '722e3878803143b86d19cc9797deb7d9') in 0.038083 seconds 
========================================================================
Received Import Request.
  Time since last request: 0.000027 seconds.
  path: Assets/Brick Project Studio/Apartment Kit/Common/Models/wine thin glass.fbx
  artifactKey: Guid(09cb81f6ddeeb3046979371d041373b5) Importer(815301076,1909f56bfc062723c751e8b465ee728b)
Start importing Assets/Brick Project Studio/Apartment Kit/Common/Models/wine thin glass.fbx using Guid(09cb81f6ddeeb3046979371d041373b5) Importer(815301076,1909f56bfc062723c751e8b465ee728b)  -> (artifact id: '68adf73da2d20132c368128d91772bbe') in 0.023342 seconds 
========================================================================
Received Import Request.
  Time since last request: 0.000020 seconds.
  path: Assets/Brick Project Studio/Apartment Kit/Common/Models/Bathroom_Corner_Tiles.fbx
  artifactKey: Guid(d265ac661f1c8d64386d043a4b4b8f9c) Importer(815301076,1909f56bfc062723c751e8b465ee728b)
Start importing Assets/Brick Project Studio/Apartment Kit/Common/Models/Bathroom_Corner_Tiles.fbx using Guid(d265ac661f1c8d64386d043a4b4b8f9c) Importer(815301076,1909f56bfc062723c751e8b465ee728b)  -> (artifact id: '9109a9d5cd0487d7f60ad15f2be8b2a1') in 0.041499 seconds 
========================================================================
Received Import Request.
  Time since last request: 10.914673 seconds.
  path: Assets/WorldMaterialsFree/HDRPMaterials/AgedDarkWood_HDRPShader.mat
  artifactKey: Guid(cde7255234641b94b851e443341c8797) Importer(815301076,1909f56bfc062723c751e8b465ee728b)
Start importing Assets/WorldMaterialsFree/HDRPMaterials/AgedDarkWood_HDRPShader.mat using Guid(cde7255234641b94b851e443341c8797) Importer(815301076,1909f56bfc062723c751e8b465ee728b) Shader error in 'WorldMatHDRPFree': Couldn't open include file 'Packages/com.unity.render-pipelines.core/ShaderLibrary/Common.hlsl'. at line 1550

Compiling Subshader: 0, Pass: ShadowCaster, Vertex program with <no keywords>
Platform defines: SHADER_API_DESKTOP UNITY_COLORSPACE_GAMMA UNITY_ENABLE_DETAIL_NORMALMAP UNITY_ENABLE_REFLECTION_BUFFERS UNITY_LIGHTMAP_FULL_HDR UNITY_LIGHT_PROBE_PROXY_VOLUME UNITY_PASS_SHADOWCASTER UNITY_PBS_USE_BRDF1 UNITY_SPECCUBE_BLENDING UNITY_SPECCUBE_BOX_PROJECTION UNITY_USE_DITHER_MASK_FOR_ALPHABLENDED_SHADOWS
Disabled keywords: INSTANCING_ON SHADER_API_GLES30 UNITY_ASTC_NORMALMAP_ENCODING UNITY_ENABLE_NATIVE_SHADOW_LOOKUPS UNITY_FRAMEBUFFER_FETCH_AVAILABLE UNITY_HALF_PRECISION_FRAGMENT_SHADER_REGISTERS UNITY_HARDWARE_TIER1 UNITY_HARDWARE_TIER2 UNITY_HARDWARE_TIER3 UNITY_LIGHTMAP_DLDR_ENCODING UNITY_LIGHTMAP_RGBM_ENCODING UNITY_METAL_SHADOWS_USE_POINT_FILTERING UNITY_NO_DXT5nm UNITY_NO_FULL_STANDARD_SHADER UNITY_NO_SCREENSPACE_SHADOWS UNITY_PBS_USE_BRDF2 UNITY_PBS_USE_BRDF3 UNITY_PRETRANSFORM_TO_DISPLAY_ORIENTATION UNITY_UNIFIED_SHADER_PRECISION_MODEL UNITY_VIRTUAL_TEXTURING _ALPHATEST_ON _BLENDMODE_ADD _BLENDMODE_ALPHA _BLENDMODE_PRE_MULTIPLY _DOUBLESIDED_ON _ENABLE_FOG_ON_TRANSPARENT _SURFACE_TYPE_TRANSPARENT
Shader error in 'WorldMatHDRPFree': Couldn't open include file 'Packages/com.unity.render-pipelines.core/ShaderLibrary/Common.hlsl'. at line 1550

Compiling Subshader: 0, Pass: ShadowCaster, Vertex program with <no keywords>
Platform defines: SHADER_API_DESKTOP UNITY_COLORSPACE_GAMMA UNITY_ENABLE_DETAIL_NORMALMAP UNITY_ENABLE_REFLECTION_BUFFERS UNITY_LIGHTMAP_FULL_HDR UNITY_LIGHT_PROBE_PROXY_VOLUME UNITY_PASS_SHADOWCASTER UNITY_PBS_USE_BRDF1 UNITY_SPECCUBE_BLENDING UNITY_SPECCUBE_BOX_PROJECTION UNITY_USE_DITHER_MASK_FOR_ALPHABLENDED_SHADOWS
Disabled keywords: INSTANCING_ON SHADER_API_GLES30 UNITY_ASTC_NORMALMAP_ENCODING UNITY_ENABLE_NATIVE_SHADOW_LOOKUPS UNITY_FRAMEBUFFER_FETCH_AVAILABLE UNITY_HALF_PRECISION_FRAGMENT_SHADER_REGISTERS UNITY_HARDWARE_TIER1 UNITY_HARDWARE_TIER2 UNITY_HARDWARE_TIER3 UNITY_LIGHTMAP_DLDR_ENCODING UNITY_LIGHTMAP_RGBM_ENCODING UNITY_METAL_SHADOWS_USE_POINT_FILTERING UNITY_NO_DXT5nm UNITY_NO_FULL_STANDARD_SHADER UNITY_NO_SCREENSPACE_SHADOWS UNITY_PBS_USE_BRDF2 UNITY_PBS_USE_BRDF3 UNITY_PRETRANSFORM_TO_DISPLAY_ORIENTATION UNITY_UNIFIED_SHADER_PRECISION_MODEL UNITY_VIRTUAL_TEXTURING _ALPHATEST_ON _BLENDMODE_ADD _BLENDMODE_ALPHA _BLENDMODE_PRE_MULTIPLY _DOUBLESIDED_ON _ENABLE_FOG_ON_TRANSPARENT _SURFACE_TYPE_TRANSPARENT
Shader error in 'WorldMatHDRPFree': Couldn't open include file 'Packages/com.unity.render-pipelines.core/ShaderLibrary/Common.hlsl'. at line 1550

Compiling Subshader: 0, Pass: ShadowCaster, Vertex program with <no keywords>
Platform defines: SHADER_API_DESKTOP UNITY_COLORSPACE_GAMMA UNITY_ENABLE_DETAIL_NORMALMAP UNITY_ENABLE_REFLECTION_BUFFERS UNITY_LIGHTMAP_FULL_HDR UNITY_LIGHT_PROBE_PROXY_VOLUME UNITY_PASS_SHADOWCASTER UNITY_PBS_USE_BRDF1 UNITY_SPECCUBE_BLENDING UNITY_SPECCUBE_BOX_PROJECTION UNITY_USE_DITHER_MASK_FOR_ALPHABLENDED_SHADOWS
Disabled keywords: INSTANCING_ON SHADER_API_GLES30 UNITY_ASTC_NORMALMAP_ENCODING UNITY_ENABLE_NATIVE_SHADOW_LOOKUPS UNITY_FRAMEBUFFER_FETCH_AVAILABLE UNITY_HALF_PRECISION_FRAGMENT_SHADER_REGISTERS UNITY_HARDWARE_TIER1 UNITY_HARDWARE_TIER2 UNITY_HARDWARE_TIER3 UNITY_LIGHTMAP_DLDR_ENCODING UNITY_LIGHTMAP_RGBM_ENCODING UNITY_METAL_SHADOWS_USE_POINT_FILTERING UNITY_NO_DXT5nm UNITY_NO_FULL_STANDARD_SHADER UNITY_NO_SCREENSPACE_SHADOWS UNITY_PBS_USE_BRDF2 UNITY_PBS_USE_BRDF3 UNITY_PRETRANSFORM_TO_DISPLAY_ORIENTATION UNITY_UNIFIED_SHADER_PRECISION_MODEL UNITY_VIRTUAL_TEXTURING _ALPHATEST_ON _BLENDMODE_ADD _BLENDMODE_ALPHA _BLENDMODE_PRE_MULTIPLY _DOUBLESIDED_ON _ENABLE_FOG_ON_TRANSPARENT _SURFACE_TYPE_TRANSPARENT
Shader error in 'WorldMatHDRPFree': Couldn't open include file 'Packages/com.unity.render-pipelines.core/ShaderLibrary/Common.hlsl'. at line 1550

Compiling Subshader: 0, Pass: ShadowCaster, Vertex program with <no keywords>
Platform defines: SHADER_API_DESKTOP UNITY_COLORSPACE_GAMMA UNITY_ENABLE_DETAIL_NORMALMAP UNITY_ENABLE_REFLECTION_BUFFERS UNITY_LIGHTMAP_FULL_HDR UNITY_LIGHT_PROBE_PROXY_VOLUME UNITY_PASS_SHADOWCASTER UNITY_PBS_USE_BRDF1 UNITY_SPECCUBE_BLENDING UNITY_SPECCUBE_BOX_PROJECTION UNITY_USE_DITHER_MASK_FOR_ALPHABLENDED_SHADOWS
Disabled keywords: INSTANCING_ON SHADER_API_GLES30 UNITY_ASTC_NORMALMAP_ENCODING UNITY_ENABLE_NATIVE_SHADOW_LOOKUPS UNITY_FRAMEBUFFER_FETCH_AVAILABLE UNITY_HALF_PRECISION_FRAGMENT_SHADER_REGISTERS UNITY_HARDWARE_TIER1 UNITY_HARDWARE_TIER2 UNITY_HARDWARE_TIER3 UNITY_LIGHTMAP_DLDR_ENCODING UNITY_LIGHTMAP_RGBM_ENCODING UNITY_METAL_SHADOWS_USE_POINT_FILTERING UNITY_NO_DXT5nm UNITY_NO_FULL_STANDARD_SHADER UNITY_NO_SCREENSPACE_SHADOWS UNITY_PBS_USE_BRDF2 UNITY_PBS_USE_BRDF3 UNITY_PRETRANSFORM_TO_DISPLAY_ORIENTATION UNITY_UNIFIED_SHADER_PRECISION_MODEL UNITY_VIRTUAL_TEXTURING _ALPHATEST_ON _BLENDMODE_ADD _BLENDMODE_ALPHA _BLENDMODE_PRE_MULTIPLY _DOUBLESIDED_ON _ENABLE_FOG_ON_TRANSPARENT _SURFACE_TYPE_TRANSPARENT
 -> (artifact id: 'b2b5607a2b4733bb0859836df3e98c35') in 0.086912 seconds 
========================================================================
Received Import Request.
  Time since last request: 0.000017 seconds.
  path: Assets/WorldMaterialsFree/Resource Files/DesertCliffRock/DesertCliffRock_Smoothness.png
  artifactKey: Guid(3e062a379d2d81747b28ac0489910980) Importer(815301076,1909f56bfc062723c751e8b465ee728b)
Start importing Assets/WorldMaterialsFree/Resource Files/DesertCliffRock/DesertCliffRock_Smoothness.png using Guid(3e062a379d2d81747b28ac0489910980) Importer(815301076,1909f56bfc062723c751e8b465ee728b)  -> (artifact id: 'b3d8a7fea3d254bce32e74d366b8333a') in 0.048204 seconds 
========================================================================
Received Import Request.
  Time since last request: 0.000028 seconds.
  path: Assets/WorldMaterialsFree/Resource Files/DesertCliffRock/DesertCliffRock_roughness.png
  artifactKey: Guid(8a43d49b2d423ca43b66c224d8f108d1) Importer(815301076,1909f56bfc062723c751e8b465ee728b)
Start importing Assets/WorldMaterialsFree/Resource Files/DesertCliffRock/DesertCliffRock_roughness.png using Guid(8a43d49b2d423ca43b66c224d8f108d1) Importer(815301076,1909f56bfc062723c751e8b465ee728b)  -> (artifact id: '90bfbd59c6bd0524ebe4828e26b9df70') in 0.013181 seconds 
========================================================================
Received Import Request.
  Time since last request: 0.000016 seconds.
  path: Assets/WorldMaterialsFree/HDRPMaterials/DesertSandBrick_HDRPShader.mat
  artifactKey: Guid(d46f207188fc34b4ab36c570b327e7d5) Importer(815301076,1909f56bfc062723c751e8b465ee728b)
Start importing Assets/WorldMaterialsFree/HDRPMaterials/DesertSandBrick_HDRPShader.mat using Guid(d46f207188fc34b4ab36c570b327e7d5) Importer(815301076,1909f56bfc062723c751e8b465ee728b) Shader error in 'WorldMatHDRPFree': Couldn't open include file 'Packages/com.unity.render-pipelines.core/ShaderLibrary/Common.hlsl'. at line 1550

Compiling Subshader: 0, Pass: ShadowCaster, Vertex program with <no keywords>
Platform defines: SHADER_API_DESKTOP UNITY_COLORSPACE_GAMMA UNITY_ENABLE_DETAIL_NORMALMAP UNITY_ENABLE_REFLECTION_BUFFERS UNITY_LIGHTMAP_FULL_HDR UNITY_LIGHT_PROBE_PROXY_VOLUME UNITY_PASS_SHADOWCASTER UNITY_PBS_USE_BRDF1 UNITY_SPECCUBE_BLENDING UNITY_SPECCUBE_BOX_PROJECTION UNITY_USE_DITHER_MASK_FOR_ALPHABLENDED_SHADOWS
Disabled keywords: INSTANCING_ON SHADER_API_GLES30 UNITY_ASTC_NORMALMAP_ENCODING UNITY_ENABLE_NATIVE_SHADOW_LOOKUPS UNITY_FRAMEBUFFER_FETCH_AVAILABLE UNITY_HALF_PRECISION_FRAGMENT_SHADER_REGISTERS UNITY_HARDWARE_TIER1 UNITY_HARDWARE_TIER2 UNITY_HARDWARE_TIER3 UNITY_LIGHTMAP_DLDR_ENCODING UNITY_LIGHTMAP_RGBM_ENCODING UNITY_METAL_SHADOWS_USE_POINT_FILTERING UNITY_NO_DXT5nm UNITY_NO_FULL_STANDARD_SHADER UNITY_NO_SCREENSPACE_SHADOWS UNITY_PBS_USE_BRDF2 UNITY_PBS_USE_BRDF3 UNITY_PRETRANSFORM_TO_DISPLAY_ORIENTATION UNITY_UNIFIED_SHADER_PRECISION_MODEL UNITY_VIRTUAL_TEXTURING _ALPHATEST_ON _BLENDMODE_ADD _BLENDMODE_ALPHA _BLENDMODE_PRE_MULTIPLY _DOUBLESIDED_ON _ENABLE_FOG_ON_TRANSPARENT _SURFACE_TYPE_TRANSPARENT
Shader error in 'WorldMatHDRPFree': Couldn't open include file 'Packages/com.unity.render-pipelines.core/ShaderLibrary/Common.hlsl'. at line 1550

Compiling Subshader: 0, Pass: ShadowCaster, Vertex program with <no keywords>
Platform defines: SHADER_API_DESKTOP UNITY_COLORSPACE_GAMMA UNITY_ENABLE_DETAIL_NORMALMAP UNITY_ENABLE_REFLECTION_BUFFERS UNITY_LIGHTMAP_FULL_HDR UNITY_LIGHT_PROBE_PROXY_VOLUME UNITY_PASS_SHADOWCASTER UNITY_PBS_USE_BRDF1 UNITY_SPECCUBE_BLENDING UNITY_SPECCUBE_BOX_PROJECTION UNITY_USE_DITHER_MASK_FOR_ALPHABLENDED_SHADOWS
Disabled keywords: INSTANCING_ON SHADER_API_GLES30 UNITY_ASTC_NORMALMAP_ENCODING UNITY_ENABLE_NATIVE_SHADOW_LOOKUPS UNITY_FRAMEBUFFER_FETCH_AVAILABLE UNITY_HALF_PRECISION_FRAGMENT_SHADER_REGISTERS UNITY_HARDWARE_TIER1 UNITY_HARDWARE_TIER2 UNITY_HARDWARE_TIER3 UNITY_LIGHTMAP_DLDR_ENCODING UNITY_LIGHTMAP_RGBM_ENCODING UNITY_METAL_SHADOWS_USE_POINT_FILTERING UNITY_NO_DXT5nm UNITY_NO_FULL_STANDARD_SHADER UNITY_NO_SCREENSPACE_SHADOWS UNITY_PBS_USE_BRDF2 UNITY_PBS_USE_BRDF3 UNITY_PRETRANSFORM_TO_DISPLAY_ORIENTATION UNITY_UNIFIED_SHADER_PRECISION_MODEL UNITY_VIRTUAL_TEXTURING _ALPHATEST_ON _BLENDMODE_ADD _BLENDMODE_ALPHA _BLENDMODE_PRE_MULTIPLY _DOUBLESIDED_ON _ENABLE_FOG_ON_TRANSPARENT _SURFACE_TYPE_TRANSPARENT
Shader error in 'WorldMatHDRPFree': Couldn't open include file 'Packages/com.unity.render-pipelines.core/ShaderLibrary/Common.hlsl'. at line 1550

Compiling Subshader: 0, Pass: ShadowCaster, Vertex program with <no keywords>
Platform defines: SHADER_API_DESKTOP UNITY_COLORSPACE_GAMMA UNITY_ENABLE_DETAIL_NORMALMAP UNITY_ENABLE_REFLECTION_BUFFERS UNITY_LIGHTMAP_FULL_HDR UNITY_LIGHT_PROBE_PROXY_VOLUME UNITY_PASS_SHADOWCASTER UNITY_PBS_USE_BRDF1 UNITY_SPECCUBE_BLENDING UNITY_SPECCUBE_BOX_PROJECTION UNITY_USE_DITHER_MASK_FOR_ALPHABLENDED_SHADOWS
Disabled keywords: INSTANCING_ON SHADER_API_GLES30 UNITY_ASTC_NORMALMAP_ENCODING UNITY_ENABLE_NATIVE_SHADOW_LOOKUPS UNITY_FRAMEBUFFER_FETCH_AVAILABLE UNITY_HALF_PRECISION_FRAGMENT_SHADER_REGISTERS UNITY_HARDWARE_TIER1 UNITY_HARDWARE_TIER2 UNITY_HARDWARE_TIER3 UNITY_LIGHTMAP_DLDR_ENCODING UNITY_LIGHTMAP_RGBM_ENCODING UNITY_METAL_SHADOWS_USE_POINT_FILTERING UNITY_NO_DXT5nm UNITY_NO_FULL_STANDARD_SHADER UNITY_NO_SCREENSPACE_SHADOWS UNITY_PBS_USE_BRDF2 UNITY_PBS_USE_BRDF3 UNITY_PRETRANSFORM_TO_DISPLAY_ORIENTATION UNITY_UNIFIED_SHADER_PRECISION_MODEL UNITY_VIRTUAL_TEXTURING _ALPHATEST_ON _BLENDMODE_ADD _BLENDMODE_ALPHA _BLENDMODE_PRE_MULTIPLY _DOUBLESIDED_ON _ENABLE_FOG_ON_TRANSPARENT _SURFACE_TYPE_TRANSPARENT
Shader error in 'WorldMatHDRPFree': Couldn't open include file 'Packages/com.unity.render-pipelines.core/ShaderLibrary/Common.hlsl'. at line 1550

Compiling Subshader: 0, Pass: ShadowCaster, Vertex program with <no keywords>
Platform defines: SHADER_API_DESKTOP UNITY_COLORSPACE_GAMMA UNITY_ENABLE_DETAIL_NORMALMAP UNITY_ENABLE_REFLECTION_BUFFERS UNITY_LIGHTMAP_FULL_HDR UNITY_LIGHT_PROBE_PROXY_VOLUME UNITY_PASS_SHADOWCASTER UNITY_PBS_USE_BRDF1 UNITY_SPECCUBE_BLENDING UNITY_SPECCUBE_BOX_PROJECTION UNITY_USE_DITHER_MASK_FOR_ALPHABLENDED_SHADOWS
Disabled keywords: INSTANCING_ON SHADER_API_GLES30 UNITY_ASTC_NORMALMAP_ENCODING UNITY_ENABLE_NATIVE_SHADOW_LOOKUPS UNITY_FRAMEBUFFER_FETCH_AVAILABLE UNITY_HALF_PRECISION_FRAGMENT_SHADER_REGISTERS UNITY_HARDWARE_TIER1 UNITY_HARDWARE_TIER2 UNITY_HARDWARE_TIER3 UNITY_LIGHTMAP_DLDR_ENCODING UNITY_LIGHTMAP_RGBM_ENCODING UNITY_METAL_SHADOWS_USE_POINT_FILTERING UNITY_NO_DXT5nm UNITY_NO_FULL_STANDARD_SHADER UNITY_NO_SCREENSPACE_SHADOWS UNITY_PBS_USE_BRDF2 UNITY_PBS_USE_BRDF3 UNITY_PRETRANSFORM_TO_DISPLAY_ORIENTATION UNITY_UNIFIED_SHADER_PRECISION_MODEL UNITY_VIRTUAL_TEXTURING _ALPHATEST_ON _BLENDMODE_ADD _BLENDMODE_ALPHA _BLENDMODE_PRE_MULTIPLY _DOUBLESIDED_ON _ENABLE_FOG_ON_TRANSPARENT _SURFACE_TYPE_TRANSPARENT
 -> (artifact id: 'c7b3d6822d3dd66b7be0f4ec03104a83') in 0.046148 seconds 
========================================================================
Received Import Request.
  Time since last request: 0.000027 seconds.
  path: Assets/WorldMaterialsFree/Built-In_RPMaterials/DryRockyDirt_WMShader.mat
  artifactKey: Guid(1a0c4d18584a3f14087077d1dafa042e) Importer(815301076,1909f56bfc062723c751e8b465ee728b)
Start importing Assets/WorldMaterialsFree/Built-In_RPMaterials/DryRockyDirt_WMShader.mat using Guid(1a0c4d18584a3f14087077d1dafa042e) Importer(815301076,1909f56bfc062723c751e8b465ee728b)  -> (artifact id: '2898319fd66a3d5d8bb26fa5e80d5ba6') in 0.322375 seconds 
========================================================================
Received Import Request.
  Time since last request: 0.000020 seconds.
  path: Assets/WorldMaterialsFree/URPMaterials/BasketWeaveBricks_URPShader.mat
  artifactKey: Guid(5099774cca9871c44b1a74846d7b5d11) Importer(815301076,1909f56bfc062723c751e8b465ee728b)
Start importing Assets/WorldMaterialsFree/URPMaterials/BasketWeaveBricks_URPShader.mat using Guid(5099774cca9871c44b1a74846d7b5d11) Importer(815301076,1909f56bfc062723c751e8b465ee728b) Shader error in 'WorldMatURPFree': Couldn't open include file 'Packages/com.unity.render-pipelines.universal/ShaderLibrary/Core.hlsl'. at line 689

Compiling Subshader: 0, Pass: ShadowCaster, Vertex program with <no keywords>
Platform defines: SHADER_API_DESKTOP UNITY_COLORSPACE_GAMMA UNITY_ENABLE_DETAIL_NORMALMAP UNITY_ENABLE_REFLECTION_BUFFERS UNITY_LIGHTMAP_FULL_HDR UNITY_LIGHT_PROBE_PROXY_VOLUME UNITY_PASS_SHADOWCASTER UNITY_PBS_USE_BRDF1 UNITY_SPECCUBE_BLENDING UNITY_SPECCUBE_BOX_PROJECTION UNITY_USE_DITHER_MASK_FOR_ALPHABLENDED_SHADOWS
Disabled keywords: FOG_EXP FOG_EXP2 FOG_LINEAR INSTANCING_ON LOD_FADE_CROSSFADE SHADER_API_GLES30 UNITY_ASTC_NORMALMAP_ENCODING UNITY_ENABLE_NATIVE_SHADOW_LOOKUPS UNITY_FRAMEBUFFER_FETCH_AVAILABLE UNITY_HALF_PRECISION_FRAGMENT_SHADER_REGISTERS UNITY_HARDWARE_TIER1 UNITY_HARDWARE_TIER2 UNITY_HARDWARE_TIER3 UNITY_LIGHTMAP_DLDR_ENCODING UNITY_LIGHTMAP_RGBM_ENCODING UNITY_METAL_SHADOWS_USE_POINT_FILTERING UNITY_NO_DXT5nm UNITY_NO_FULL_STANDARD_SHADER UNITY_NO_SCREENSPACE_SHADOWS UNITY_PBS_USE_BRDF2 UNITY_PBS_USE_BRDF3 UNITY_PRETRANSFORM_TO_DISPLAY_ORIENTATION UNITY_UNIFIED_SHADER_PRECISION_MODEL UNITY_VIRTUAL_TEXTURING
Shader error in 'WorldMatURPFree': Couldn't open include file 'Packages/com.unity.render-pipelines.universal/ShaderLibrary/Core.hlsl'. at line 689

Compiling Subshader: 0, Pass: ShadowCaster, Vertex program with <no keywords>
Platform defines: SHADER_API_DESKTOP UNITY_COLORSPACE_GAMMA UNITY_ENABLE_DETAIL_NORMALMAP UNITY_ENABLE_REFLECTION_BUFFERS UNITY_LIGHTMAP_FULL_HDR UNITY_LIGHT_PROBE_PROXY_VOLUME UNITY_PASS_SHADOWCASTER UNITY_PBS_USE_BRDF1 UNITY_SPECCUBE_BLENDING UNITY_SPECCUBE_BOX_PROJECTION UNITY_USE_DITHER_MASK_FOR_ALPHABLENDED_SHADOWS
Disabled keywords: FOG_EXP FOG_EXP2 FOG_LINEAR INSTANCING_ON LOD_FADE_CROSSFADE SHADER_API_GLES30 UNITY_ASTC_NORMALMAP_ENCODING UNITY_ENABLE_NATIVE_SHADOW_LOOKUPS UNITY_FRAMEBUFFER_FETCH_AVAILABLE UNITY_HALF_PRECISION_FRAGMENT_SHADER_REGISTERS UNITY_HARDWARE_TIER1 UNITY_HARDWARE_TIER2 UNITY_HARDWARE_TIER3 UNITY_LIGHTMAP_DLDR_ENCODING UNITY_LIGHTMAP_RGBM_ENCODING UNITY_METAL_SHADOWS_USE_POINT_FILTERING UNITY_NO_DXT5nm UNITY_NO_FULL_STANDARD_SHADER UNITY_NO_SCREENSPACE_SHADOWS UNITY_PBS_USE_BRDF2 UNITY_PBS_USE_BRDF3 UNITY_PRETRANSFORM_TO_DISPLAY_ORIENTATION UNITY_UNIFIED_SHADER_PRECISION_MODEL UNITY_VIRTUAL_TEXTURING
Shader error in 'WorldMatURPFree': Couldn't open include file 'Packages/com.unity.render-pipelines.universal/ShaderLibrary/Core.hlsl'. at line 689

Compiling Subshader: 0, Pass: ShadowCaster, Vertex program with <no keywords>
Platform defines: SHADER_API_DESKTOP UNITY_COLORSPACE_GAMMA UNITY_ENABLE_DETAIL_NORMALMAP UNITY_ENABLE_REFLECTION_BUFFERS UNITY_LIGHTMAP_FULL_HDR UNITY_LIGHT_PROBE_PROXY_VOLUME UNITY_PASS_SHADOWCASTER UNITY_PBS_USE_BRDF1 UNITY_SPECCUBE_BLENDING UNITY_SPECCUBE_BOX_PROJECTION UNITY_USE_DITHER_MASK_FOR_ALPHABLENDED_SHADOWS
Disabled keywords: FOG_EXP FOG_EXP2 FOG_LINEAR INSTANCING_ON LOD_FADE_CROSSFADE SHADER_API_GLES30 UNITY_ASTC_NORMALMAP_ENCODING UNITY_ENABLE_NATIVE_SHADOW_LOOKUPS UNITY_FRAMEBUFFER_FETCH_AVAILABLE UNITY_HALF_PRECISION_FRAGMENT_SHADER_REGISTERS UNITY_HARDWARE_TIER1 UNITY_HARDWARE_TIER2 UNITY_HARDWARE_TIER3 UNITY_LIGHTMAP_DLDR_ENCODING UNITY_LIGHTMAP_RGBM_ENCODING UNITY_METAL_SHADOWS_USE_POINT_FILTERING UNITY_NO_DXT5nm UNITY_NO_FULL_STANDARD_SHADER UNITY_NO_SCREENSPACE_SHADOWS UNITY_PBS_USE_BRDF2 UNITY_PBS_USE_BRDF3 UNITY_PRETRANSFORM_TO_DISPLAY_ORIENTATION UNITY_UNIFIED_SHADER_PRECISION_MODEL UNITY_VIRTUAL_TEXTURING
Shader error in 'WorldMatURPFree': Couldn't open include file 'Packages/com.unity.render-pipelines.universal/ShaderLibrary/Core.hlsl'. at line 689

Compiling Subshader: 0, Pass: ShadowCaster, Vertex program with <no keywords>
Platform defines: SHADER_API_DESKTOP UNITY_COLORSPACE_GAMMA UNITY_ENABLE_DETAIL_NORMALMAP UNITY_ENABLE_REFLECTION_BUFFERS UNITY_LIGHTMAP_FULL_HDR UNITY_LIGHT_PROBE_PROXY_VOLUME UNITY_PASS_SHADOWCASTER UNITY_PBS_USE_BRDF1 UNITY_SPECCUBE_BLENDING UNITY_SPECCUBE_BOX_PROJECTION UNITY_USE_DITHER_MASK_FOR_ALPHABLENDED_SHADOWS
Disabled keywords: FOG_EXP FOG_EXP2 FOG_LINEAR INSTANCING_ON LOD_FADE_CROSSFADE SHADER_API_GLES30 UNITY_ASTC_NORMALMAP_ENCODING UNITY_ENABLE_NATIVE_SHADOW_LOOKUPS UNITY_FRAMEBUFFER_FETCH_AVAILABLE UNITY_HALF_PRECISION_FRAGMENT_SHADER_REGISTERS UNITY_HARDWARE_TIER1 UNITY_HARDWARE_TIER2 UNITY_HARDWARE_TIER3 UNITY_LIGHTMAP_DLDR_ENCODING UNITY_LIGHTMAP_RGBM_ENCODING UNITY_METAL_SHADOWS_USE_POINT_FILTERING UNITY_NO_DXT5nm UNITY_NO_FULL_STANDARD_SHADER UNITY_NO_SCREENSPACE_SHADOWS UNITY_PBS_USE_BRDF2 UNITY_PBS_USE_BRDF3 UNITY_PRETRANSFORM_TO_DISPLAY_ORIENTATION UNITY_UNIFIED_SHADER_PRECISION_MODEL UNITY_VIRTUAL_TEXTURING
 -> (artifact id: '285cd5792b6c517416600ae7376804a7') in 0.047971 seconds 
========================================================================
Received Import Request.
  Time since last request: 0.000034 seconds.
  path: Assets/WorldMaterialsFree/HDRPMaterials/ClumpMud_HDRPShader.mat
  artifactKey: Guid(503e66f9762e80e4d8d98b15f7e632f8) Importer(815301076,1909f56bfc062723c751e8b465ee728b)
Start importing Assets/WorldMaterialsFree/HDRPMaterials/ClumpMud_HDRPShader.mat using Guid(503e66f9762e80e4d8d98b15f7e632f8) Importer(815301076,1909f56bfc062723c751e8b465ee728b) Shader error in 'WorldMatHDRPFree': Couldn't open include file 'Packages/com.unity.render-pipelines.core/ShaderLibrary/Common.hlsl'. at line 1550

Compiling Subshader: 0, Pass: ShadowCaster, Vertex program with <no keywords>
Platform defines: SHADER_API_DESKTOP UNITY_COLORSPACE_GAMMA UNITY_ENABLE_DETAIL_NORMALMAP UNITY_ENABLE_REFLECTION_BUFFERS UNITY_LIGHTMAP_FULL_HDR UNITY_LIGHT_PROBE_PROXY_VOLUME UNITY_PASS_SHADOWCASTER UNITY_PBS_USE_BRDF1 UNITY_SPECCUBE_BLENDING UNITY_SPECCUBE_BOX_PROJECTION UNITY_USE_DITHER_MASK_FOR_ALPHABLENDED_SHADOWS
Disabled keywords: INSTANCING_ON SHADER_API_GLES30 UNITY_ASTC_NORMALMAP_ENCODING UNITY_ENABLE_NATIVE_SHADOW_LOOKUPS UNITY_FRAMEBUFFER_FETCH_AVAILABLE UNITY_HALF_PRECISION_FRAGMENT_SHADER_REGISTERS UNITY_HARDWARE_TIER1 UNITY_HARDWARE_TIER2 UNITY_HARDWARE_TIER3 UNITY_LIGHTMAP_DLDR_ENCODING UNITY_LIGHTMAP_RGBM_ENCODING UNITY_METAL_SHADOWS_USE_POINT_FILTERING UNITY_NO_DXT5nm UNITY_NO_FULL_STANDARD_SHADER UNITY_NO_SCREENSPACE_SHADOWS UNITY_PBS_USE_BRDF2 UNITY_PBS_USE_BRDF3 UNITY_PRETRANSFORM_TO_DISPLAY_ORIENTATION UNITY_UNIFIED_SHADER_PRECISION_MODEL UNITY_VIRTUAL_TEXTURING _ALPHATEST_ON _BLENDMODE_ADD _BLENDMODE_ALPHA _BLENDMODE_PRE_MULTIPLY _DOUBLESIDED_ON _ENABLE_FOG_ON_TRANSPARENT _SURFACE_TYPE_TRANSPARENT
Shader error in 'WorldMatHDRPFree': Couldn't open include file 'Packages/com.unity.render-pipelines.core/ShaderLibrary/Common.hlsl'. at line 1550

Compiling Subshader: 0, Pass: ShadowCaster, Vertex program with <no keywords>
Platform defines: SHADER_API_DESKTOP UNITY_COLORSPACE_GAMMA UNITY_ENABLE_DETAIL_NORMALMAP UNITY_ENABLE_REFLECTION_BUFFERS UNITY_LIGHTMAP_FULL_HDR UNITY_LIGHT_PROBE_PROXY_VOLUME UNITY_PASS_SHADOWCASTER UNITY_PBS_USE_BRDF1 UNITY_SPECCUBE_BLENDING UNITY_SPECCUBE_BOX_PROJECTION UNITY_USE_DITHER_MASK_FOR_ALPHABLENDED_SHADOWS
Disabled keywords: INSTANCING_ON SHADER_API_GLES30 UNITY_ASTC_NORMALMAP_ENCODING UNITY_ENABLE_NATIVE_SHADOW_LOOKUPS UNITY_FRAMEBUFFER_FETCH_AVAILABLE UNITY_HALF_PRECISION_FRAGMENT_SHADER_REGISTERS UNITY_HARDWARE_TIER1 UNITY_HARDWARE_TIER2 UNITY_HARDWARE_TIER3 UNITY_LIGHTMAP_DLDR_ENCODING UNITY_LIGHTMAP_RGBM_ENCODING UNITY_METAL_SHADOWS_USE_POINT_FILTERING UNITY_NO_DXT5nm UNITY_NO_FULL_STANDARD_SHADER UNITY_NO_SCREENSPACE_SHADOWS UNITY_PBS_USE_BRDF2 UNITY_PBS_USE_BRDF3 UNITY_PRETRANSFORM_TO_DISPLAY_ORIENTATION UNITY_UNIFIED_SHADER_PRECISION_MODEL UNITY_VIRTUAL_TEXTURING _ALPHATEST_ON _BLENDMODE_ADD _BLENDMODE_ALPHA _BLENDMODE_PRE_MULTIPLY _DOUBLESIDED_ON _ENABLE_FOG_ON_TRANSPARENT _SURFACE_TYPE_TRANSPARENT
Shader error in 'WorldMatHDRPFree': Couldn't open include file 'Packages/com.unity.render-pipelines.core/ShaderLibrary/Common.hlsl'. at line 1550

Compiling Subshader: 0, Pass: ShadowCaster, Vertex program with <no keywords>
Platform defines: SHADER_API_DESKTOP UNITY_COLORSPACE_GAMMA UNITY_ENABLE_DETAIL_NORMALMAP UNITY_ENABLE_REFLECTION_BUFFERS UNITY_LIGHTMAP_FULL_HDR UNITY_LIGHT_PROBE_PROXY_VOLUME UNITY_PASS_SHADOWCASTER UNITY_PBS_USE_BRDF1 UNITY_SPECCUBE_BLENDING UNITY_SPECCUBE_BOX_PROJECTION UNITY_USE_DITHER_MASK_FOR_ALPHABLENDED_SHADOWS
Disabled keywords: INSTANCING_ON SHADER_API_GLES30 UNITY_ASTC_NORMALMAP_ENCODING UNITY_ENABLE_NATIVE_SHADOW_LOOKUPS UNITY_FRAMEBUFFER_FETCH_AVAILABLE UNITY_HALF_PRECISION_FRAGMENT_SHADER_REGISTERS UNITY_HARDWARE_TIER1 UNITY_HARDWARE_TIER2 UNITY_HARDWARE_TIER3 UNITY_LIGHTMAP_DLDR_ENCODING UNITY_LIGHTMAP_RGBM_ENCODING UNITY_METAL_SHADOWS_USE_POINT_FILTERING UNITY_NO_DXT5nm UNITY_NO_FULL_STANDARD_SHADER UNITY_NO_SCREENSPACE_SHADOWS UNITY_PBS_USE_BRDF2 UNITY_PBS_USE_BRDF3 UNITY_PRETRANSFORM_TO_DISPLAY_ORIENTATION UNITY_UNIFIED_SHADER_PRECISION_MODEL UNITY_VIRTUAL_TEXTURING _ALPHATEST_ON _BLENDMODE_ADD _BLENDMODE_ALPHA _BLENDMODE_PRE_MULTIPLY _DOUBLESIDED_ON _ENABLE_FOG_ON_TRANSPARENT _SURFACE_TYPE_TRANSPARENT
Shader error in 'WorldMatHDRPFree': Couldn't open include file 'Packages/com.unity.render-pipelines.core/ShaderLibrary/Common.hlsl'. at line 1550

Compiling Subshader: 0, Pass: ShadowCaster, Vertex program with <no keywords>
Platform defines: SHADER_API_DESKTOP UNITY_COLORSPACE_GAMMA UNITY_ENABLE_DETAIL_NORMALMAP UNITY_ENABLE_REFLECTION_BUFFERS UNITY_LIGHTMAP_FULL_HDR UNITY_LIGHT_PROBE_PROXY_VOLUME UNITY_PASS_SHADOWCASTER UNITY_PBS_USE_BRDF1 UNITY_SPECCUBE_BLENDING UNITY_SPECCUBE_BOX_PROJECTION UNITY_USE_DITHER_MASK_FOR_ALPHABLENDED_SHADOWS
Disabled keywords: INSTANCING_ON SHADER_API_GLES30 UNITY_ASTC_NORMALMAP_ENCODING UNITY_ENABLE_NATIVE_SHADOW_LOOKUPS UNITY_FRAMEBUFFER_FETCH_AVAILABLE UNITY_HALF_PRECISION_FRAGMENT_SHADER_REGISTERS UNITY_HARDWARE_TIER1 UNITY_HARDWARE_TIER2 UNITY_HARDWARE_TIER3 UNITY_LIGHTMAP_DLDR_ENCODING UNITY_LIGHTMAP_RGBM_ENCODING UNITY_METAL_SHADOWS_USE_POINT_FILTERING UNITY_NO_DXT5nm UNITY_NO_FULL_STANDARD_SHADER UNITY_NO_SCREENSPACE_SHADOWS UNITY_PBS_USE_BRDF2 UNITY_PBS_USE_BRDF3 UNITY_PRETRANSFORM_TO_DISPLAY_ORIENTATION UNITY_UNIFIED_SHADER_PRECISION_MODEL UNITY_VIRTUAL_TEXTURING _ALPHATEST_ON _BLENDMODE_ADD _BLENDMODE_ALPHA _BLENDMODE_PRE_MULTIPLY _DOUBLESIDED_ON _ENABLE_FOG_ON_TRANSPARENT _SURFACE_TYPE_TRANSPARENT
 -> (artifact id: '18ea0a63978a584d452f63f0b2217741') in 0.034756 seconds 
========================================================================
Received Import Request.
  Time since last request: 0.000021 seconds.
  path: Assets/WorldMaterialsFree/Resource Files/DesertCliffRock/DesertCliffRock_height.png
  artifactKey: Guid(99cfbf1a17ab2c64188050a1d509d24b) Importer(815301076,1909f56bfc062723c751e8b465ee728b)
Start importing Assets/WorldMaterialsFree/Resource Files/DesertCliffRock/DesertCliffRock_height.png using Guid(99cfbf1a17ab2c64188050a1d509d24b) Importer(815301076,1909f56bfc062723c751e8b465ee728b)  -> (artifact id: '76762e59b8c3b4740af7536861524e34') in 0.018682 seconds 
========================================================================
Received Import Request.
  Time since last request: 0.000030 seconds.
  path: Assets/WorldMaterialsFree/Built-In_RPMaterials/DesertSandBrick_StandardShader.mat
  artifactKey: Guid(481d1d21c29b1ed41b50472c451abfda) Importer(815301076,1909f56bfc062723c751e8b465ee728b)
Start importing Assets/WorldMaterialsFree/Built-In_RPMaterials/DesertSandBrick_StandardShader.mat using Guid(481d1d21c29b1ed41b50472c451abfda) Importer(815301076,1909f56bfc062723c751e8b465ee728b)  -> (artifact id: '558d8aa451f6669f7096ec81ca66f58c') in 0.036985 seconds 
========================================================================
Received Import Request.
  Time since last request: 0.000029 seconds.
  path: Assets/WorldMaterialsFree/Built-In_RPMaterials/ClumpMud_StandardShader.mat
  artifactKey: Guid(808e6047c73239f46ac7425fc704306c) Importer(815301076,1909f56bfc062723c751e8b465ee728b)
Start importing Assets/WorldMaterialsFree/Built-In_RPMaterials/ClumpMud_StandardShader.mat using Guid(808e6047c73239f46ac7425fc704306c) Importer(815301076,1909f56bfc062723c751e8b465ee728b)  -> (artifact id: '603aa3ea8035c2412d1ab3af90b00751') in 0.032162 seconds 
========================================================================
Received Import Request.
  Time since last request: 45.817652 seconds.
  path: Assets/LowPolyOfficeProps_LITE/Meshes/Chair_DeskChair.fbx
  artifactKey: Guid(f4b1ea369467152468dd6c6b965182db) Importer(815301076,1909f56bfc062723c751e8b465ee728b)
Start importing Assets/LowPolyOfficeProps_LITE/Meshes/Chair_DeskChair.fbx using Guid(f4b1ea369467152468dd6c6b965182db) Importer(815301076,1909f56bfc062723c751e8b465ee728b)  -> (artifact id: 'df249cd19845d98670ecee5615ca295a') in 0.024636 seconds 
========================================================================
Received Import Request.
  Time since last request: 0.000024 seconds.
  path: Assets/LowPolyOfficeProps_LITE/Prefabs/Chair_DeskChair_Purple.prefab
  artifactKey: Guid(e09a754dc686e734eb3b914283c8f5ce) Importer(815301076,1909f56bfc062723c751e8b465ee728b)
Start importing Assets/LowPolyOfficeProps_LITE/Prefabs/Chair_DeskChair_Purple.prefab using Guid(e09a754dc686e734eb3b914283c8f5ce) Importer(815301076,1909f56bfc062723c751e8b465ee728b)  -> (artifact id: 'cc81de5e580c7d0c8fb03eb150b89c23') in 0.182661 seconds 
========================================================================
Received Import Request.
  Time since last request: 0.000023 seconds.
  path: Assets/LowPolyOfficeProps_LITE/Prefabs/Chair_DeskChair_Olive.prefab
  artifactKey: Guid(4559f4ce49fdc20499383a1c582501e6) Importer(815301076,1909f56bfc062723c751e8b465ee728b)
Start importing Assets/LowPolyOfficeProps_LITE/Prefabs/Chair_DeskChair_Olive.prefab using Guid(4559f4ce49fdc20499383a1c582501e6) Importer(815301076,1909f56bfc062723c751e8b465ee728b)  -> (artifact id: 'd5800eb54c2b40371e16a26e60f36a4a') in 0.017867 seconds 
========================================================================
Received Import Request.
  Time since last request: 0.000035 seconds.
  path: Assets/LowPolyOfficeProps_LITE/Prefabs/Table_OfficeDesk.prefab
  artifactKey: Guid(683ef653b4b09b94993b7fd393c95978) Importer(815301076,1909f56bfc062723c751e8b465ee728b)
Start importing Assets/LowPolyOfficeProps_LITE/Prefabs/Table_OfficeDesk.prefab using Guid(683ef653b4b09b94993b7fd393c95978) Importer(815301076,1909f56bfc062723c751e8b465ee728b)  -> (artifact id: 'd10c57567ad9c38a01afea445bc0e965') in 0.021787 seconds 
========================================================================
Received Import Request.
  Time since last request: 11.167750 seconds.
  path: Assets/Brick Project Studio/Apartment Kit/Common/Materials/Interior Exterior
  artifactKey: Guid(c94cd9c1f94dcd04ebf68354fd64c462) Importer(815301076,1909f56bfc062723c751e8b465ee728b)
Start importing Assets/Brick Project Studio/Apartment Kit/Common/Materials/Interior Exterior using Guid(c94cd9c1f94dcd04ebf68354fd64c462) Importer(815301076,1909f56bfc062723c751e8b465ee728b)  -> (artifact id: '712ea221fc60481877533ffc99cf4ea7') in 0.006845 seconds 
========================================================================
Received Import Request.
  Time since last request: 3.460124 seconds.
  path: Assets/Brick Project Studio/Apartment Kit/Common/Scripts & Animation/TableFlip
  artifactKey: Guid(7e045269bf051e64992c213333fb24ab) Importer(815301076,1909f56bfc062723c751e8b465ee728b)
Start importing Assets/Brick Project Studio/Apartment Kit/Common/Scripts & Animation/TableFlip using Guid(7e045269bf051e64992c213333fb24ab) Importer(815301076,1909f56bfc062723c751e8b465ee728b)  -> (artifact id: '447917cae104bce26d52b816d53e8573') in 0.008121 seconds 
========================================================================
Received Import Request.
  Time since last request: 3.510509 seconds.
  path: Assets/Brick Project Studio/Apartment Kit/Common/Scripts & Animation/OvenOpen/OvenFlip.controller
  artifactKey: Guid(ae6447d9d805dbd47a186d4d4b009eb9) Importer(815301076,1909f56bfc062723c751e8b465ee728b)
Start importing Assets/Brick Project Studio/Apartment Kit/Common/Scripts & Animation/OvenOpen/OvenFlip.controller using Guid(ae6447d9d805dbd47a186d4d4b009eb9) Importer(815301076,1909f56bfc062723c751e8b465ee728b)  -> (artifact id: '683adb13c5cb0126db2d6cfa9783e900') in 0.011057 seconds 
========================================================================
Received Import Request.
  Time since last request: 1.562887 seconds.
  path: Assets/Brick Project Studio/Apartment Kit/Common/Scripts & Animation/Closet/ClosetDoor_Base.controller
  artifactKey: Guid(6a53b8c24a752874da87800383dbdf1e) Importer(815301076,1909f56bfc062723c751e8b465ee728b)
Start importing Assets/Brick Project Studio/Apartment Kit/Common/Scripts & Animation/Closet/ClosetDoor_Base.controller using Guid(6a53b8c24a752874da87800383dbdf1e) Importer(815301076,1909f56bfc062723c751e8b465ee728b)  -> (artifact id: 'b565dfb0ae662ce5fea662ac43abdd08') in 0.007335 seconds 
========================================================================
Received Import Request.
  Time since last request: 0.356677 seconds.
  path: Assets/Brick Project Studio/Apartment Kit/Common/Scripts & Animation/Closet/ClosetClosing.anim
  artifactKey: Guid(e0b788da15cf52845935b78a74246255) Importer(815301076,1909f56bfc062723c751e8b465ee728b)
Start importing Assets/Brick Project Studio/Apartment Kit/Common/Scripts & Animation/Closet/ClosetClosing.anim using Guid(e0b788da15cf52845935b78a74246255) Importer(815301076,1909f56bfc062723c751e8b465ee728b)  -> (artifact id: '3b774a263ffb33ba07641e5a32195b81') in 0.009310 seconds 
========================================================================
Received Import Request.
  Time since last request: 8.793398 seconds.
  path: Assets/Brick Project Studio/Apartment Kit/Common/Scripts & Animation/TableFlip/FlipL.controller
  artifactKey: Guid(44a6083341b144c4f9f33731e8b8d0aa) Importer(815301076,1909f56bfc062723c751e8b465ee728b)
Start importing Assets/Brick Project Studio/Apartment Kit/Common/Scripts & Animation/TableFlip/FlipL.controller using Guid(44a6083341b144c4f9f33731e8b8d0aa) Importer(815301076,1909f56bfc062723c751e8b465ee728b)  -> (artifact id: 'af6194660e486b253dda4e4d85fed87c') in 0.007229 seconds 
========================================================================
Received Import Request.
  Time since last request: 1.122775 seconds.
  path: Assets/Brick Project Studio/Apartment Kit/Common/Scripts & Animation/TableFlip/Ldown.anim
  artifactKey: Guid(f8ab6559bebdee74d80c33b67ab087d6) Importer(815301076,1909f56bfc062723c751e8b465ee728b)
Start importing Assets/Brick Project Studio/Apartment Kit/Common/Scripts & Animation/TableFlip/Ldown.anim using Guid(f8ab6559bebdee74d80c33b67ab087d6) Importer(815301076,1909f56bfc062723c751e8b465ee728b)  -> (artifact id: '535e4c6f41d1f3a1373bb23d643f21d8') in 0.006439 seconds 
========================================================================
Received Import Request.
  Time since last request: 2.838114 seconds.
  path: Assets/Brick Project Studio/Apartment Kit/Common/Scripts & Animation/TableFlip/FlipR.controller
  artifactKey: Guid(eb2c5b09abb74004bb912dbee575aca1) Importer(815301076,1909f56bfc062723c751e8b465ee728b)
Start importing Assets/Brick Project Studio/Apartment Kit/Common/Scripts & Animation/TableFlip/FlipR.controller using Guid(eb2c5b09abb74004bb912dbee575aca1) Importer(815301076,1909f56bfc062723c751e8b465ee728b)  -> (artifact id: 'd7def60edaf578881f2ccbc7e928b21b') in 0.007103 seconds 
========================================================================
Received Import Request.
  Time since last request: 17.524841 seconds.
  path: Assets/LowPolyOfficeProps_LITE/PostProcessProfiles/PPP_LPOP_A.asset
  artifactKey: Guid(d4897b14f2b7d024bbd2e5ff8408dc08) Importer(815301076,1909f56bfc062723c751e8b465ee728b)
Start importing Assets/LowPolyOfficeProps_LITE/PostProcessProfiles/PPP_LPOP_A.asset using Guid(d4897b14f2b7d024bbd2e5ff8408dc08) Importer(815301076,1909f56bfc062723c751e8b465ee728b)  -> (artifact id: '416240030f1d6ecaaf4aac063c9fa27d') in 0.010080 seconds 
========================================================================
Received Import Request.
  Time since last request: 0.525483 seconds.
  path: Assets/LowPolyOfficeProps_LITE/Meshes/Briefcase.fbx
  artifactKey: Guid(fc010527ef171d14385afc57bd308878) Importer(815301076,1909f56bfc062723c751e8b465ee728b)
Start importing Assets/LowPolyOfficeProps_LITE/Meshes/Briefcase.fbx using Guid(fc010527ef171d14385afc57bd308878) Importer(815301076,1909f56bfc062723c751e8b465ee728b)  -> (artifact id: '56d81ce511ade8f939edf2b3d16d7509') in 0.025473 seconds 
========================================================================
Received Import Request.
  Time since last request: 0.000024 seconds.
  path: Assets/LowPolyOfficeProps_LITE/Meshes/PenLid.fbx
  artifactKey: Guid(2791141417b6f294b8a96679b36544e5) Importer(815301076,1909f56bfc062723c751e8b465ee728b)
Start importing Assets/LowPolyOfficeProps_LITE/Meshes/PenLid.fbx using Guid(2791141417b6f294b8a96679b36544e5) Importer(815301076,1909f56bfc062723c751e8b465ee728b)  -> (artifact id: 'bdcf1411e81c2c6dbac3b8e6aa5f3c45') in 0.039487 seconds 
========================================================================
Received Import Request.
  Time since last request: 0.000022 seconds.
  path: Assets/LowPolyOfficeProps_LITE/Meshes/PenClosed.fbx
  artifactKey: Guid(561bc2c9b2ca3584d91c6cdac16b7ad8) Importer(815301076,1909f56bfc062723c751e8b465ee728b)
Start importing Assets/LowPolyOfficeProps_LITE/Meshes/PenClosed.fbx using Guid(561bc2c9b2ca3584d91c6cdac16b7ad8) Importer(815301076,1909f56bfc062723c751e8b465ee728b)  -> (artifact id: '7e449fbfae010c5d99c8269721d21f3c') in 0.027788 seconds 
========================================================================
Received Import Request.
  Time since last request: 0.000029 seconds.
  path: Assets/LowPolyOfficeProps_LITE/Meshes/Chair_Office_Green.fbx
  artifactKey: Guid(094f527512019574f932c794903dddb1) Importer(815301076,1909f56bfc062723c751e8b465ee728b)
Start importing Assets/LowPolyOfficeProps_LITE/Meshes/Chair_Office_Green.fbx using Guid(094f527512019574f932c794903dddb1) Importer(815301076,1909f56bfc062723c751e8b465ee728b)  -> (artifact id: '9b10be8cd8d7d8413b55eaa4e11a7ea6') in 0.028056 seconds 
========================================================================
Received Import Request.
  Time since last request: 0.000036 seconds.
  path: Assets/LowPolyOfficeProps_LITE/Meshes/Chair_Conference_Teal.fbx
  artifactKey: Guid(ee2b7c002898934488c18ae79225b6b8) Importer(815301076,1909f56bfc062723c751e8b465ee728b)
Start importing Assets/LowPolyOfficeProps_LITE/Meshes/Chair_Conference_Teal.fbx using Guid(ee2b7c002898934488c18ae79225b6b8) Importer(815301076,1909f56bfc062723c751e8b465ee728b)  -> (artifact id: 'dd92db8cefb95d13b429a9227e67103a') in 0.022765 seconds 
========================================================================
Received Import Request.
  Time since last request: 0.000027 seconds.
  path: Assets/LowPolyOfficeProps_LITE/Meshes/Chair_Office.fbx
  artifactKey: Guid(b5b1a7c1d994db446afb4b4f42882151) Importer(815301076,1909f56bfc062723c751e8b465ee728b)
Start importing Assets/LowPolyOfficeProps_LITE/Meshes/Chair_Office.fbx using Guid(b5b1a7c1d994db446afb4b4f42882151) Importer(815301076,1909f56bfc062723c751e8b465ee728b)  -> (artifact id: '3b77435e8d825ab655529aaf2d85fe1d') in 0.033207 seconds 
========================================================================
Received Import Request.
  Time since last request: 0.000033 seconds.
  path: Assets/LowPolyOfficeProps_LITE/Meshes/FilingCabinet_DrawerKeyLock.fbx
  artifactKey: Guid(085603c2da3fd094597acc6d8da55c61) Importer(815301076,1909f56bfc062723c751e8b465ee728b)
Start importing Assets/LowPolyOfficeProps_LITE/Meshes/FilingCabinet_DrawerKeyLock.fbx using Guid(085603c2da3fd094597acc6d8da55c61) Importer(815301076,1909f56bfc062723c751e8b465ee728b)  -> (artifact id: '9f77bf32c649226e9430407bb02c732f') in 0.046535 seconds 
========================================================================
Received Import Request.
  Time since last request: 0.000028 seconds.
  path: Assets/LowPolyOfficeProps_LITE/Meshes/Table_Conference.fbx
  artifactKey: Guid(a0da358f57ad496408245cd90454e81e) Importer(815301076,1909f56bfc062723c751e8b465ee728b)
Start importing Assets/LowPolyOfficeProps_LITE/Meshes/Table_Conference.fbx using Guid(a0da358f57ad496408245cd90454e81e) Importer(815301076,1909f56bfc062723c751e8b465ee728b)  -> (artifact id: '5f8b5665d843485df86e43dd7a5bf767') in 0.024223 seconds 
========================================================================
Received Import Request.
  Time since last request: 6.165259 seconds.
  path: Assets/LowPolyOfficeProps_LITE/LowPolyOfficeProps_LiteScene/LightingData.asset
  artifactKey: Guid(9d2f3b4ad44b3854d9bf3277a13db9ce) Importer(815301076,1909f56bfc062723c751e8b465ee728b)
Start importing Assets/LowPolyOfficeProps_LITE/LowPolyOfficeProps_LiteScene/LightingData.asset using Guid(9d2f3b4ad44b3854d9bf3277a13db9ce) Importer(815301076,1909f56bfc062723c751e8b465ee728b) Lighting data asset LightingData is inconsistent because 36 files out of 180 are missing. Please use Generate Lighting to rebuild the lighting data.
Lighting data asset LightingData is incompatible with the current Unity version. Please use Generate Lighting to rebuild the lighting data. Realtime Global Illumination cannot be used until the lighting data is rebuilt.
 -> (artifact id: '8242f7c1f2d4ed95b9183e2f1207a5c8') in 0.411670 seconds 
========================================================================
Received Import Request.
  Time since last request: 1.365899 seconds.
  path: Assets/LowPolyOfficeProps_LITE/Materials/EmissiveLight.mat
  artifactKey: Guid(d4947c064a3f1fc4795d4022a0623f15) Importer(815301076,1909f56bfc062723c751e8b465ee728b)
Start importing Assets/LowPolyOfficeProps_LITE/Materials/EmissiveLight.mat using Guid(d4947c064a3f1fc4795d4022a0623f15) Importer(815301076,1909f56bfc062723c751e8b465ee728b)  -> (artifact id: '146c9e445bb4c06a84cee80f7ab8e18b') in 0.012278 seconds 
========================================================================
Received Import Request.
  Time since last request: 0.804209 seconds.
  path: Assets/LowPolyOfficeProps_LITE/Prefabs/Briefcase.prefab
  artifactKey: Guid(1f1181424ea20d64ea8a1054356fb358) Importer(815301076,1909f56bfc062723c751e8b465ee728b)
Start importing Assets/LowPolyOfficeProps_LITE/Prefabs/Briefcase.prefab using Guid(1f1181424ea20d64ea8a1054356fb358) Importer(815301076,1909f56bfc062723c751e8b465ee728b)  -> (artifact id: 'c22866c5fcb35a0c79df042799cc71d3') in 0.018920 seconds 
========================================================================
Received Import Request.
  Time since last request: 0.000018 seconds.
  path: Assets/LowPolyOfficeProps_LITE/Prefabs/Chair_Office_Green.prefab
  artifactKey: Guid(3c4892661a827e04a97474743a73c0b8) Importer(815301076,1909f56bfc062723c751e8b465ee728b)
Start importing Assets/LowPolyOfficeProps_LITE/Prefabs/Chair_Office_Green.prefab using Guid(3c4892661a827e04a97474743a73c0b8) Importer(815301076,1909f56bfc062723c751e8b465ee728b)  -> (artifact id: 'e161603d3f6287cbdac17881bc2cbbd0') in 0.017923 seconds 
========================================================================
Received Import Request.
  Time since last request: 0.000021 seconds.
  path: Assets/LowPolyOfficeProps_LITE/Prefabs/Chair_Conference_Purple.prefab
  artifactKey: Guid(c42b35532e0b3ca428d6923660102d7c) Importer(815301076,1909f56bfc062723c751e8b465ee728b)
Start importing Assets/LowPolyOfficeProps_LITE/Prefabs/Chair_Conference_Purple.prefab using Guid(c42b35532e0b3ca428d6923660102d7c) Importer(815301076,1909f56bfc062723c751e8b465ee728b)  -> (artifact id: '24d0a9bf1697d273719632ddd7ef1517') in 0.021272 seconds 
========================================================================
Received Import Request.
  Time since last request: 0.000027 seconds.
  path: Assets/LowPolyOfficeProps_LITE/Prefabs/Tablet.prefab
  artifactKey: Guid(a76d0962e5aaba2479107524e448f23d) Importer(815301076,1909f56bfc062723c751e8b465ee728b)
Start importing Assets/LowPolyOfficeProps_LITE/Prefabs/Tablet.prefab using Guid(a76d0962e5aaba2479107524e448f23d) Importer(815301076,1909f56bfc062723c751e8b465ee728b)  -> (artifact id: '9bd418a0d2316b88da71c526a00cb089') in 0.018249 seconds 
========================================================================
Received Import Request.
  Time since last request: 0.000038 seconds.
  path: Assets/LowPolyOfficeProps_LITE/Prefabs/FilingCabinet_DrawerKeyLock.prefab
  artifactKey: Guid(3639bf5810525ab4fa32d65d1b6323a9) Importer(815301076,1909f56bfc062723c751e8b465ee728b)
Start importing Assets/LowPolyOfficeProps_LITE/Prefabs/FilingCabinet_DrawerKeyLock.prefab using Guid(3639bf5810525ab4fa32d65d1b6323a9) Importer(815301076,1909f56bfc062723c751e8b465ee728b)  -> (artifact id: '1c6c33c03ee99c5ccb9eac38cdf601aa') in 0.021422 seconds 
========================================================================
Received Import Request.
  Time since last request: 0.000027 seconds.
  path: Assets/LowPolyOfficeProps_LITE/Prefabs/Chair_Office_Teal.prefab
  artifactKey: Guid(f459aae84ece7154f8d0ee90f554eeb4) Importer(815301076,1909f56bfc062723c751e8b465ee728b)
Start importing Assets/LowPolyOfficeProps_LITE/Prefabs/Chair_Office_Teal.prefab using Guid(f459aae84ece7154f8d0ee90f554eeb4) Importer(815301076,1909f56bfc062723c751e8b465ee728b)  -> (artifact id: '6690ca9d5560dfff41a1069fd2d218ab') in 0.018604 seconds 
========================================================================
Received Import Request.
  Time since last request: 0.000022 seconds.
  path: Assets/LowPolyOfficeProps_LITE/Prefabs/FilingCabinetSingle_Case.prefab
  artifactKey: Guid(a4827c3c34b766743b61c499b08e4c75) Importer(815301076,1909f56bfc062723c751e8b465ee728b)
Start importing Assets/LowPolyOfficeProps_LITE/Prefabs/FilingCabinetSingle_Case.prefab using Guid(a4827c3c34b766743b61c499b08e4c75) Importer(815301076,1909f56bfc062723c751e8b465ee728b)  -> (artifact id: 'e831a6f7aa09fccaa10712120451bf8f') in 0.017774 seconds 
Editor requested this worker to shutdown with reason: Scaling down because of idle timeout
AssetImportWorker is now disconnected from the server
Process exiting
Exiting without the bug reporter. Application will terminate with return code 0