Using pre-set license
Built from '2021.3/staging' branch; Version is '2021.3.1f1 (3b70a0754835) revision 3895456'; Using compiler version '192829333'; Build Type 'Release'
OS: 'Windows 10  (10.0.19045) 64bit Professional' Language: 'ko' Physical Memory: 32688 MB
BatchMode: 1, IsHumanControllingUs: 0, StartBugReporterOnCrash: 0, Is64bit: 1, IsPro: 1

COMMAND LINE ARGUMENTS:
C:\Program Files\Unity\Hub\Editor\2021.3.1f1\Editor\Unity.exe
-adb2
-batchMode
-noUpm
-name
AssetImportWorker21
-projectPath
C:/Users/zz525/iMeta2023
-logFile
Logs/AssetImportWorker21.log
-srvPort
12465
Successfully changed project path to: C:/Users/zz525/iMeta2023
C:/Users/zz525/iMeta2023
[UnityMemory] Configuration Parameters - Can be set up in boot.config
    "memorysetup-bucket-allocator-granularity=16"
    "memorysetup-bucket-allocator-bucket-count=8"
    "memorysetup-bucket-allocator-block-size=33554432"
    "memorysetup-bucket-allocator-block-count=8"
    "memorysetup-main-allocator-block-size=16777216"
    "memorysetup-thread-allocator-block-size=16777216"
    "memorysetup-gfx-main-allocator-block-size=16777216"
    "memorysetup-gfx-thread-allocator-block-size=16777216"
    "memorysetup-cache-allocator-block-size=4194304"
    "memorysetup-typetree-allocator-block-size=2097152"
    "memorysetup-profiler-bucket-allocator-granularity=16"
    "memorysetup-profiler-bucket-allocator-bucket-count=8"
    "memorysetup-profiler-bucket-allocator-block-size=33554432"
    "memorysetup-profiler-bucket-allocator-block-count=8"
    "memorysetup-profiler-allocator-block-size=16777216"
    "memorysetup-profiler-editor-allocator-block-size=1048576"
    "memorysetup-temp-allocator-size-main=16777216"
    "memorysetup-job-temp-allocator-block-size=2097152"
    "memorysetup-job-temp-allocator-block-size-background=1048576"
    "memorysetup-job-temp-allocator-reduction-small-platforms=262144"
    "memorysetup-temp-allocator-size-background-worker=32768"
    "memorysetup-temp-allocator-size-job-worker=262144"
    "memorysetup-temp-allocator-size-preload-manager=33554432"
    "memorysetup-temp-allocator-size-nav-mesh-worker=65536"
    "memorysetup-temp-allocator-size-audio-worker=65536"
    "memorysetup-temp-allocator-size-cloud-worker=32768"
    "memorysetup-temp-allocator-size-gi-baking-worker=262144"
    "memorysetup-temp-allocator-size-gfx=262144"
Refreshing native plugins compatible for Editor in 88.73 ms, found 3 plugins.
Preloading 0 native plugins for Editor in 0.00 ms.
Initialize engine version: 2021.3.1f1 (3b70a0754835)
[Subsystems] Discovering subsystems at path C:/Program Files/Unity/Hub/Editor/2021.3.1f1/Editor/Data/Resources/UnitySubsystems
[Subsystems] Discovering subsystems at path C:/Users/zz525/iMeta2023/Assets
GfxDevice: creating device client; threaded=0; jobified=0
Direct3D:
    Version:  Direct3D 11.0 [level 11.1]
    Renderer: NVIDIA GeForce RTX 3090 (ID=0x2204)
    Vendor:   NVIDIA
    VRAM:     24348 MB
    Driver:   31.0.15.1694
Initialize mono
Mono path[0] = 'C:/Program Files/Unity/Hub/Editor/2021.3.1f1/Editor/Data/Managed'
Mono path[1] = 'C:/Program Files/Unity/Hub/Editor/2021.3.1f1/Editor/Data/MonoBleedingEdge/lib/mono/unityjit-win32'
Mono config path = 'C:/Program Files/Unity/Hub/Editor/2021.3.1f1/Editor/Data/MonoBleedingEdge/etc'
Using monoOptions --debugger-agent=transport=dt_socket,embedding=1,server=y,suspend=n,address=127.0.0.1:56172
Begin MonoManager ReloadAssembly
Registering precompiled unity dll's ...
Register platform support module: C:/Program Files/Unity/Hub/Editor/2021.3.1f1/Editor/Data/PlaybackEngines/WebGLSupport/UnityEditor.WebGL.Extensions.dll
Register platform support module: C:/Program Files/Unity/Hub/Editor/2021.3.1f1/Editor/Data/PlaybackEngines/AndroidPlayer/UnityEditor.Android.Extensions.dll
Register platform support module: C:/Program Files/Unity/Hub/Editor/2021.3.1f1/Editor/Data/PlaybackEngines/iOSSupport/UnityEditor.iOS.Extensions.dll
Register platform support module: C:/Program Files/Unity/Hub/Editor/2021.3.1f1/Editor/Data/PlaybackEngines/WindowsStandaloneSupport/UnityEditor.WindowsStandalone.Extensions.dll
Registered in 0.022647 seconds.
Native extension for WindowsStandalone target not found
[usbmuxd] Start listen thread
[usbmuxd] Listen thread started
Native extension for iOS target not found
Native extension for Android target not found
Native extension for WebGL target not found
Refreshing native plugins compatible for Editor in 70.02 ms, found 3 plugins.
Preloading 0 native plugins for Editor in 0.00 ms.
Mono: successfully reloaded assembly
- Completed reload, in  0.658 seconds
Domain Reload Profiling:
	ReloadAssembly (659ms)
		BeginReloadAssembly (93ms)
			ExecutionOrderSort (0ms)
			DisableScriptedObjects (0ms)
			BackupInstance (0ms)
			ReleaseScriptingObjects (0ms)
			CreateAndSetChildDomain (1ms)
		EndReloadAssembly (438ms)
			LoadAssemblies (89ms)
			RebuildTransferFunctionScriptingTraits (0ms)
			SetupTypeCache (97ms)
			ReleaseScriptCaches (0ms)
			RebuildScriptCaches (23ms)
			SetupLoadedEditorAssemblies (266ms)
				LogAssemblyErrors (0ms)
				InitializePlatformSupportModulesInManaged (65ms)
				SetLoadedEditorAssemblies (0ms)
				RefreshPlugins (70ms)
				BeforeProcessingInitializeOnLoad (1ms)
				ProcessInitializeOnLoadAttributes (83ms)
				ProcessInitializeOnLoadMethodAttributes (47ms)
				AfterProcessingInitializeOnLoad (0ms)
				EditorAssembliesLoaded (0ms)
			ExecutionOrderSort2 (0ms)
			AwakeInstancesAfterBackupRestoration (0ms)
Platform modules already initialized, skipping
Registering precompiled user dll's ...
Registered in 0.007385 seconds.
Begin MonoManager ReloadAssembly
Symbol file LoadedFromMemory doesn't match image C:\Users\zz525\iMeta2023\Library\PackageCache\com.unity.visualscripting@1.7.6\Editor\VisualScripting.Core\Dependencies\YamlDotNet\Unity.VisualScripting.YamlDotNet.dll
Symbol file LoadedFromMemory is not a mono symbol file
Symbol file LoadedFromMemory doesn't match image C:\Users\zz525\iMeta2023\Library\PackageCache\com.unity.visualscripting@1.7.6\Editor\VisualScripting.Core\Dependencies\DotNetZip\Unity.VisualScripting.IonicZip.dll
Native extension for WindowsStandalone target not found
Native extension for iOS target not found
Native extension for Android target not found
Native extension for WebGL target not found
Refreshing native plugins compatible for Editor in 0.58 ms, found 3 plugins.
Preloading 0 native plugins for Editor in 0.00 ms.
Mono: successfully reloaded assembly
- Completed reload, in  1.147 seconds
Domain Reload Profiling:
	ReloadAssembly (1148ms)
		BeginReloadAssembly (234ms)
			ExecutionOrderSort (0ms)
			DisableScriptedObjects (5ms)
			BackupInstance (0ms)
			ReleaseScriptingObjects (0ms)
			CreateAndSetChildDomain (126ms)
		EndReloadAssembly (799ms)
			LoadAssemblies (121ms)
			RebuildTransferFunctionScriptingTraits (0ms)
			SetupTypeCache (229ms)
			ReleaseScriptCaches (1ms)
			RebuildScriptCaches (50ms)
			SetupLoadedEditorAssemblies (363ms)
				LogAssemblyErrors (0ms)
				InitializePlatformSupportModulesInManaged (34ms)
				SetLoadedEditorAssemblies (0ms)
				RefreshPlugins (1ms)
				BeforeProcessingInitializeOnLoad (86ms)
				ProcessInitializeOnLoadAttributes (203ms)
				ProcessInitializeOnLoadMethodAttributes (21ms)
				AfterProcessingInitializeOnLoad (16ms)
				EditorAssembliesLoaded (0ms)
			ExecutionOrderSort2 (0ms)
			AwakeInstancesAfterBackupRestoration (16ms)
Platform modules already initialized, skipping
========================================================================
Worker process is ready to serve import requests
Launched and connected shader compiler UnityShaderCompiler.exe after 0.11 seconds
Refreshing native plugins compatible for Editor in 1.09 ms, found 3 plugins.
Preloading 0 native plugins for Editor in 0.00 ms.
Unloading 3248 Unused Serialized files (Serialized files now loaded: 0)
Unloading 25 unused Assets / (0.8 MB). Loaded Objects now: 3716.
Memory consumption went from 118.5 MB to 117.7 MB.
Total: 3.241200 ms (FindLiveObjects: 0.498500 ms CreateObjectMapping: 0.256200 ms MarkObjects: 2.171000 ms  DeleteObjects: 0.314200 ms)

AssetImportParameters requested are different than current active one (requested -> active):
  custom:video-decoder-ogg-theora: a1e56fd34408186e4bbccfd4996cb3dc -> 
  custom:container-muxer-webm: aa71ff27fc2769a1b78a27578f13a17b -> 
  custom:container-demuxer-webm: 4f35f7cbe854078d1ac9338744f61a02 -> 
  custom:video-encoder-webm-vp8: eb34c28f22e8b96e1ab97ce403110664 -> 
  custom:audio-encoder-webm-vorbis: bf7c407c2cedff20999df2af8eb42d56 -> 
  custom:framework-win-MediaFoundation: 216162199b28c13a410421893ffa2e32 -> 
  custom:container-demuxer-ogg: 62fdf1f143b41e24485cea50d1cbac27 -> 
  custom:video-decoder-webm-vp8: 9c59270c3fd7afecdb556c50c9e8de78 -> 
  custom:audio-decoder-ogg-vorbis: bf7c407c2cedff20999df2af8eb42d56 -> 
========================================================================
Received Import Request.
  Time since last request: 368664.928860 seconds.
  path: Assets/Brick Project Studio/Apartment Kit/Common/Materials/Surface/Adler Light Wood.mat
  artifactKey: Guid(4e3472c094b8146469870886e7ccf1a0) Importer(815301076,1909f56bfc062723c751e8b465ee728b)
Start importing Assets/Brick Project Studio/Apartment Kit/Common/Materials/Surface/Adler Light Wood.mat using Guid(4e3472c094b8146469870886e7ccf1a0) Importer(815301076,1909f56bfc062723c751e8b465ee728b)  -> (artifact id: '4c42b6ac77ff56265d8ce4c76ef090bd') in 0.214974 seconds 
========================================================================
Received Import Request.
  Time since last request: 0.000018 seconds.
  path: Assets/Brick Project Studio/Apartment Kit/Common/Materials/Surface/Ebony Wood.mat
  artifactKey: Guid(5af27c19293d0ff4cb00b35cc2189634) Importer(815301076,1909f56bfc062723c751e8b465ee728b)
Start importing Assets/Brick Project Studio/Apartment Kit/Common/Materials/Surface/Ebony Wood.mat using Guid(5af27c19293d0ff4cb00b35cc2189634) Importer(815301076,1909f56bfc062723c751e8b465ee728b)  -> (artifact id: 'b118689af6b7a70d76c22c921ea2028d') in 0.027241 seconds 
========================================================================
Received Import Request.
  Time since last request: 0.000031 seconds.
  path: Assets/Brick Project Studio/Apartment Kit/Common/Materials/Surface/BR_Tile_02.mat
  artifactKey: Guid(10c8542d4324afc4bb4d61e51e00800e) Importer(815301076,1909f56bfc062723c751e8b465ee728b)
Start importing Assets/Brick Project Studio/Apartment Kit/Common/Materials/Surface/BR_Tile_02.mat using Guid(10c8542d4324afc4bb4d61e51e00800e) Importer(815301076,1909f56bfc062723c751e8b465ee728b)  -> (artifact id: 'bbe7dab2b523bb2b5f326c45c34b010c') in 0.033172 seconds 
========================================================================
Received Import Request.
  Time since last request: 0.000023 seconds.
  path: Assets/Brick Project Studio/Apartment Kit/Common/Materials/Surface/Vase_Apt_01.mat
  artifactKey: Guid(7504f6d8f16670241856bdd867609ccc) Importer(815301076,1909f56bfc062723c751e8b465ee728b)
Start importing Assets/Brick Project Studio/Apartment Kit/Common/Materials/Surface/Vase_Apt_01.mat using Guid(7504f6d8f16670241856bdd867609ccc) Importer(815301076,1909f56bfc062723c751e8b465ee728b)  -> (artifact id: '1a5a4ee2918c2e38e9e5e0e435eb8dd0') in 0.015743 seconds 
========================================================================
Received Import Request.
  Time since last request: 0.000019 seconds.
  path: Assets/Brick Project Studio/Apartment Kit/Common/Materials/Surface/Burlap_01.mat
  artifactKey: Guid(4c3e122e15d5d984083bffaa2d094ff5) Importer(815301076,1909f56bfc062723c751e8b465ee728b)
Start importing Assets/Brick Project Studio/Apartment Kit/Common/Materials/Surface/Burlap_01.mat using Guid(4c3e122e15d5d984083bffaa2d094ff5) Importer(815301076,1909f56bfc062723c751e8b465ee728b)  -> (artifact id: '3d0a2ea9d7203b68305361f7c852328e') in 0.040183 seconds 
========================================================================
Received Import Request.
  Time since last request: 0.000017 seconds.
  path: Assets/Brick Project Studio/Apartment Kit/Common/Materials/Surface/Cabinets_01.mat
  artifactKey: Guid(5bdd1af6958bd9143a8bc920d98238b3) Importer(815301076,1909f56bfc062723c751e8b465ee728b)
Start importing Assets/Brick Project Studio/Apartment Kit/Common/Materials/Surface/Cabinets_01.mat using Guid(5bdd1af6958bd9143a8bc920d98238b3) Importer(815301076,1909f56bfc062723c751e8b465ee728b)  -> (artifact id: 'f9b1ea313a2b7bb907b62f42496afb9d') in 0.019033 seconds 
========================================================================
Received Import Request.
  Time since last request: 0.000018 seconds.
  path: Assets/Brick Project Studio/Apartment Kit/Common/Materials/Surface/LampShade_On.mat
  artifactKey: Guid(b88360a072428ab458700f373aaa91ee) Importer(815301076,1909f56bfc062723c751e8b465ee728b)
Start importing Assets/Brick Project Studio/Apartment Kit/Common/Materials/Surface/LampShade_On.mat using Guid(b88360a072428ab458700f373aaa91ee) Importer(815301076,1909f56bfc062723c751e8b465ee728b)  -> (artifact id: '117bb75d30692206c7017397a56d18b5') in 0.014750 seconds 
========================================================================
Received Import Request.
  Time since last request: 0.000021 seconds.
  path: Assets/Brick Project Studio/Apartment Kit/Common/Materials/Surface/Shiny Metal_03.mat
  artifactKey: Guid(ff2bb81a45899464db5313ff275f8a31) Importer(815301076,1909f56bfc062723c751e8b465ee728b)
Start importing Assets/Brick Project Studio/Apartment Kit/Common/Materials/Surface/Shiny Metal_03.mat using Guid(ff2bb81a45899464db5313ff275f8a31) Importer(815301076,1909f56bfc062723c751e8b465ee728b)  -> (artifact id: '38b24a7a2c3333338db780823ce22f2b') in 0.019149 seconds 
========================================================================
Received Import Request.
  Time since last request: 0.000023 seconds.
  path: Assets/Brick Project Studio/Apartment Kit/Common/Materials/Surface/Glass Wine Bottle Wrapper 02.mat
  artifactKey: Guid(5d5f7ba22899a774081673e045e96cc5) Importer(815301076,1909f56bfc062723c751e8b465ee728b)
Start importing Assets/Brick Project Studio/Apartment Kit/Common/Materials/Surface/Glass Wine Bottle Wrapper 02.mat using Guid(5d5f7ba22899a774081673e045e96cc5) Importer(815301076,1909f56bfc062723c751e8b465ee728b)  -> (artifact id: '0c7f9c845a6d33a74c8579e7ba7c333b') in 0.014672 seconds 
========================================================================
Received Import Request.
  Time since last request: 0.000022 seconds.
  path: Assets/Brick Project Studio/Apartment Kit/Common/Materials/Surface/Red Wine.mat
  artifactKey: Guid(4395ee91f3c8a8245ac3acea11839b80) Importer(815301076,1909f56bfc062723c751e8b465ee728b)
Start importing Assets/Brick Project Studio/Apartment Kit/Common/Materials/Surface/Red Wine.mat using Guid(4395ee91f3c8a8245ac3acea11839b80) Importer(815301076,1909f56bfc062723c751e8b465ee728b)  -> (artifact id: '451b8be8f3f9eb9c688c1ff366c9211e') in 0.013861 seconds 
========================================================================
Received Import Request.
  Time since last request: 0.000021 seconds.
  path: Assets/Brick Project Studio/Apartment Kit/Common/Materials/Surface/Mirror.mat
  artifactKey: Guid(bbc4e18e895e99a468291c41300b3f55) Importer(815301076,1909f56bfc062723c751e8b465ee728b)
Start importing Assets/Brick Project Studio/Apartment Kit/Common/Materials/Surface/Mirror.mat using Guid(bbc4e18e895e99a468291c41300b3f55) Importer(815301076,1909f56bfc062723c751e8b465ee728b)  -> (artifact id: '4b39eee87d95e9cb73e867ee3848a968') in 0.014017 seconds 
========================================================================
Received Import Request.
  Time since last request: 0.000026 seconds.
  path: Assets/Brick Project Studio/Apartment Kit/Common/Materials/Surface/Rustic Wood.mat
  artifactKey: Guid(a5fe6931b64e0de469d6a1b5b2a23513) Importer(815301076,1909f56bfc062723c751e8b465ee728b)
Start importing Assets/Brick Project Studio/Apartment Kit/Common/Materials/Surface/Rustic Wood.mat using Guid(a5fe6931b64e0de469d6a1b5b2a23513) Importer(815301076,1909f56bfc062723c751e8b465ee728b)  -> (artifact id: 'b7fefe00462cfc58a8dda08ee8a52324') in 0.040888 seconds 
========================================================================
Received Import Request.
  Time since last request: 0.000014 seconds.
  path: Assets/Brick Project Studio/Apartment Kit/Common/Materials/Surface/Glass Wine Bottle 05.mat
  artifactKey: Guid(faedf01a9e7977749a7798016f508081) Importer(815301076,1909f56bfc062723c751e8b465ee728b)
Start importing Assets/Brick Project Studio/Apartment Kit/Common/Materials/Surface/Glass Wine Bottle 05.mat using Guid(faedf01a9e7977749a7798016f508081) Importer(815301076,1909f56bfc062723c751e8b465ee728b)  -> (artifact id: '3c2b0d34e3361061e678ba85a742a3b2') in 0.016273 seconds 
========================================================================
Received Import Request.
  Time since last request: 0.000016 seconds.
  path: Assets/Brick Project Studio/Apartment Kit/Common/Materials/Surface/Porcelain_01.mat
  artifactKey: Guid(460d4e0c91ed8c5439e09b9b3b47c398) Importer(815301076,1909f56bfc062723c751e8b465ee728b)
Start importing Assets/Brick Project Studio/Apartment Kit/Common/Materials/Surface/Porcelain_01.mat using Guid(460d4e0c91ed8c5439e09b9b3b47c398) Importer(815301076,1909f56bfc062723c751e8b465ee728b)  -> (artifact id: 'b265e794f989fa64316da21226489c45') in 0.018709 seconds 
========================================================================
Received Import Request.
  Time since last request: 0.000012 seconds.
  path: Assets/Brick Project Studio/Apartment Kit/Common/Materials/Surface/BR_Tile_01.mat
  artifactKey: Guid(aae18af11f5af9d43bb55831bba0ae8f) Importer(815301076,1909f56bfc062723c751e8b465ee728b)
Start importing Assets/Brick Project Studio/Apartment Kit/Common/Materials/Surface/BR_Tile_01.mat using Guid(aae18af11f5af9d43bb55831bba0ae8f) Importer(815301076,1909f56bfc062723c751e8b465ee728b)  -> (artifact id: '0cdb16f754f0570c069b237b6c7c536d') in 0.025443 seconds 
========================================================================
Received Import Request.
  Time since last request: 0.000025 seconds.
  path: Assets/Brick Project Studio/Apartment Kit/Common/Materials/Surface/Glass_Dark.mat
  artifactKey: Guid(cc90876a24c95974baf293258366d22d) Importer(815301076,1909f56bfc062723c751e8b465ee728b)
Start importing Assets/Brick Project Studio/Apartment Kit/Common/Materials/Surface/Glass_Dark.mat using Guid(cc90876a24c95974baf293258366d22d) Importer(815301076,1909f56bfc062723c751e8b465ee728b)  -> (artifact id: 'ab33811e884992d8255e5535c52b31b5') in 0.101133 seconds 
========================================================================
Received Import Request.
  Time since last request: 0.000033 seconds.
  path: Assets/Brick Project Studio/Apartment Kit/Common/Materials/Surface/LampShadeFabric_On.mat
  artifactKey: Guid(625ca8b0c9507cd4d8685b336560db6d) Importer(815301076,1909f56bfc062723c751e8b465ee728b)
Start importing Assets/Brick Project Studio/Apartment Kit/Common/Materials/Surface/LampShadeFabric_On.mat using Guid(625ca8b0c9507cd4d8685b336560db6d) Importer(815301076,1909f56bfc062723c751e8b465ee728b)  -> (artifact id: '26ce033c937dfd7a0971ef4ec4929746') in 0.015177 seconds 
========================================================================
Received Import Request.
  Time since last request: 0.000025 seconds.
  path: Assets/Brick Project Studio/Apartment Kit/Common/Materials/Surface/CounterTop_01.mat
  artifactKey: Guid(656eb32607aaaed4590ee8c05d00282f) Importer(815301076,1909f56bfc062723c751e8b465ee728b)
Start importing Assets/Brick Project Studio/Apartment Kit/Common/Materials/Surface/CounterTop_01.mat using Guid(656eb32607aaaed4590ee8c05d00282f) Importer(815301076,1909f56bfc062723c751e8b465ee728b)  -> (artifact id: '4680d3697b6ea867080030c6e28a8baf') in 0.055491 seconds 
========================================================================
Received Import Request.
  Time since last request: 0.000025 seconds.
  path: Assets/Brick Project Studio/Apartment Kit/Common/Materials/Surface/Leather_02.mat
  artifactKey: Guid(6b037e7c427c8fc478dce6529e818f82) Importer(815301076,1909f56bfc062723c751e8b465ee728b)
Start importing Assets/Brick Project Studio/Apartment Kit/Common/Materials/Surface/Leather_02.mat using Guid(6b037e7c427c8fc478dce6529e818f82) Importer(815301076,1909f56bfc062723c751e8b465ee728b)  -> (artifact id: '7a4c09427deaf292883b80065aacd151') in 0.021481 seconds 
========================================================================
Received Import Request.
  Time since last request: 0.000034 seconds.
  path: Assets/Brick Project Studio/Apartment Kit/Common/Materials/Surface/Red_01.mat
  artifactKey: Guid(fc572b7f1f43b3a42810a51f8c8ee969) Importer(815301076,1909f56bfc062723c751e8b465ee728b)
Start importing Assets/Brick Project Studio/Apartment Kit/Common/Materials/Surface/Red_01.mat using Guid(fc572b7f1f43b3a42810a51f8c8ee969) Importer(815301076,1909f56bfc062723c751e8b465ee728b)  -> (artifact id: '4affd5aa22a76697b328be4b21e1aae8') in 0.014023 seconds 
========================================================================
Received Import Request.
  Time since last request: 4.299076 seconds.
  path: Assets/Brick Project Studio/_BPS Basic Assets/Common/Materials/Legacy/Brick 02.mat
  artifactKey: Guid(3d1a06be464c4f34a858b507405a7bb5) Importer(815301076,1909f56bfc062723c751e8b465ee728b)
Start importing Assets/Brick Project Studio/_BPS Basic Assets/Common/Materials/Legacy/Brick 02.mat using Guid(3d1a06be464c4f34a858b507405a7bb5) Importer(815301076,1909f56bfc062723c751e8b465ee728b)  -> (artifact id: '2770657d8aec4a1caaf99bd351ca5c67') in 0.037868 seconds 
========================================================================
Received Import Request.
  Time since last request: 1.411771 seconds.
  path: Assets/Brick Project Studio/Apartment Kit/Common/Materials/Misc/Controller Screen_01.mat
  artifactKey: Guid(a89efc085b210d34fb9c6f0b7b0f669a) Importer(815301076,1909f56bfc062723c751e8b465ee728b)
Start importing Assets/Brick Project Studio/Apartment Kit/Common/Materials/Misc/Controller Screen_01.mat using Guid(a89efc085b210d34fb9c6f0b7b0f669a) Importer(815301076,1909f56bfc062723c751e8b465ee728b)  -> (artifact id: '403cef6dcb1e552bf500bc55c21cb6cc') in 0.021804 seconds 
========================================================================
Received Import Request.
  Time since last request: 2.130415 seconds.
  path: Packages/com.unity.collab-proxy/Editor/Collaborate/Assets/Icons/added-file-light@2x.png
  artifactKey: Guid(ec2e3aa6d0ab8ce4eac29b56d65d61d5) Importer(815301076,1909f56bfc062723c751e8b465ee728b)
Start importing Packages/com.unity.collab-proxy/Editor/Collaborate/Assets/Icons/added-file-light@2x.png using Guid(ec2e3aa6d0ab8ce4eac29b56d65d61d5) Importer(815301076,1909f56bfc062723c751e8b465ee728b)  -> (artifact id: 'ecef179c2814b82152723db2c53a44d1') in 0.104157 seconds 
========================================================================
Received Import Request.
  Time since last request: 2032.955439 seconds.
  path: Assets/New Material 2.mat
  artifactKey: Guid(aad5f4aee97b6f0469e56381969348be) Importer(815301076,1909f56bfc062723c751e8b465ee728b)
Start importing Assets/New Material 2.mat using Guid(aad5f4aee97b6f0469e56381969348be) Importer(815301076,1909f56bfc062723c751e8b465ee728b)  -> (artifact id: 'ed9e78c97413f69bd002e1cbd8cd7163') in 0.016191 seconds 
========================================================================
Received Import Request.
  Time since last request: 968.975211 seconds.
  path: Assets/New Material 2.mat
  artifactKey: Guid(aad5f4aee97b6f0469e56381969348be) Importer(815301076,1909f56bfc062723c751e8b465ee728b)
Start importing Assets/New Material 2.mat using Guid(aad5f4aee97b6f0469e56381969348be) Importer(815301076,1909f56bfc062723c751e8b465ee728b)  -> (artifact id: '65ae1790a1a5c3539f2f433a9dc19dbf') in 0.016636 seconds 
========================================================================
Received Import Request.
  Time since last request: 955.621901 seconds.
  path: Assets/Brick Project Studio/Apartment Kit/Common/Textures/Surface/AdlerWood_01_N.png
  artifactKey: Guid(84cd5ef0583ef6449bfe7ad09c001723) Importer(815301076,1909f56bfc062723c751e8b465ee728b)
Start importing Assets/Brick Project Studio/Apartment Kit/Common/Textures/Surface/AdlerWood_01_N.png using Guid(84cd5ef0583ef6449bfe7ad09c001723) Importer(815301076,1909f56bfc062723c751e8b465ee728b)  -> (artifact id: '3aea18810807ca0b4a76f5d0d4ea3792') in 0.029422 seconds 
========================================================================
Received Import Request.
  Time since last request: 0.048600 seconds.
  path: Assets/Brick Project Studio/Apartment Kit/_Prefabs/Furniture/Wine Cabinet/BarCabinet_Apt_02_CenterTower.prefab
  artifactKey: Guid(f0f8347ddc1d5ed4bb8d2379f9008300) Importer(815301076,1909f56bfc062723c751e8b465ee728b)
Start importing Assets/Brick Project Studio/Apartment Kit/_Prefabs/Furniture/Wine Cabinet/BarCabinet_Apt_02_CenterTower.prefab using Guid(f0f8347ddc1d5ed4bb8d2379f9008300) Importer(815301076,1909f56bfc062723c751e8b465ee728b)  -> (artifact id: 'd9ab567aeff5effbe4d9240bb2267358') in 0.087903 seconds 
========================================================================
Received Import Request.
  Time since last request: 0.000020 seconds.
  path: Assets/WorldMaterialsFree/Resource Files/BasketWeaveBricks/BasketWeaveBricks_Roughness.png
  artifactKey: Guid(34625fdce6a77a543804361b473cd27b) Importer(815301076,1909f56bfc062723c751e8b465ee728b)
Start importing Assets/WorldMaterialsFree/Resource Files/BasketWeaveBricks/BasketWeaveBricks_Roughness.png using Guid(34625fdce6a77a543804361b473cd27b) Importer(815301076,1909f56bfc062723c751e8b465ee728b)  -> (artifact id: 'a20ef874d29d15d2338b0a2a72babdaa') in 0.020324 seconds 
========================================================================
Received Import Request.
  Time since last request: 0.000028 seconds.
  path: Assets/WorldMaterialsFree/Resource Files/BasketWeaveBricks/BasketWeaveBricks_Smoothness.png
  artifactKey: Guid(b05bb9ac27530194f9ce4086ccac645c) Importer(815301076,1909f56bfc062723c751e8b465ee728b)
Start importing Assets/WorldMaterialsFree/Resource Files/BasketWeaveBricks/BasketWeaveBricks_Smoothness.png using Guid(b05bb9ac27530194f9ce4086ccac645c) Importer(815301076,1909f56bfc062723c751e8b465ee728b)  -> (artifact id: '22ca635640aba4ddb0789dd741720165') in 0.020998 seconds 
========================================================================
Received Import Request.
  Time since last request: 0.000026 seconds.
  path: Assets/WorldMaterialsFree/Resource Files/BasketWeaveBricks/BasketWeaveBricks_ao.png
  artifactKey: Guid(c75c7b152cad0d84fbf8caa89105ea3c) Importer(815301076,1909f56bfc062723c751e8b465ee728b)
Start importing Assets/WorldMaterialsFree/Resource Files/BasketWeaveBricks/BasketWeaveBricks_ao.png using Guid(c75c7b152cad0d84fbf8caa89105ea3c) Importer(815301076,1909f56bfc062723c751e8b465ee728b)  -> (artifact id: '6cc80f3544b74334222bd2a9f84604eb') in 0.019543 seconds 
========================================================================
Received Import Request.
  Time since last request: 0.553517 seconds.
  path: Assets/Brick Project Studio/Apartment Kit/Common/Textures/Surface/Rustic Wood - Normal.png
  artifactKey: Guid(280b9617cd8dbde4f8c3a20d529b8051) Importer(815301076,1909f56bfc062723c751e8b465ee728b)
Start importing Assets/Brick Project Studio/Apartment Kit/Common/Textures/Surface/Rustic Wood - Normal.png using Guid(280b9617cd8dbde4f8c3a20d529b8051) Importer(815301076,1909f56bfc062723c751e8b465ee728b)  -> (artifact id: '465ec65961de710833111e3b8287d057') in 0.017031 seconds 
========================================================================
Received Import Request.
  Time since last request: 0.009237 seconds.
  path: Assets/Brick Project Studio/Apartment Kit/Common/Textures/Surface/White Wood.png
  artifactKey: Guid(82825fa1dbf49564796bb87fafd54ed0) Importer(815301076,1909f56bfc062723c751e8b465ee728b)
Start importing Assets/Brick Project Studio/Apartment Kit/Common/Textures/Surface/White Wood.png using Guid(82825fa1dbf49564796bb87fafd54ed0) Importer(815301076,1909f56bfc062723c751e8b465ee728b)  -> (artifact id: '487f5414521e7d2297ade5a689d0aed1') in 0.018437 seconds 
========================================================================
Received Import Request.
  Time since last request: 0.000034 seconds.
  path: Assets/Stylized Wood Textures/Textures/Chevron/Wood_Chevron_normal.png
  artifactKey: Guid(2ea7b72f85db9b14090108a266c32dc2) Importer(815301076,1909f56bfc062723c751e8b465ee728b)
Start importing Assets/Stylized Wood Textures/Textures/Chevron/Wood_Chevron_normal.png using Guid(2ea7b72f85db9b14090108a266c32dc2) Importer(815301076,1909f56bfc062723c751e8b465ee728b)  -> (artifact id: '93e88530056c6c47b66e231f30cafa15') in 0.019699 seconds 
========================================================================
Received Import Request.
  Time since last request: 0.000025 seconds.
  path: Assets/Brick Project Studio/Apartment Kit/Common/Textures/Surface/Wood_Ebony_01_AO.png
  artifactKey: Guid(288cf7adf0d7df7428fd6de295b12e20) Importer(815301076,1909f56bfc062723c751e8b465ee728b)
Start importing Assets/Brick Project Studio/Apartment Kit/Common/Textures/Surface/Wood_Ebony_01_AO.png using Guid(288cf7adf0d7df7428fd6de295b12e20) Importer(815301076,1909f56bfc062723c751e8b465ee728b)  -> (artifact id: '22a1f0c7abfcb962b00e1f74b39a19cc') in 0.019737 seconds 
========================================================================
Received Import Request.
  Time since last request: 0.000015 seconds.
  path: Assets/Brick Project Studio/Apartment Kit/Common/Textures/Surface/Wood_Ebony_01_A.png
  artifactKey: Guid(852e56973a7526a4b88475a4f8463f4b) Importer(815301076,1909f56bfc062723c751e8b465ee728b)
Start importing Assets/Brick Project Studio/Apartment Kit/Common/Textures/Surface/Wood_Ebony_01_A.png using Guid(852e56973a7526a4b88475a4f8463f4b) Importer(815301076,1909f56bfc062723c751e8b465ee728b)  -> (artifact id: '16cb38cd0b9de1f93f6dcdae48e27b96') in 0.018738 seconds 
========================================================================
Received Import Request.
  Time since last request: 0.000027 seconds.
  path: Assets/Brick Project Studio/Apartment Kit/Common/Textures/Surface/Wood_Ebony_01_N.png
  artifactKey: Guid(b5b20f23beab58d45b513b9aa44e2709) Importer(815301076,1909f56bfc062723c751e8b465ee728b)
Start importing Assets/Brick Project Studio/Apartment Kit/Common/Textures/Surface/Wood_Ebony_01_N.png using Guid(b5b20f23beab58d45b513b9aa44e2709) Importer(815301076,1909f56bfc062723c751e8b465ee728b)  -> (artifact id: 'fc0799ee108e0b948260c6addb0d6c44') in 0.018730 seconds 
========================================================================
Received Import Request.
  Time since last request: 0.000020 seconds.
  path: Assets/Stylized Wood Textures/Textures/Chevron/Wood_Chevron_ambientocclusion.png
  artifactKey: Guid(8dd9c2bc57ce783439889e0202d79d61) Importer(815301076,1909f56bfc062723c751e8b465ee728b)
Start importing Assets/Stylized Wood Textures/Textures/Chevron/Wood_Chevron_ambientocclusion.png using Guid(8dd9c2bc57ce783439889e0202d79d61) Importer(815301076,1909f56bfc062723c751e8b465ee728b)  -> (artifact id: 'ad9e9e982da153cd78ee096e3a225084') in 0.018243 seconds 
========================================================================
Received Import Request.
  Time since last request: 0.000016 seconds.
  path: Assets/Stylized Wood Textures/Textures/Herringbone/Wood_Herringbone_metallic.png
  artifactKey: Guid(0bc8ebed75a684c4ab2e9bdf336fb3e9) Importer(815301076,1909f56bfc062723c751e8b465ee728b)
Start importing Assets/Stylized Wood Textures/Textures/Herringbone/Wood_Herringbone_metallic.png using Guid(0bc8ebed75a684c4ab2e9bdf336fb3e9) Importer(815301076,1909f56bfc062723c751e8b465ee728b)  -> (artifact id: 'feb6c09e15cd99156bd355fc1a510796') in 0.015746 seconds 
========================================================================
Received Import Request.
  Time since last request: 0.000018 seconds.
  path: Assets/Stylized Wood Textures/Textures/Square/Wood_Square_basecolor.png
  artifactKey: Guid(dc71b8e9c1c2dfc44a3078207aa60d5f) Importer(815301076,1909f56bfc062723c751e8b465ee728b)
Start importing Assets/Stylized Wood Textures/Textures/Square/Wood_Square_basecolor.png using Guid(dc71b8e9c1c2dfc44a3078207aa60d5f) Importer(815301076,1909f56bfc062723c751e8b465ee728b)  -> (artifact id: '337c83422cd755c5b4cc582a39fca5b2') in 0.017682 seconds 
========================================================================
Received Import Request.
  Time since last request: 0.000018 seconds.
  path: Assets/Stylized Wood Textures/Textures/Planks/Wood_Planks_height.png
  artifactKey: Guid(3623063cbfe883141939161b36eca79c) Importer(815301076,1909f56bfc062723c751e8b465ee728b)
Start importing Assets/Stylized Wood Textures/Textures/Planks/Wood_Planks_height.png using Guid(3623063cbfe883141939161b36eca79c) Importer(815301076,1909f56bfc062723c751e8b465ee728b)  -> (artifact id: 'e5722c9ad086a150e0855a1abdee6779') in 0.016479 seconds 
========================================================================
Received Import Request.
  Time since last request: 0.000017 seconds.
  path: Assets/Stylized Wood Textures/Textures/Square/Wood_Square_normal.png
  artifactKey: Guid(f34c12c780596734b9cbab8fca414acc) Importer(815301076,1909f56bfc062723c751e8b465ee728b)
Start importing Assets/Stylized Wood Textures/Textures/Square/Wood_Square_normal.png using Guid(f34c12c780596734b9cbab8fca414acc) Importer(815301076,1909f56bfc062723c751e8b465ee728b)  -> (artifact id: 'aed09ca41b9a114282ca5986b919b5fa') in 0.017315 seconds 
========================================================================
Received Import Request.
  Time since last request: 0.000016 seconds.
  path: Assets/Stylized Wood Textures/Textures/Chevron/Wood_Chevron_basecolor.png
  artifactKey: Guid(dc701068260463c47ac417c3dd942fda) Importer(815301076,1909f56bfc062723c751e8b465ee728b)
Start importing Assets/Stylized Wood Textures/Textures/Chevron/Wood_Chevron_basecolor.png using Guid(dc701068260463c47ac417c3dd942fda) Importer(815301076,1909f56bfc062723c751e8b465ee728b)  -> (artifact id: '96e2aaaaf52d6912bcffb11464ca8306') in 0.016321 seconds 
========================================================================
Received Import Request.
  Time since last request: 0.000028 seconds.
  path: Assets/Stylized Wood Textures/Textures/Square/Wood_Square_height.png
  artifactKey: Guid(b6fcad0043a441d4ebd9dc3b582b9741) Importer(815301076,1909f56bfc062723c751e8b465ee728b)
Start importing Assets/Stylized Wood Textures/Textures/Square/Wood_Square_height.png using Guid(b6fcad0043a441d4ebd9dc3b582b9741) Importer(815301076,1909f56bfc062723c751e8b465ee728b)  -> (artifact id: '4a9048ef6f31fa3e0bc0c892112062f7') in 0.016180 seconds 
========================================================================
Received Import Request.
  Time since last request: 0.000036 seconds.
  path: Assets/Stylized Wood Textures/Textures/Herringbone/Wood_Herringbone_height.png
  artifactKey: Guid(9a3539e3543e8b64e90c260236fa0bcb) Importer(815301076,1909f56bfc062723c751e8b465ee728b)
Start importing Assets/Stylized Wood Textures/Textures/Herringbone/Wood_Herringbone_height.png using Guid(9a3539e3543e8b64e90c260236fa0bcb) Importer(815301076,1909f56bfc062723c751e8b465ee728b)  -> (artifact id: '550d457ca1dbdff0fad12381b2c1a284') in 0.016628 seconds 
========================================================================
Received Import Request.
  Time since last request: 0.000030 seconds.
  path: Assets/Stylized Wood Textures/Textures/Panels/Wood_Panels_ambientocclusion.png
  artifactKey: Guid(e948acac20ae579469b3f8722339568d) Importer(815301076,1909f56bfc062723c751e8b465ee728b)
Start importing Assets/Stylized Wood Textures/Textures/Panels/Wood_Panels_ambientocclusion.png using Guid(e948acac20ae579469b3f8722339568d) Importer(815301076,1909f56bfc062723c751e8b465ee728b)  -> (artifact id: '175985aa9cf2fc71d96e76b178fff6a2') in 0.017051 seconds 
========================================================================
Received Import Request.
  Time since last request: 0.000029 seconds.
  path: Assets/Stylized Wood Textures/Textures/Panels/Wood_Panels_metallic.png
  artifactKey: Guid(59a6a3fd41f33ae4fa79c2a39578769f) Importer(815301076,1909f56bfc062723c751e8b465ee728b)
Start importing Assets/Stylized Wood Textures/Textures/Panels/Wood_Panels_metallic.png using Guid(59a6a3fd41f33ae4fa79c2a39578769f) Importer(815301076,1909f56bfc062723c751e8b465ee728b)  -> (artifact id: '264c34e4a93e565c3974c81f48a5a0ae') in 0.016938 seconds 
========================================================================
Received Import Request.
  Time since last request: 0.000021 seconds.
  path: Assets/Brick Project Studio/Apartment Kit/Common/Textures/Surface/White Wood_normal.png
  artifactKey: Guid(aa20464592754c2418b9144bff0d1ff6) Importer(815301076,1909f56bfc062723c751e8b465ee728b)
Start importing Assets/Brick Project Studio/Apartment Kit/Common/Textures/Surface/White Wood_normal.png using Guid(aa20464592754c2418b9144bff0d1ff6) Importer(815301076,1909f56bfc062723c751e8b465ee728b)  -> (artifact id: '4ea146a42e6b0b4a498a2b2a42cb5b0c') in 0.016790 seconds 
========================================================================
Received Import Request.
  Time since last request: 6.247467 seconds.
  path: Assets/Stylized Wood Textures/Textures/Triangle/Wood_Triangle_basecolor.png
  artifactKey: Guid(e3537fc042bbba94ea33ce0d9abe3592) Importer(815301076,1909f56bfc062723c751e8b465ee728b)
Start importing Assets/Stylized Wood Textures/Textures/Triangle/Wood_Triangle_basecolor.png using Guid(e3537fc042bbba94ea33ce0d9abe3592) Importer(815301076,1909f56bfc062723c751e8b465ee728b)  -> (artifact id: 'e2298afd2460480edeaa1910c18a54f8') in 0.033209 seconds 
========================================================================
Received Import Request.
  Time since last request: 0.000028 seconds.
  path: Assets/WorldMaterialsFree/Resource Files/WoodenFlooring/WoodenFlooring_Smoothness.png
  artifactKey: Guid(671ffec92ccdc454bb4a1962709fdcf2) Importer(815301076,1909f56bfc062723c751e8b465ee728b)
Start importing Assets/WorldMaterialsFree/Resource Files/WoodenFlooring/WoodenFlooring_Smoothness.png using Guid(671ffec92ccdc454bb4a1962709fdcf2) Importer(815301076,1909f56bfc062723c751e8b465ee728b)  -> (artifact id: '202aa47cba2abe64649fcfbb8b45a049') in 0.019984 seconds 
========================================================================
Received Import Request.
  Time since last request: 0.000023 seconds.
  path: Assets/WorldMaterialsFree/Resource Files/WoodenFlooring/WoodenFlooring_Normal.png
  artifactKey: Guid(01b613412f766b04e8c6f4165aef820e) Importer(815301076,1909f56bfc062723c751e8b465ee728b)
Start importing Assets/WorldMaterialsFree/Resource Files/WoodenFlooring/WoodenFlooring_Normal.png using Guid(01b613412f766b04e8c6f4165aef820e) Importer(815301076,1909f56bfc062723c751e8b465ee728b)  -> (artifact id: '6a47549ff6a10f68d8f643d74cc6063c') in 0.019911 seconds 
========================================================================
Received Import Request.
  Time since last request: 0.000031 seconds.
  path: Assets/Stylized Wood Textures/Textures/Triangle/Wood_Triangle_normal.png
  artifactKey: Guid(91a69e9cef94a8041931a28ad5867a1e) Importer(815301076,1909f56bfc062723c751e8b465ee728b)
Start importing Assets/Stylized Wood Textures/Textures/Triangle/Wood_Triangle_normal.png using Guid(91a69e9cef94a8041931a28ad5867a1e) Importer(815301076,1909f56bfc062723c751e8b465ee728b)  -> (artifact id: '27eb67fa3fef23b3764ff7fb9aa098ee') in 0.017641 seconds 
========================================================================
Received Import Request.
  Time since last request: 0.000021 seconds.
  path: Assets/WorldMaterialsFree/Resource Files/WoodenFlooring/WoodenFlooring_AO.png
  artifactKey: Guid(87b24c57073d5b447928e2648ff7b1f4) Importer(815301076,1909f56bfc062723c751e8b465ee728b)
Start importing Assets/WorldMaterialsFree/Resource Files/WoodenFlooring/WoodenFlooring_AO.png using Guid(87b24c57073d5b447928e2648ff7b1f4) Importer(815301076,1909f56bfc062723c751e8b465ee728b)  -> (artifact id: '082f7ce8727ba76ddda4dd17121aade5') in 0.020182 seconds 
========================================================================
Received Import Request.
  Time since last request: 0.000019 seconds.
  path: Assets/Stylized Wood Textures/Textures/Triangle/Wood_Triangle_metallic.png
  artifactKey: Guid(6ba61bef9f683ed4580109c5afbf3b55) Importer(815301076,1909f56bfc062723c751e8b465ee728b)
Start importing Assets/Stylized Wood Textures/Textures/Triangle/Wood_Triangle_metallic.png using Guid(6ba61bef9f683ed4580109c5afbf3b55) Importer(815301076,1909f56bfc062723c751e8b465ee728b)  -> (artifact id: '2794a0d200f9ce0f56572bc193a4a45e') in 0.019465 seconds 
========================================================================
Received Import Request.
  Time since last request: 0.000050 seconds.
  path: Assets/WorldMaterialsFree/Built-In_RPMaterials/WoodenFlooring_StandardShader.mat
  artifactKey: Guid(0c634d43759f96547a2894e2744199f1) Importer(815301076,1909f56bfc062723c751e8b465ee728b)
Start importing Assets/WorldMaterialsFree/Built-In_RPMaterials/WoodenFlooring_StandardShader.mat using Guid(0c634d43759f96547a2894e2744199f1) Importer(815301076,1909f56bfc062723c751e8b465ee728b)  -> (artifact id: '82dde7e9e1d2843f64a1ffacee0f7e70') in 0.057727 seconds 
========================================================================
Received Import Request.
  Time since last request: 0.000017 seconds.
  path: Assets/Stylized Wood Textures/Textures/Triangle/Wood_Triangle_height.png
  artifactKey: Guid(cff2f85e0a34f84418366fd235a87a80) Importer(815301076,1909f56bfc062723c751e8b465ee728b)
Start importing Assets/Stylized Wood Textures/Textures/Triangle/Wood_Triangle_height.png using Guid(cff2f85e0a34f84418366fd235a87a80) Importer(815301076,1909f56bfc062723c751e8b465ee728b)  -> (artifact id: '69fc8855da69bd6375bd0aa3c7607d68') in 0.022440 seconds 
========================================================================
Received Import Request.
  Time since last request: 0.000021 seconds.
  path: Assets/WorldMaterialsFree/URPMaterials/WoodenFlooring_URPShader.mat
  artifactKey: Guid(74c7b8e3ed8d60740ad629198f468a2e) Importer(815301076,1909f56bfc062723c751e8b465ee728b)
Start importing Assets/WorldMaterialsFree/URPMaterials/WoodenFlooring_URPShader.mat using Guid(74c7b8e3ed8d60740ad629198f468a2e) Importer(815301076,1909f56bfc062723c751e8b465ee728b) Shader error in 'WorldMatURPFree': Couldn't open include file 'Packages/com.unity.render-pipelines.universal/ShaderLibrary/Core.hlsl'. at line 689

Compiling Subshader: 0, Pass: ShadowCaster, Vertex program with <no keywords>
Platform defines: SHADER_API_DESKTOP UNITY_COLORSPACE_GAMMA UNITY_ENABLE_DETAIL_NORMALMAP UNITY_ENABLE_REFLECTION_BUFFERS UNITY_LIGHTMAP_FULL_HDR UNITY_LIGHT_PROBE_PROXY_VOLUME UNITY_PASS_SHADOWCASTER UNITY_PBS_USE_BRDF1 UNITY_SPECCUBE_BLENDING UNITY_SPECCUBE_BOX_PROJECTION UNITY_USE_DITHER_MASK_FOR_ALPHABLENDED_SHADOWS
Disabled keywords: FOG_EXP FOG_EXP2 FOG_LINEAR INSTANCING_ON LOD_FADE_CROSSFADE SHADER_API_GLES30 UNITY_ASTC_NORMALMAP_ENCODING UNITY_ENABLE_NATIVE_SHADOW_LOOKUPS UNITY_FRAMEBUFFER_FETCH_AVAILABLE UNITY_HALF_PRECISION_FRAGMENT_SHADER_REGISTERS UNITY_HARDWARE_TIER1 UNITY_HARDWARE_TIER2 UNITY_HARDWARE_TIER3 UNITY_LIGHTMAP_DLDR_ENCODING UNITY_LIGHTMAP_RGBM_ENCODING UNITY_METAL_SHADOWS_USE_POINT_FILTERING UNITY_NO_DXT5nm UNITY_NO_FULL_STANDARD_SHADER UNITY_NO_SCREENSPACE_SHADOWS UNITY_PBS_USE_BRDF2 UNITY_PBS_USE_BRDF3 UNITY_PRETRANSFORM_TO_DISPLAY_ORIENTATION UNITY_UNIFIED_SHADER_PRECISION_MODEL UNITY_VIRTUAL_TEXTURING
Shader error in 'WorldMatURPFree': Couldn't open include file 'Packages/com.unity.render-pipelines.universal/ShaderLibrary/Core.hlsl'. at line 689

Compiling Subshader: 0, Pass: ShadowCaster, Vertex program with <no keywords>
Platform defines: SHADER_API_DESKTOP UNITY_COLORSPACE_GAMMA UNITY_ENABLE_DETAIL_NORMALMAP UNITY_ENABLE_REFLECTION_BUFFERS UNITY_LIGHTMAP_FULL_HDR UNITY_LIGHT_PROBE_PROXY_VOLUME UNITY_PASS_SHADOWCASTER UNITY_PBS_USE_BRDF1 UNITY_SPECCUBE_BLENDING UNITY_SPECCUBE_BOX_PROJECTION UNITY_USE_DITHER_MASK_FOR_ALPHABLENDED_SHADOWS
Disabled keywords: FOG_EXP FOG_EXP2 FOG_LINEAR INSTANCING_ON LOD_FADE_CROSSFADE SHADER_API_GLES30 UNITY_ASTC_NORMALMAP_ENCODING UNITY_ENABLE_NATIVE_SHADOW_LOOKUPS UNITY_FRAMEBUFFER_FETCH_AVAILABLE UNITY_HALF_PRECISION_FRAGMENT_SHADER_REGISTERS UNITY_HARDWARE_TIER1 UNITY_HARDWARE_TIER2 UNITY_HARDWARE_TIER3 UNITY_LIGHTMAP_DLDR_ENCODING UNITY_LIGHTMAP_RGBM_ENCODING UNITY_METAL_SHADOWS_USE_POINT_FILTERING UNITY_NO_DXT5nm UNITY_NO_FULL_STANDARD_SHADER UNITY_NO_SCREENSPACE_SHADOWS UNITY_PBS_USE_BRDF2 UNITY_PBS_USE_BRDF3 UNITY_PRETRANSFORM_TO_DISPLAY_ORIENTATION UNITY_UNIFIED_SHADER_PRECISION_MODEL UNITY_VIRTUAL_TEXTURING
Shader error in 'WorldMatURPFree': Couldn't open include file 'Packages/com.unity.render-pipelines.universal/ShaderLibrary/Core.hlsl'. at line 689

Compiling Subshader: 0, Pass: ShadowCaster, Vertex program with <no keywords>
Platform defines: SHADER_API_DESKTOP UNITY_COLORSPACE_GAMMA UNITY_ENABLE_DETAIL_NORMALMAP UNITY_ENABLE_REFLECTION_BUFFERS UNITY_LIGHTMAP_FULL_HDR UNITY_LIGHT_PROBE_PROXY_VOLUME UNITY_PASS_SHADOWCASTER UNITY_PBS_USE_BRDF1 UNITY_SPECCUBE_BLENDING UNITY_SPECCUBE_BOX_PROJECTION UNITY_USE_DITHER_MASK_FOR_ALPHABLENDED_SHADOWS
Disabled keywords: FOG_EXP FOG_EXP2 FOG_LINEAR INSTANCING_ON LOD_FADE_CROSSFADE SHADER_API_GLES30 UNITY_ASTC_NORMALMAP_ENCODING UNITY_ENABLE_NATIVE_SHADOW_LOOKUPS UNITY_FRAMEBUFFER_FETCH_AVAILABLE UNITY_HALF_PRECISION_FRAGMENT_SHADER_REGISTERS UNITY_HARDWARE_TIER1 UNITY_HARDWARE_TIER2 UNITY_HARDWARE_TIER3 UNITY_LIGHTMAP_DLDR_ENCODING UNITY_LIGHTMAP_RGBM_ENCODING UNITY_METAL_SHADOWS_USE_POINT_FILTERING UNITY_NO_DXT5nm UNITY_NO_FULL_STANDARD_SHADER UNITY_NO_SCREENSPACE_SHADOWS UNITY_PBS_USE_BRDF2 UNITY_PBS_USE_BRDF3 UNITY_PRETRANSFORM_TO_DISPLAY_ORIENTATION UNITY_UNIFIED_SHADER_PRECISION_MODEL UNITY_VIRTUAL_TEXTURING
Shader error in 'WorldMatURPFree': Couldn't open include file 'Packages/com.unity.render-pipelines.universal/ShaderLibrary/Core.hlsl'. at line 689

Compiling Subshader: 0, Pass: ShadowCaster, Vertex program with <no keywords>
Platform defines: SHADER_API_DESKTOP UNITY_COLORSPACE_GAMMA UNITY_ENABLE_DETAIL_NORMALMAP UNITY_ENABLE_REFLECTION_BUFFERS UNITY_LIGHTMAP_FULL_HDR UNITY_LIGHT_PROBE_PROXY_VOLUME UNITY_PASS_SHADOWCASTER UNITY_PBS_USE_BRDF1 UNITY_SPECCUBE_BLENDING UNITY_SPECCUBE_BOX_PROJECTION UNITY_USE_DITHER_MASK_FOR_ALPHABLENDED_SHADOWS
Disabled keywords: FOG_EXP FOG_EXP2 FOG_LINEAR INSTANCING_ON LOD_FADE_CROSSFADE SHADER_API_GLES30 UNITY_ASTC_NORMALMAP_ENCODING UNITY_ENABLE_NATIVE_SHADOW_LOOKUPS UNITY_FRAMEBUFFER_FETCH_AVAILABLE UNITY_HALF_PRECISION_FRAGMENT_SHADER_REGISTERS UNITY_HARDWARE_TIER1 UNITY_HARDWARE_TIER2 UNITY_HARDWARE_TIER3 UNITY_LIGHTMAP_DLDR_ENCODING UNITY_LIGHTMAP_RGBM_ENCODING UNITY_METAL_SHADOWS_USE_POINT_FILTERING UNITY_NO_DXT5nm UNITY_NO_FULL_STANDARD_SHADER UNITY_NO_SCREENSPACE_SHADOWS UNITY_PBS_USE_BRDF2 UNITY_PBS_USE_BRDF3 UNITY_PRETRANSFORM_TO_DISPLAY_ORIENTATION UNITY_UNIFIED_SHADER_PRECISION_MODEL UNITY_VIRTUAL_TEXTURING
 -> (artifact id: '966a3762a2f6c454ac48599937ce884b') in 0.043837 seconds 
Editor requested this worker to shutdown with reason: Scaling down because of idle timeout
AssetImportWorker is now disconnected from the server
Process exiting
Exiting without the bug reporter. Application will terminate with return code 0